Feb  3 00:05:43  192.168.11.101[MSWinEventLog#0110#011Security#011-#011土] 03 00:05:43 2024#0114656#011Microsoft-Windows-Security-Auditing#011J1#011N/A#011-#011192.168.11.101#011-#011オブジェクトに対するハンドルが要求されました。  サブジェクト: #011セキュリティ ID:#011#011S-1-5-21-796759982-425631752-4269433831-1001 #011アカウント名:#011#011J1 #011アカウント ドメイン:#011#011OPS11 #011ログオン ID:#011#0110x28DA7  オブジェクト: #011オブジェクト サーバー:#011#011Security #011オブジェクトの種類:#011#011Process #011オブジェクト名:#011#011\Device\HarddiskVolume4\Windows\System32\lsass.exe #011ハンドル ID:#011#0110x79c #011リソース属性:#011-  プロセス情報: #011プロセス ID:#011#0110x3cc #011プロセス名:#011#011C:\diasys\system\DIASYSGlobalCard.exe  アクセス要求情報: #011トランザクション ID:#011#011{00000000-0000-0000-0000-000000000000} #011アクセス:#011#011プロセス メモリからの読み取り #011#011#011#011プロセス情報の照会 #011#011#011#011未定義のアクセス (影響なし) ビット 12 #011#011#011#011 #011アクセス理由:#011#011- #011アクセス マスク:#011#0110x1410 #011アクセスの確認に使用した特権:#011- #011制限された SID 数:#0110
Feb  3 00:05:43  192.168.11.101[MSWinEventLog#0110#011Security#011-#011土] 03 00:05:43 2024#0114658#011Microsoft-Windows-Security-Auditing#011-#011N/A#011-#011192.168.11.101#011-#011オブジェクトに対するハンドルが閉じました。  サブジェクト: #011セキュリティ ID:#011#011S-1-5-21-796759982-425631752-4269433831-1001 #011アカウント名:#011#011J1 #011アカウント ドメイン:#011#011OPS11 #011ログオン ID:#011#0110x28DA7  オブジェクト: #011オブジェクト サーバー:#011#011Security #011ハンドル ID:#011#0110x13c8  プロセス情報: #011プロセス ID:#011#0110x3cc #011プロセス名:#011#011C:\diasys\system\DIASYSGlobalCard.exe
Feb  3 00:05:43  192.168.11.101[MSWinEventLog#0110#011Security#011-#011土] 03 00:05:43 2024#0114690#011Microsoft-Windows-Security-Auditing#011-#011N/A#011-#011192.168.11.101#011-#011オブジェクトに対するハンドルの複製が試行されました。  サブジェクト: #011セキュリティ ID:#011#011S-1-5-21-796759982-425631752-4269433831-1001 #011アカウント名:#011#011J1 #011アカウント ドメイン:#011#011OPS11 #011ログオン ID:#011#0110x28DA7  複製元ハンドル情報: #011複製元ハンドル ID:#0110x79c #011複製元プロセス ID:#0110x3cc  新しいハンドル情報: #011複製先ハンドル ID:#0110x13c8 #011複製先プロセス ID:#0110x4
Feb  3 00:05:43  192.168.11.101[MSWinEventLog#0110#011Security#011-#011土] 03 00:05:43 2024#0114703#011Microsoft-Windows-Security-Auditing#011-#011N/A#011-#011192.168.11.101#011-#011A token right was adjusted.  Subject: #011Security ID:#011#011S-1-5-21-796759982-425631752-4269433831-1001 #011Account Name:#011#011J1 #011Account Domain:#011#011OPS11 #011Logon ID:#011#0110x28DA7  Target Account: #011Security ID:#011#011S-1-0-0 #011Account Name:#011#011J1 #011Account Domain:#011#011OPS11 #011Logon ID:#011#0110x28DA7  Process Information: #011Process ID:#011#0110x3cc #011Process Name:#011#011C:\diasys\system\DIASYSGlobalCard.exe  Enabled Privileges: #011#011#011SeDebugPrivilege  Disabled Privileges: #011#011#011-
Feb  3 00:05:43  192.168.11.101[MSWinEventLog#0110#011Security#011-#011土] 03 00:05:43 2024#0115156#011Microsoft-Windows-Security-Auditing#011-#011N/A#011-#011192.168.11.101#011-#011Windows フィルターリング プラットフォームで、接続が許可されました。  アプリケーション情報: #011プロセス ID:#011#0112972 #011アプリケーション名:#011\device\harddiskvolume4\diasys\wsmanager.exe  ネットワーク情報: #011方向:#011#011#011着信 #011送信元アドレス:#011#011192.168.11.18 #011ソース ポート:#011#01149702 #011宛先アドレス:#011#011224.168.1.2 #011宛先ポート:#011#01159660 #011プロトコル:#011#01117  フィルター情報: #011フィルターの実行時 ID:#01167062 #011レイヤー名:#011#011受信/承諾 #011レイヤーの実行時 ID:#01144
Feb  3 00:05:43  192.168.11.101[MSWinEventLog#0110#011Security#011-#011土] 03 00:05:43 2024#0115156#011Microsoft-Windows-Security-Auditing#011-#011N/A#011-#011192.168.11.101#011-#011Windows フィルターリング プラットフォームで、接続が許可されました。  アプリケーション情報: #011プロセス ID:#011#0112972 #011アプリケーション名:#011\device\harddiskvolume4\diasys\wsmanager.exe  ネットワーク情報: #011方向:#011#011#011着信 #011送信元アドレス:#011#011192.168.11.32 #011ソース ポート:#011#01149678 #011宛先アドレス:#011#011224.168.1.2 #011宛先ポート:#011#01159660 #011プロトコル:#011#01117  フィルター情報: #011フィルターの実行時 ID:#01167062 #011レイヤー名:#011#011受信/承諾 #011レイヤーの実行時 ID:#01144
Feb  3 00:05:43  192.168.11.101[MSWinEventLog#0110#011Security#011-#011土] 03 00:05:43 2024#0115156#011Microsoft-Windows-Security-Auditing#011-#011N/A#011-#011192.168.11.101#011-#011Windows フィルターリング プラットフォームで、接続が許可されました。  アプリケーション情報: #011プロセス ID:#011#0112972 #011アプリケーション名:#011\device\harddiskvolume4\diasys\wsmanager.exe  ネットワーク情報: #011方向:#011#011#011着信 #011送信元アドレス:#011#011192.168.11.22 #011ソース ポート:#011#01149697 #011宛先アドレス:#011#011224.168.1.2 #011宛先ポート:#011#01159660 #011プロトコル:#011#01117  フィルター情報: #011フィルターの実行時 ID:#01167062 #011レイヤー名:#011#011受信/承諾 #011レイヤーの実行時 ID:#01144
Feb  3 00:05:43  192.168.11.101[MSWinEventLog#0110#011Security#011-#011土] 03 00:05:43 2024#0115156#011Microsoft-Windows-Security-Auditing#011-#011N/A#011-#011192.168.11.101#011-#011Windows フィルターリング プラットフォームで、接続が許可されました。  アプリケーション情報: #011プロセス ID:#011#011972 #011アプリケーション名:#011\device\harddiskvolume4\diasys\system\diasysglobalcard.exe  ネットワーク情報: #011方向:#011#011#011着信 #011送信元アドレス:#011#011192.168.11.18 #011ソース ポート:#011#01149701 #011宛先アドレス:#011#011224.168.1.1 #011宛先ポート:#011#01159680 #011プロトコル:#011#01117  フィルター情報: #011フィルターの実行時 ID:#01167062 #011レイヤー名:#011#011受信/承諾 #011レイヤーの実行時 ID:#01144
Feb  3 00:05:43  192.168.11.101[MSWinEventLog#0110#011Security#011-#011土] 03 00:05:43 2024#0115156#011Microsoft-Windows-Security-Auditing#011-#011N/A#011-#011192.168.11.101#011-#011Windows フィルターリング プラットフォームで、接続が許可されました。  アプリケーション情報: #011プロセス ID:#011#011972 #011アプリケーション名:#011\device\harddiskvolume4\diasys\system\diasysglobalcard.exe  ネットワーク情報: #011方向:#011#011#011着信 #011送信元アドレス:#011#011192.168.11.50 #011ソース ポート:#011#01149668 #011宛先アドレス:#011#011224.168.1.1 #011宛先ポート:#011#01159680 #011プロトコル:#011#01117  フィルター情報: #011フィルターの実行時 ID:#01167062 #011レイヤー名:#011#011受信/承諾 #011レイヤーの実行時 ID:#01144
Feb  3 00:05:43  192.168.11.101[MSWinEventLog#0110#011Security#011-#011土] 03 00:05:43 2024#0115156#011Microsoft-Windows-Security-Auditing#011-#011N/A#011-#011192.168.11.101#011-#011Windows フィルターリング プラットフォームで、接続が許可されました。  アプリケーション情報: #011プロセス ID:#011#011972 #011アプリケーション名:#011\device\harddiskvolume4\diasys\system\diasysglobalcard.exe  ネットワーク情報: #011方向:#011#011#011着信 #011送信元アドレス:#011#011192.168.11.26 #011ソース ポート:#011#01149690 #011宛先アドレス:#011#011224.168.1.1 #011宛先ポート:#011#01159680 #011プロトコル:#011#01117  フィルター情報: #011フィルターの実行時 ID:#01167062 #011レイヤー名:#011#011受信/承諾 #011レイヤーの実行時 ID:#01144
Feb  3 00:05:43  192.168.11.101[MSWinEventLog#0110#011Security#011-#011土] 03 00:05:43 2024#0115156#011Microsoft-Windows-Security-Auditing#011-#011N/A#011-#011192.168.11.101#011-#011Windows フィルターリング プラットフォームで、接続が許可されました。  アプリケーション情報: #011プロセス ID:#011#0112972 #011アプリケーション名:#011\device\harddiskvolume4\diasys\wsmanager.exe  ネットワーク情報: #011方向:#011#011#011着信 #011送信元アドレス:#011#011192.168.11.50 #011ソース ポート:#011#01149669 #011宛先アドレス:#011#011224.168.1.2 #011宛先ポート:#011#01159660 #011プロトコル:#011#01117  フィルター情報: #011フィルターの実行時 ID:#01167062 #011レイヤー名:#011#011受信/承諾 #011レイヤーの実行時 ID:#01144
Feb  3 00:05:43  192.168.11.101[MSWinEventLog#0110#011Security#011-#011土] 03 00:05:43 2024#0115156#011Microsoft-Windows-Security-Auditing#011-#011N/A#011-#011192.168.11.101#011-#011Windows フィルターリング プラットフォームで、接続が許可されました。  アプリケーション情報: #011プロセス ID:#011#0112972 #011アプリケーション名:#011\device\harddiskvolume4\diasys\wsmanager.exe  ネットワーク情報: #011方向:#011#011#011着信 #011送信元アドレス:#011#011192.168.11.24 #011ソース ポート:#011#01149709 #011宛先アドレス:#011#011224.168.1.2 #011宛先ポート:#011#01159660 #011プロトコル:#011#01117  フィルター情報: #011フィルターの実行時 ID:#01167062 #011レイヤー名:#011#011受信/承諾 #011レイヤーの実行時 ID:#01144
Feb  3 00:05:43  192.168.11.101[MSWinEventLog#0110#011Security#011-#011土] 03 00:05:43 2024#0115156#011Microsoft-Windows-Security-Auditing#011-#011N/A#011-#011192.168.11.101#011-#011Windows フィルターリング プラットフォームで、接続が許可されました。  アプリケーション情報: #011プロセス ID:#011#011972 #011アプリケーション名:#011\device\harddiskvolume4\diasys\system\diasysglobalcard.exe  ネットワーク情報: #011方向:#011#011#011着信 #011送信元アドレス:#011#011192.168.11.141 #011ソース ポート:#011#01152483 #011宛先アドレス:#011#011224.168.1.1 #011宛先ポート:#011#01159680 #011プロトコル:#011#01117  フィルター情報: #011フィルターの実行時 ID:#01167062 #011レイヤー名:#011#011受信/承諾 #011レイヤーの実行時 ID:#01144
Feb  3 00:05:43  192.168.11.101[MSWinEventLog#0110#011Security#011-#011土] message repeated 3 times: [03 00:05:43 2024#0115156#011Microsoft-Windows-Security-Auditing#011-#011N/A#011-#011192.168.11.101#011-#011Windows フィルターリング プラットフォームで、接続が許可されました。  アプリケーション情報: #011プロセス ID:#011#011972 #011アプリケーション名:#011\device\harddiskvolume4\diasys\system\diasysglobalcard.exe  ネットワーク情報: #011方向:#011#011#011着信 #011送信元アドレス:#011#011192.168.11.141 #011ソース ポート:#011#01152483 #011宛先アドレス:#011#011224.168.1.1 #011宛先ポート:#011#01159680 #011プロトコル:#011#01117  フィルター情報: #011フィルターの実行時 ID:#01167062 #011レイヤー名:#011#011受信/承諾 #011レイヤーの実行時 ID:#01144]
Feb  3 00:05:43  192.168.11.101[MSWinEventLog#0110#011Security#011-#011土] 03 00:05:43 2024#0115156#011Microsoft-Windows-Security-Auditing#011-#011N/A#011-#011192.168.11.101#011-#011Windows フィルターリング プラットフォームで、接続が許可されました。  アプリケーション情報: #011プロセス ID:#011#011972 #011アプリケーション名:#011\device\harddiskvolume4\diasys\system\diasysglobalcard.exe  ネットワーク情報: #011方向:#011#011#011着信 #011送信元アドレス:#011#011192.168.11.22 #011ソース ポート:#011#01149696 #011宛先アドレス:#011#011224.168.1.1 #011宛先ポート:#011#01159680 #011プロトコル:#011#01117  フィルター情報: #011フィルターの実行時 ID:#01167062 #011レイヤー名:#011#011受信/承諾 #011レイヤーの実行時 ID:#01144
Feb  3 00:05:43  192.168.11.101[MSWinEventLog#0110#011Security#011-#011土] 03 00:05:43 2024#0115156#011Microsoft-Windows-Security-Auditing#011-#011N/A#011-#011192.168.11.101#011-#011Windows フィルターリング プラットフォームで、接続が許可されました。  アプリケーション情報: #011プロセス ID:#011#0112972 #011アプリケーション名:#011\device\harddiskvolume4\diasys\wsmanager.exe  ネットワーク情報: #011方向:#011#011#011着信 #011送信元アドレス:#011#011192.168.11.20 #011ソース ポート:#011#01149703 #011宛先アドレス:#011#011224.168.1.2 #011宛先ポート:#011#01159660 #011プロトコル:#011#01117  フィルター情報: #011フィルターの実行時 ID:#01167062 #011レイヤー名:#011#011受信/承諾 #011レイヤーの実行時 ID:#01144
Feb  3 00:05:43  192.168.11.101[MSWinEventLog#0110#011Security#011-#011土] 03 00:05:43 2024#0115156#011Microsoft-Windows-Security-Auditing#011-#011N/A#011-#011192.168.11.101#011-#011Windows フィルターリング プラットフォームで、接続が許可されました。  アプリケーション情報: #011プロセス ID:#011#011972 #011アプリケーション名:#011\device\harddiskvolume4\diasys\system\diasysglobalcard.exe  ネットワーク情報: #011方向:#011#011#011着信 #011送信元アドレス:#011#011192.168.11.141 #011ソース ポート:#011#01152495 #011宛先アドレス:#011#011224.168.1.1 #011宛先ポート:#011#01159680 #011プロトコル:#011#01117  フィルター情報: #011フィルターの実行時 ID:#01167062 #011レイヤー名:#011#011受信/承諾 #011レイヤーの実行時 ID:#01144
Feb  3 00:05:43  192.168.11.101[MSWinEventLog#0110#011Security#011-#011土] message repeated 6 times: [03 00:05:43 2024#0115156#011Microsoft-Windows-Security-Auditing#011-#011N/A#011-#011192.168.11.101#011-#011Windows フィルターリング プラットフォームで、接続が許可されました。  アプリケーション情報: #011プロセス ID:#011#011972 #011アプリケーション名:#011\device\harddiskvolume4\diasys\system\diasysglobalcard.exe  ネットワーク情報: #011方向:#011#011#011着信 #011送信元アドレス:#011#011192.168.11.141 #011ソース ポート:#011#01152495 #011宛先アドレス:#011#011224.168.1.1 #011宛先ポート:#011#01159680 #011プロトコル:#011#01117  フィルター情報: #011フィルターの実行時 ID:#01167062 #011レイヤー名:#011#011受信/承諾 #011レイヤーの実行時 ID:#01144]
Feb  3 00:05:43  192.168.11.101[MSWinEventLog#0110#011Security#011-#011土] 03 00:05:43 2024#0115156#011Microsoft-Windows-Security-Auditing#011-#011N/A#011-#011192.168.11.101#011-#011Windows フィルターリング プラットフォームで、接続が許可されました。  アプリケーション情報: #011プロセス ID:#011#011972 #011アプリケーション名:#011\device\harddiskvolume4\diasys\system\diasysglobalcard.exe  ネットワーク情報: #011方向:#011#011#011着信 #011送信元アドレス:#011#011192.168.11.32 #011ソース ポート:#011#01149677 #011宛先アドレス:#011#011224.168.1.1 #011宛先ポート:#011#01159680 #011プロトコル:#011#01117  フィルター情報: #011フィルターの実行時 ID:#01167062 #011レイヤー名:#011#011受信/承諾 #011レイヤーの実行時 ID:#01144
Feb  3 00:05:43  192.168.11.101[MSWinEventLog#0110#011Security#011-#011土] 03 00:05:43 2024#0115156#011Microsoft-Windows-Security-Auditing#011-#011N/A#011-#011192.168.11.101#011-#011Windows フィルターリング プラットフォームで、接続が許可されました。  アプリケーション情報: #011プロセス ID:#011#011972 #011アプリケーション名:#011\device\harddiskvolume4\diasys\system\diasysglobalcard.exe  ネットワーク情報: #011方向:#011#011#011着信 #011送信元アドレス:#011#011192.168.11.20 #011ソース ポート:#011#01149700 #011宛先アドレス:#011#011224.168.1.1 #011宛先ポート:#011#01159680 #011プロトコル:#011#01117  フィルター情報: #011フィルターの実行時 ID:#01167062 #011レイヤー名:#011#011受信/承諾 #011レイヤーの実行時 ID:#01144
Feb  3 00:05:43  192.168.11.101[MSWinEventLog#0110#011Security#011-#011土] 03 00:05:43 2024#0115156#011Microsoft-Windows-Security-Auditing#011-#011N/A#011-#011192.168.11.101#011-#011Windows フィルターリング プラットフォームで、接続が許可されました。  アプリケーション情報: #011プロセス ID:#011#011972 #011アプリケーション名:#011\device\harddiskvolume4\diasys\system\diasysglobalcard.exe  ネットワーク情報: #011方向:#011#011#011着信 #011送信元アドレス:#011#011192.168.11.16 #011ソース ポート:#011#01149737 #011宛先アドレス:#011#011224.168.1.1 #011宛先ポート:#011#01159680 #011プロトコル:#011#01117  フィルター情報: #011フィルターの実行時 ID:#01167062 #011レイヤー名:#011#011受信/承諾 #011レイヤーの実行時 ID:#01144
Feb  3 00:05:43  192.168.11.101[MSWinEventLog#0110#011Security#011-#011土] 03 00:05:43 2024#0115156#011Microsoft-Windows-Security-Auditing#011-#011N/A#011-#011192.168.11.101#011-#011Windows フィルターリング プラットフォームで、接続が許可されました。  アプリケーション情報: #011プロセス ID:#011#011972 #011アプリケーション名:#011\device\harddiskvolume4\diasys\system\diasysglobalcard.exe  ネットワーク情報: #011方向:#011#011#011着信 #011送信元アドレス:#011#011192.168.11.24 #011ソース ポート:#011#01149708 #011宛先アドレス:#011#011224.168.1.1 #011宛先ポート:#011#01159680 #011プロトコル:#011#01117  フィルター情報: #011フィルターの実行時 ID:#01167062 #011レイヤー名:#011#011受信/承諾 #011レイヤーの実行時 ID:#01144
Feb  3 00:05:43  192.168.11.101[MSWinEventLog#0110#011Security#011-#011土] 03 00:05:43 2024#0115156#011Microsoft-Windows-Security-Auditing#011-#011N/A#011-#011192.168.11.101#011-#011Windows フィルターリング プラットフォームで、接続が許可されました。  アプリケーション情報: #011プロセス ID:#011#0112972 #011アプリケーション名:#011\device\harddiskvolume4\diasys\wsmanager.exe  ネットワーク情報: #011方向:#011#011#011着信 #011送信元アドレス:#011#011192.168.11.16 #011ソース ポート:#011#01149738 #011宛先アドレス:#011#011224.168.1.2 #011宛先ポート:#011#01159660 #011プロトコル:#011#01117  フィルター情報: #011フィルターの実行時 ID:#01167062 #011レイヤー名:#011#011受信/承諾 #011レイヤーの実行時 ID:#01144
Feb  3 00:05:43  192.168.11.101[MSWinEventLog#0110#011Security#011-#011土] 03 00:05:43 2024#0115156#011Microsoft-Windows-Security-Auditing#011-#011N/A#011-#011192.168.11.101#011-#011Windows フィルターリング プラットフォームで、接続が許可されました。  アプリケーション情報: #011プロセス ID:#011#0112972 #011アプリケーション名:#011\device\harddiskvolume4\diasys\wsmanager.exe  ネットワーク情報: #011方向:#011#011#011着信 #011送信元アドレス:#011#011192.168.11.26 #011ソース ポート:#011#01149691 #011宛先アドレス:#011#011224.168.1.2 #011宛先ポート:#011#01159660 #011プロトコル:#011#01117  フィルター情報: #011フィルターの実行時 ID:#01167062 #011レイヤー名:#011#011受信/承諾 #011レイヤーの実行時 ID:#01144
Feb  3 00:05:42  192.168.11.101[MSWinEventLog#0110#011Security#011-#011土] 03 00:05:42 2024#0115156#011Microsoft-Windows-Security-Auditing#011-#011N/A#011-#011192.168.11.101#011-#011Windows フィルターリング プラットフォームで、接続が許可されました。  アプリケーション情報: #011プロセス ID:#011#011972 #011アプリケーション名:#011\device\harddiskvolume4\diasys\system\diasysglobalcard.exe  ネットワーク情報: #011方向:#011#011#011着信 #011送信元アドレス:#011#011192.168.11.101 #011ソース ポート:#011#01152487 #011宛先アドレス:#011#011224.168.1.1 #011宛先ポート:#011#01159680 #011プロトコル:#011#01117  フィルター情報: #011フィルターの実行時 ID:#01165841 #011レイヤー名:#011#011受信/承諾 #011レイヤーの実行時 ID:#01144
Feb  4 01:05:36  192.168.11.101[MSWinEventLog#0110#011Security#011-#011日] 04 01:05:36 2024#0114658#011Microsoft-Windows-Security-Auditing#011-#011N/A#011-#011192.168.11.101#011-#011オブジェクトに対するハンドルが閉じました。  サブジェクト: #011セキュリティ ID:#011#011S-1-5-21-796759982-425631752-4269433831-1001 #011アカウント名:#011#011J1 #011アカウント ドメイン:#011#011OPS11 #011ログオン ID:#011#0110x28DA7  オブジェクト: #011オブジェクト サーバー:#011#011Security #011ハンドル ID:#011#0110xa84  プロセス情報: #011プロセス ID:#011#0110x3cc #011プロセス名:#011#011C:\diasys\system\DIASYSGlobalCard.exe
Feb  4 01:05:36  192.168.11.101[MSWinEventLog#0110#011Security#011-#011日] 04 01:05:36 2024#0114690#011Microsoft-Windows-Security-Auditing#011-#011N/A#011-#011192.168.11.101#011-#011オブジェクトに対するハンドルの複製が試行されました。  サブジェクト: #011セキュリティ ID:#011#011S-1-5-21-796759982-425631752-4269433831-1001 #011アカウント名:#011#011J1 #011アカウント ドメイン:#011#011OPS11 #011ログオン ID:#011#0110x28DA7  複製元ハンドル情報: #011複製元ハンドル ID:#0110x788 #011複製元プロセス ID:#0110x3cc  新しいハンドル情報: #011複製先ハンドル ID:#0110xa84 #011複製先プロセス ID:#0110x4
Feb  4 01:05:36  192.168.11.101[MSWinEventLog#0110#011Security#011-#011日] 04 01:05:36 2024#0114703#011Microsoft-Windows-Security-Auditing#011-#011N/A#011-#011192.168.11.101#011-#011A token right was adjusted.  Subject: #011Security ID:#011#011S-1-5-21-796759982-425631752-4269433831-1001 #011Account Name:#011#011J1 #011Account Domain:#011#011OPS11 #011Logon ID:#011#0110x28DA7  Target Account: #011Security ID:#011#011S-1-0-0 #011Account Name:#011#011J1 #011Account Domain:#011#011OPS11 #011Logon ID:#011#0110x28DA7  Process Information: #011Process ID:#011#0110x3cc #011Process Name:#011#011C:\diasys\system\DIASYSGlobalCard.exe  Enabled Privileges: #011#011#011SeDebugPrivilege  Disabled Privileges: #011#011#011-
Feb  4 01:05:36  192.168.11.101[MSWinEventLog#0110#011Security#011-#011日] 04 01:05:36 2024#0115156#011Microsoft-Windows-Security-Auditing#011-#011N/A#011-#011192.168.11.101#011-#011Windows フィルターリング プラットフォームで、接続が許可されました。  アプリケーション情報: #011プロセス ID:#011#011972 #011アプリケーション名:#011\device\harddiskvolume4\diasys\system\diasysglobalcard.exe  ネットワーク情報: #011方向:#011#011#011着信 #011送信元アドレス:#011#011192.168.11.32 #011ソース ポート:#011#01149677 #011宛先アドレス:#011#011224.168.1.1 #011宛先ポート:#011#01159680 #011プロトコル:#011#01117  フィルター情報: #011フィルターの実行時 ID:#01167062 #011レイヤー名:#011#011受信/承諾 #011レイヤーの実行時 ID:#01144
Feb  4 01:05:36  192.168.11.101[MSWinEventLog#0110#011Security#011-#011日] 04 01:05:36 2024#0115156#011Microsoft-Windows-Security-Auditing#011-#011N/A#011-#011192.168.11.101#011-#011Windows フィルターリング プラットフォームで、接続が許可されました。  アプリケーション情報: #011プロセス ID:#011#011972 #011アプリケーション名:#011\device\harddiskvolume4\diasys\system\diasysglobalcard.exe  ネットワーク情報: #011方向:#011#011#011着信 #011送信元アドレス:#011#011192.168.11.24 #011ソース ポート:#011#01149708 #011宛先アドレス:#011#011224.168.1.1 #011宛先ポート:#011#01159680 #011プロトコル:#011#01117  フィルター情報: #011フィルターの実行時 ID:#01167062 #011レイヤー名:#011#011受信/承諾 #011レイヤーの実行時 ID:#01144
Feb  4 01:05:36  192.168.11.101[MSWinEventLog#0110#011Security#011-#011日] 04 01:05:36 2024#0115156#011Microsoft-Windows-Security-Auditing#011-#011N/A#011-#011192.168.11.101#011-#011Windows フィルターリング プラットフォームで、接続が許可されました。  アプリケーション情報: #011プロセス ID:#011#011972 #011アプリケーション名:#011\device\harddiskvolume4\diasys\system\diasysglobalcard.exe  ネットワーク情報: #011方向:#011#011#011着信 #011送信元アドレス:#011#011192.168.11.50 #011ソース ポート:#011#01149668 #011宛先アドレス:#011#011224.168.1.1 #011宛先ポート:#011#01159680 #011プロトコル:#011#01117  フィルター情報: #011フィルターの実行時 ID:#01167062 #011レイヤー名:#011#011受信/承諾 #011レイヤーの実行時 ID:#01144
Feb  4 01:05:36  192.168.11.101[MSWinEventLog#0110#011Security#011-#011日] 04 01:05:36 2024#0114703#011Microsoft-Windows-Security-Auditing#011-#011N/A#011-#011192.168.11.101#011-#011A token right was adjusted.  Subject: #011Security ID:#011#011S-1-5-18 #011Account Name:#011#011OPS11$ #011Account Domain:#011#011J1 #011Logon ID:#011#0110x3E7  Target Account: #011Security ID:#011#011S-1-0-0 #011Account Name:#011#011OPS11$ #011Account Domain:#011#011J1 #011Logon ID:#011#0110x3E7  Process Information: #011Process ID:#011#0110x3b0 #011Process Name:#011#011C:\Windows\System32\svchost.exe  Enabled Privileges: #011#011#011SeAssignPrimaryTokenPrivilege #011#011#011SeIncreaseQuotaPrivilege #011#011#011SeSecurityPrivilege #011#011#011SeTakeOwnershipPrivilege #011#011#011SeLoadDriverPrivilege #011#011#011SeSystemtimePrivilege #011#011#011SeBackupPrivilege #011#011#011SeRestorePrivilege #011#011#011SeShutdownPrivilege #011#011#011SeSystemEnvironmentPrivilege #011#011#011SeUndockPrivilege #011#011#011SeManageVolumePrivilege  Disabled Privileges: #011#011#011-
Feb  4 01:05:36  192.168.11.101[MSWinEventLog#0110#011Security#011-#011日] message repeated 10 times: [04 01:05:36 2024#0114703#011Microsoft-Windows-Security-Auditing#011-#011N/A#011-#011192.168.11.101#011-#011A token right was adjusted.  Subject: #011Security ID:#011#011S-1-5-18 #011Account Name:#011#011OPS11$ #011Account Domain:#011#011J1 #011Logon ID:#011#0110x3E7  Target Account: #011Security ID:#011#011S-1-0-0 #011Account Name:#011#011OPS11$ #011Account Domain:#011#011J1 #011Logon ID:#011#0110x3E7  Process Information: #011Process ID:#011#0110x3b0 #011Process Name:#011#011C:\Windows\System32\svchost.exe  Enabled Privileges: #011#011#011SeAssignPrimaryTokenPrivilege #011#011#011SeIncreaseQuotaPrivilege #011#011#011SeSecurityPrivilege #011#011#011SeTakeOwnershipPrivilege #011#011#011SeLoadDriverPrivilege #011#011#011SeSystemtimePrivilege #011#011#011SeBackupPrivilege #011#011#011SeRestor]
Feb  4 01:05:36  192.168.11.101[MSWinEventLog#0110#011Security#011-#011日] 04 01:05:36 2024#0115156#011Microsoft-Windows-Security-Auditing#011-#011N/A#011-#011192.168.11.101#011-#011Windows フィルターリング プラットフォームで、接続が許可されました。  アプリケーション情報: #011プロセス ID:#011#011972 #011アプリケーション名:#011\device\harddiskvolume4\diasys\system\diasysglobalcard.exe  ネットワーク情報: #011方向:#011#011#011着信 #011送信元アドレス:#011#011192.168.11.141 #011ソース ポート:#011#01152483 #011宛先アドレス:#011#011224.168.1.1 #011宛先ポート:#011#01159680 #011プロトコル:#011#01117  フィルター情報: #011フィルターの実行時 ID:#01167062 #011レイヤー名:#011#011受信/承諾 #011レイヤーの実行時 ID:#01144
Feb  4 01:05:36  192.168.11.101[MSWinEventLog#0110#011Security#011-#011日] message repeated 3 times: [04 01:05:36 2024#0115156#011Microsoft-Windows-Security-Auditing#011-#011N/A#011-#011192.168.11.101#011-#011Windows フィルターリング プラットフォームで、接続が許可されました。  アプリケーション情報: #011プロセス ID:#011#011972 #011アプリケーション名:#011\device\harddiskvolume4\diasys\system\diasysglobalcard.exe  ネットワーク情報: #011方向:#011#011#011着信 #011送信元アドレス:#011#011192.168.11.141 #011ソース ポート:#011#01152483 #011宛先アドレス:#011#011224.168.1.1 #011宛先ポート:#011#01159680 #011プロトコル:#011#01117  フィルター情報: #011フィルターの実行時 ID:#01167062 #011レイヤー名:#011#011受信/承諾 #011レイヤーの実行時 ID:#01144]
Feb  4 01:05:36  192.168.11.101[MSWinEventLog#0110#011Security#011-#011日] 04 01:05:36 2024#0115156#011Microsoft-Windows-Security-Auditing#011-#011N/A#011-#011192.168.11.101#011-#011Windows フィルターリング プラットフォームで、接続が許可されました。  アプリケーション情報: #011プロセス ID:#011#0112972 #011アプリケーション名:#011\device\harddiskvolume4\diasys\wsmanager.exe  ネットワーク情報: #011方向:#011#011#011着信 #011送信元アドレス:#011#011192.168.11.24 #011ソース ポート:#011#01149709 #011宛先アドレス:#011#011224.168.1.2 #011宛先ポート:#011#01159660 #011プロトコル:#011#01117  フィルター情報: #011フィルターの実行時 ID:#01167062 #011レイヤー名:#011#011受信/承諾 #011レイヤーの実行時 ID:#01144
Feb  4 01:05:36  192.168.11.101[MSWinEventLog#0110#011Security#011-#011日] 04 01:05:36 2024#0115156#011Microsoft-Windows-Security-Auditing#011-#011N/A#011-#011192.168.11.101#011-#011Windows フィルターリング プラットフォームで、接続が許可されました。  アプリケーション情報: #011プロセス ID:#011#0112972 #011アプリケーション名:#011\device\harddiskvolume4\diasys\wsmanager.exe  ネットワーク情報: #011方向:#011#011#011着信 #011送信元アドレス:#011#011192.168.11.18 #011ソース ポート:#011#01149702 #011宛先アドレス:#011#011224.168.1.2 #011宛先ポート:#011#01159660 #011プロトコル:#011#01117  フィルター情報: #011フィルターの実行時 ID:#01167062 #011レイヤー名:#011#011受信/承諾 #011レイヤーの実行時 ID:#01144
Feb  4 01:05:36  192.168.11.101[MSWinEventLog#0110#011Security#011-#011日] 04 01:05:36 2024#0115156#011Microsoft-Windows-Security-Auditing#011-#011N/A#011-#011192.168.11.101#011-#011Windows フィルターリング プラットフォームで、接続が許可されました。  アプリケーション情報: #011プロセス ID:#011#0112972 #011アプリケーション名:#011\device\harddiskvolume4\diasys\wsmanager.exe  ネットワーク情報: #011方向:#011#011#011着信 #011送信元アドレス:#011#011192.168.11.32 #011ソース ポート:#011#01149678 #011宛先アドレス:#011#011224.168.1.2 #011宛先ポート:#011#01159660 #011プロトコル:#011#01117  フィルター情報: #011フィルターの実行時 ID:#01167062 #011レイヤー名:#011#011受信/承諾 #011レイヤーの実行時 ID:#01144
Feb  4 01:05:36  192.168.11.101[MSWinEventLog#0110#011Security#011-#011日] 04 01:05:36 2024#0115156#011Microsoft-Windows-Security-Auditing#011-#011N/A#011-#011192.168.11.101#011-#011Windows フィルターリング プラットフォームで、接続が許可されました。  アプリケーション情報: #011プロセス ID:#011#011972 #011アプリケーション名:#011\device\harddiskvolume4\diasys\system\diasysglobalcard.exe  ネットワーク情報: #011方向:#011#011#011着信 #011送信元アドレス:#011#011192.168.11.18 #011ソース ポート:#011#01149701 #011宛先アドレス:#011#011224.168.1.1 #011宛先ポート:#011#01159680 #011プロトコル:#011#01117  フィルター情報: #011フィルターの実行時 ID:#01167062 #011レイヤー名:#011#011受信/承諾 #011レイヤーの実行時 ID:#01144
Feb  4 01:05:36  192.168.11.101[MSWinEventLog#0110#011Security#011-#011日] 04 01:05:36 2024#0115156#011Microsoft-Windows-Security-Auditing#011-#011N/A#011-#011192.168.11.101#011-#011Windows フィルターリング プラットフォームで、接続が許可されました。  アプリケーション情報: #011プロセス ID:#011#0112972 #011アプリケーション名:#011\device\harddiskvolume4\diasys\wsmanager.exe  ネットワーク情報: #011方向:#011#011#011着信 #011送信元アドレス:#011#011192.168.11.16 #011ソース ポート:#011#01149738 #011宛先アドレス:#011#011224.168.1.2 #011宛先ポート:#011#01159660 #011プロトコル:#011#01117  フィルター情報: #011フィルターの実行時 ID:#01167062 #011レイヤー名:#011#011受信/承諾 #011レイヤーの実行時 ID:#01144
Feb  4 01:05:36  192.168.11.101[MSWinEventLog#0110#011Security#011-#011日] 04 01:05:36 2024#0115156#011Microsoft-Windows-Security-Auditing#011-#011N/A#011-#011192.168.11.101#011-#011Windows フィルターリング プラットフォームで、接続が許可されました。  アプリケーション情報: #011プロセス ID:#011#0112972 #011アプリケーション名:#011\device\harddiskvolume4\diasys\wsmanager.exe  ネットワーク情報: #011方向:#011#011#011着信 #011送信元アドレス:#011#011192.168.11.20 #011ソース ポート:#011#01149703 #011宛先アドレス:#011#011224.168.1.2 #011宛先ポート:#011#01159660 #011プロトコル:#011#01117  フィルター情報: #011フィルターの実行時 ID:#01167062 #011レイヤー名:#011#011受信/承諾 #011レイヤーの実行時 ID:#01144
Feb  4 01:05:35  192.168.11.101[MSWinEventLog#0110#011Security#011-#011日] 04 01:05:35 2024#0115156#011Microsoft-Windows-Security-Auditing#011-#011N/A#011-#011192.168.11.101#011-#011Windows フィルターリング プラットフォームで、接続が許可されました。  アプリケーション情報: #011プロセス ID:#011#0112972 #011アプリケーション名:#011\device\harddiskvolume4\diasys\wsmanager.exe  ネットワーク情報: #011方向:#011#011#011着信 #011送信元アドレス:#011#011192.168.11.50 #011ソース ポート:#011#01149669 #011宛先アドレス:#011#011224.168.1.2 #011宛先ポート:#011#01159660 #011プロトコル:#011#01117  フィルター情報: #011フィルターの実行時 ID:#01167062 #011レイヤー名:#011#011受信/承諾 #011レイヤーの実行時 ID:#01144
Feb  4 01:05:35  192.168.11.101[MSWinEventLog#0110#011Security#011-#011日] 04 01:05:35 2024#0115156#011Microsoft-Windows-Security-Auditing#011-#011N/A#011-#011192.168.11.101#011-#011Windows フィルターリング プラットフォームで、接続が許可されました。  アプリケーション情報: #011プロセス ID:#011#011972 #011アプリケーション名:#011\device\harddiskvolume4\diasys\system\diasysglobalcard.exe  ネットワーク情報: #011方向:#011#011#011着信 #011送信元アドレス:#011#011192.168.11.101 #011ソース ポート:#011#01152487 #011宛先アドレス:#011#011224.168.1.1 #011宛先ポート:#011#01159680 #011プロトコル:#011#01117  フィルター情報: #011フィルターの実行時 ID:#01165841 #011レイヤー名:#011#011受信/承諾 #011レイヤーの実行時 ID:#01144
Feb  4 01:05:35  192.168.11.101[MSWinEventLog#0110#011Security#011-#011日] 04 01:05:35 2024#0114703#011Microsoft-Windows-Security-Auditing#011-#011N/A#011-#011192.168.11.101#011-#011A token right was adjusted.  Subject: #011Security ID:#011#011S-1-5-21-796759982-425631752-4269433831-1001 #011Account Name:#011#011J1 #011Account Domain:#011#011OPS11 #011Logon ID:#011#0110x28DA7  Target Account: #011Security ID:#011#011S-1-0-0 #011Account Name:#011#011J1 #011Account Domain:#011#011OPS11 #011Logon ID:#011#0110x28DA7  Process Information: #011Process ID:#011#0110x3cc #011Process Name:#011#011C:\diasys\system\DIASYSGlobalCard.exe  Enabled Privileges: #011#011#011-  Disabled Privileges: #011#011#011SeDebugPrivilege
Feb  4 01:05:35  192.168.11.101[MSWinEventLog#0110#011Security#011-#011日] 04 01:05:35 2024#0114658#011Microsoft-Windows-Security-Auditing#011-#011N/A#011-#011192.168.11.101#011-#011オブジェクトに対するハンドルが閉じました。  サブジェクト: #011セキュリティ ID:#011#011S-1-5-21-796759982-425631752-4269433831-1001 #011アカウント名:#011#011J1 #011アカウント ドメイン:#011#011OPS11 #011ログオン ID:#011#0110x28DA7  オブジェクト: #011オブジェクト サーバー:#011#011Security #011ハンドル ID:#011#0110x7fc  プロセス情報: #011プロセス ID:#011#0110x3cc #011プロセス名:#011#011C:\diasys\system\DIASYSGlobalCard.exe
Feb  4 01:05:35  192.168.11.101[MSWinEventLog#0110#011Security#011-#011日] 04 01:05:35 2024#0114663#011Microsoft-Windows-Security-Auditing#011J1#011N/A#011-#011192.168.11.101#011-#011オブジェクトへのアクセスが試行されました。  サブジェクト: #011セキュリティ ID:#011#011S-1-5-21-796759982-425631752-4269433831-1001 #011アカウント名:#011#011J1 #011アカウント ドメイン:#011#011OPS11 #011ログオン ID:#011#0110x28DA7  オブジェクト: #011オブジェクト サーバー:#011#011Security #011オブジェクトの種類:#011#011Process #011オブジェクト名:#011#011\Device\HarddiskVolume4\Windows\System32\lsass.exe #011ハンドル ID:#011#0110x7fc #011リソース属性:#011-  プロセス情報: #011プロセス ID:#011#0110x3cc #011プロセス名:#011#011C:\diasys\system\DIASYSGlobalCard.exe  アクセス要求情報: #011アクセス:#011#011プロセス メモリからの読み取り #011#011#011#011 #011アクセス マスク:#011#0110x10
Feb  4 01:05:35  192.168.11.101[MSWinEventLog#0110#011Security#011-#011日] 04 01:05:35 2024#0114656#011Microsoft-Windows-Security-Auditing#011J1#011N/A#011-#011192.168.11.101#011-#011オブジェクトに対するハンドルが要求されました。  サブジェクト: #011セキュリティ ID:#011#011S-1-5-21-796759982-425631752-4269433831-1001 #011アカウント名:#011#011J1 #011アカウント ドメイン:#011#011OPS11 #011ログオン ID:#011#0110x28DA7  オブジェクト: #011オブジェクト サーバー:#011#011Security #011オブジェクトの種類:#011#011Process #011オブジェクト名:#011#011\Device\HarddiskVolume4\Windows\System32\lsass.exe #011ハンドル ID:#011#0110x7fc #011リソース属性:#011-  プロセス情報: #011プロセス ID:#011#0110x3cc #011プロセス名:#011#011C:\diasys\system\DIASYSGlobalCard.exe  アクセス要求情報: #011トランザクション ID:#011#011{00000000-0000-0000-0000-000000000000} #011アクセス:#011#011プロセス メモリからの読み取り #011#011#011#011プロセス情報の照会 #011#011#011#011未定義のアクセス (影響なし) ビット 12 #011#011#011#011 #011アクセス理由:#011#011- #011アクセス マスク:#011#0110x1410 #011アクセスの確認に使用した特権:#011- #011制限された SID 数:#0110
Feb  4 01:05:35  192.168.11.101[MSWinEventLog#0110#011Security#011-#011日] 04 01:05:35 2024#0114658#011Microsoft-Windows-Security-Auditing#011-#011N/A#011-#011192.168.11.101#011-#011オブジェクトに対するハンドルが閉じました。  サブジェクト: #011セキュリティ ID:#011#011S-1-5-21-796759982-425631752-4269433831-1001 #011アカウント名:#011#011J1 #011アカウント ドメイン:#011#011OPS11 #011ログオン ID:#011#0110x28DA7  オブジェクト: #011オブジェクト サーバー:#011#011Security #011ハンドル ID:#011#0110xf60  プロセス情報: #011プロセス ID:#011#0110x3cc #011プロセス名:#011#011C:\diasys\system\DIASYSGlobalCard.exe
Feb  4 01:05:35  192.168.11.101[MSWinEventLog#0110#011Security#011-#011日] 04 01:05:35 2024#0114690#011Microsoft-Windows-Security-Auditing#011-#011N/A#011-#011192.168.11.101#011-#011オブジェクトに対するハンドルの複製が試行されました。  サブジェクト: #011セキュリティ ID:#011#011S-1-5-21-796759982-425631752-4269433831-1001 #011アカウント名:#011#011J1 #011アカウント ドメイン:#011#011OPS11 #011ログオン ID:#011#0110x28DA7  複製元ハンドル情報: #011複製元ハンドル ID:#0110x7fc #011複製元プロセス ID:#0110x3cc  新しいハンドル情報: #011複製先ハンドル ID:#0110xf60 #011複製先プロセス ID:#0110x4
Feb  4 01:05:35  192.168.11.101[MSWinEventLog#0110#011Security#011-#011日] 04 01:05:35 2024#0114703#011Microsoft-Windows-Security-Auditing#011-#011N/A#011-#011192.168.11.101#011-#011A token right was adjusted.  Subject: #011Security ID:#011#011S-1-5-21-796759982-425631752-4269433831-1001 #011Account Name:#011#011J1 #011Account Domain:#011#011OPS11 #011Logon ID:#011#0110x28DA7  Target Account: #011Security ID:#011#011S-1-0-0 #011Account Name:#011#011J1 #011Account Domain:#011#011OPS11 #011Logon ID:#011#0110x28DA7  Process Information: #011Process ID:#011#0110x3cc #011Process Name:#011#011C:\diasys\system\DIASYSGlobalCard.exe  Enabled Privileges: #011#011#011SeDebugPrivilege  Disabled Privileges: #011#011#011-
Feb  4 01:05:35  192.168.11.101[MSWinEventLog#0110#011Security#011-#011日] 04 01:05:35 2024#0115156#011Microsoft-Windows-Security-Auditing#011-#011N/A#011-#011192.168.11.101#011-#011Windows フィルターリング プラットフォームで、接続が許可されました。  アプリケーション情報: #011プロセス ID:#011#011972 #011アプリケーション名:#011\device\harddiskvolume4\diasys\system\diasysglobalcard.exe  ネットワーク情報: #011方向:#011#011#011着信 #011送信元アドレス:#011#011192.168.11.26 #011ソース ポート:#011#01149690 #011宛先アドレス:#011#011224.168.1.1 #011宛先ポート:#011#01159680 #011プロトコル:#011#01117  フィルター情報: #011フィルターの実行時 ID:#01167062 #011レイヤー名:#011#011受信/承諾 #011レイヤーの実行時 ID:#01144
Feb  4 01:05:35  192.168.11.101[MSWinEventLog#0110#011Security#011-#011日] 04 01:05:35 2024#0115156#011Microsoft-Windows-Security-Auditing#011-#011N/A#011-#011192.168.11.101#011-#011Windows フィルターリング プラットフォームで、接続が許可されました。  アプリケーション情報: #011プロセス ID:#011#011972 #011アプリケーション名:#011\device\harddiskvolume4\diasys\system\diasysglobalcard.exe  ネットワーク情報: #011方向:#011#011#011着信 #011送信元アドレス:#011#011192.168.11.20 #011ソース ポート:#011#01149700 #011宛先アドレス:#011#011224.168.1.1 #011宛先ポート:#011#01159680 #011プロトコル:#011#01117  フィルター情報: #011フィルターの実行時 ID:#01167062 #011レイヤー名:#011#011受信/承諾 #011レイヤーの実行時 ID:#01144
Feb  4 01:05:35  192.168.11.101[MSWinEventLog#0110#011Security#011-#011日] 04 01:05:35 2024#0115156#011Microsoft-Windows-Security-Auditing#011-#011N/A#011-#011192.168.11.101#011-#011Windows フィルターリング プラットフォームで、接続が許可されました。  アプリケーション情報: #011プロセス ID:#011#011972 #011アプリケーション名:#011\device\harddiskvolume4\diasys\system\diasysglobalcard.exe  ネットワーク情報: #011方向:#011#011#011着信 #011送信元アドレス:#011#011192.168.11.16 #011ソース ポート:#011#01149737 #011宛先アドレス:#011#011224.168.1.1 #011宛先ポート:#011#01159680 #011プロトコル:#011#01117  フィルター情報: #011フィルターの実行時 ID:#01167062 #011レイヤー名:#011#011受信/承諾 #011レイヤーの実行時 ID:#01144
Feb  4 01:05:35  192.168.11.101[MSWinEventLog#0110#011Security#011-#011日] 04 01:05:35 2024#0115156#011Microsoft-Windows-Security-Auditing#011-#011N/A#011-#011192.168.11.101#011-#011Windows フィルターリング プラットフォームで、接続が許可されました。  アプリケーション情報: #011プロセス ID:#011#011972 #011アプリケーション名:#011\device\harddiskvolume4\diasys\system\diasysglobalcard.exe  ネットワーク情報: #011方向:#011#011#011着信 #011送信元アドレス:#011#011192.168.11.141 #011ソース ポート:#011#01152495 #011宛先アドレス:#011#011224.168.1.1 #011宛先ポート:#011#01159680 #011プロトコル:#011#01117  フィルター情報: #011フィルターの実行時 ID:#01167062 #011レイヤー名:#011#011受信/承諾 #011レイヤーの実行時 ID:#01144
Feb  4 01:05:35  192.168.11.101[MSWinEventLog#0110#011Security#011-#011日] message repeated 6 times: [04 01:05:35 2024#0115156#011Microsoft-Windows-Security-Auditing#011-#011N/A#011-#011192.168.11.101#011-#011Windows フィルターリング プラットフォームで、接続が許可されました。  アプリケーション情報: #011プロセス ID:#011#011972 #011アプリケーション名:#011\device\harddiskvolume4\diasys\system\diasysglobalcard.exe  ネットワーク情報: #011方向:#011#011#011着信 #011送信元アドレス:#011#011192.168.11.141 #011ソース ポート:#011#01152495 #011宛先アドレス:#011#011224.168.1.1 #011宛先ポート:#011#01159680 #011プロトコル:#011#01117  フィルター情報: #011フィルターの実行時 ID:#01167062 #011レイヤー名:#011#011受信/承諾 #011レイヤーの実行時 ID:#01144]
Feb  4 01:05:35  192.168.11.101[MSWinEventLog#0110#011Security#011-#011日] 04 01:05:35 2024#0115156#011Microsoft-Windows-Security-Auditing#011-#011N/A#011-#011192.168.11.101#011-#011Windows フィルターリング プラットフォームで、接続が許可されました。  アプリケーション情報: #011プロセス ID:#011#011972 #011アプリケーション名:#011\device\harddiskvolume4\diasys\system\diasysglobalcard.exe  ネットワーク情報: #011方向:#011#011#011着信 #011送信元アドレス:#011#011192.168.11.22 #011ソース ポート:#011#01149696 #011宛先アドレス:#011#011224.168.1.1 #011宛先ポート:#011#01159680 #011プロトコル:#011#01117  フィルター情報: #011フィルターの実行時 ID:#01167062 #011レイヤー名:#011#011受信/承諾 #011レイヤーの実行時 ID:#01144
Feb  4 01:05:35  192.168.11.101[MSWinEventLog#0110#011Security#011-#011日] 04 01:05:35 2024#0115156#011Microsoft-Windows-Security-Auditing#011-#011N/A#011-#011192.168.11.101#011-#011Windows フィルターリング プラットフォームで、接続が許可されました。  アプリケーション情報: #011プロセス ID:#011#0112972 #011アプリケーション名:#011\device\harddiskvolume4\diasys\wsmanager.exe  ネットワーク情報: #011方向:#011#011#011着信 #011送信元アドレス:#011#011192.168.11.26 #011ソース ポート:#011#01149691 #011宛先アドレス:#011#011224.168.1.2 #011宛先ポート:#011#01159660 #011プロトコル:#011#01117  フィルター情報: #011フィルターの実行時 ID:#01167062 #011レイヤー名:#011#011受信/承諾 #011レイヤーの実行時 ID:#01144
Feb  4 01:05:35  192.168.11.101[MSWinEventLog#0110#011Security#011-#011日] 04 01:05:35 2024#0115156#011Microsoft-Windows-Security-Auditing#011-#011N/A#011-#011192.168.11.101#011-#011Windows フィルターリング プラットフォームで、接続が許可されました。  アプリケーション情報: #011プロセス ID:#011#011972 #011アプリケーション名:#011\device\harddiskvolume4\diasys\system\diasysglobalcard.exe  ネットワーク情報: #011方向:#011#011#011着信 #011送信元アドレス:#011#011192.168.11.32 #011ソース ポート:#011#01149677 #011宛先アドレス:#011#011224.168.1.1 #011宛先ポート:#011#01159680 #011プロトコル:#011#01117  フィルター情報: #011フィルターの実行時 ID:#01167062 #011レイヤー名:#011#011受信/承諾 #011レイヤーの実行時 ID:#01144
Feb  4 01:05:35  192.168.11.101[MSWinEventLog#0110#011Security#011-#011日] 04 01:05:35 2024#0115156#011Microsoft-Windows-Security-Auditing#011-#011N/A#011-#011192.168.11.101#011-#011Windows フィルターリング プラットフォームで、接続が許可されました。  アプリケーション情報: #011プロセス ID:#011#011972 #011アプリケーション名:#011\device\harddiskvolume4\diasys\system\diasysglobalcard.exe  ネットワーク情報: #011方向:#011#011#011着信 #011送信元アドレス:#011#011192.168.11.50 #011ソース ポート:#011#01149668 #011宛先アドレス:#011#011224.168.1.1 #011宛先ポート:#011#01159680 #011プロトコル:#011#01117  フィルター情報: #011フィルターの実行時 ID:#01167062 #011レイヤー名:#011#011受信/承諾 #011レイヤーの実行時 ID:#01144
Feb  4 01:05:35  192.168.11.101[MSWinEventLog#0110#011Security#011-#011日] 04 01:05:35 2024#0115156#011Microsoft-Windows-Security-Auditing#011-#011N/A#011-#011192.168.11.101#011-#011Windows フィルターリング プラットフォームで、接続が許可されました。  アプリケーション情報: #011プロセス ID:#011#011972 #011アプリケーション名:#011\device\harddiskvolume4\diasys\system\diasysglobalcard.exe  ネットワーク情報: #011方向:#011#011#011着信 #011送信元アドレス:#011#011192.168.11.24 #011ソース ポート:#011#01149708 #011宛先アドレス:#011#011224.168.1.1 #011宛先ポート:#011#01159680 #011プロトコル:#011#01117  フィルター情報: #011フィルターの実行時 ID:#01167062 #011レイヤー名:#011#011受信/承諾 #011レイヤーの実行時 ID:#01144
Feb  4 01:05:35  192.168.11.101[MSWinEventLog#0110#011Security#011-#011日] 04 01:05:35 2024#0115156#011Microsoft-Windows-Security-Auditing#011-#011N/A#011-#011192.168.11.101#011-#011Windows フィルターリング プラットフォームで、接続が許可されました。  アプリケーション情報: #011プロセス ID:#011#0112972 #011アプリケーション名:#011\device\harddiskvolume4\diasys\wsmanager.exe  ネットワーク情報: #011方向:#011#011#011着信 #011送信元アドレス:#011#011192.168.11.22 #011ソース ポート:#011#01149697 #011宛先アドレス:#011#011224.168.1.2 #011宛先ポート:#011#01159660 #011プロトコル:#011#01117  フィルター情報: #011フィルターの実行時 ID:#01167062 #011レイヤー名:#011#011受信/承諾 #011レイヤーの実行時 ID:#01144
Feb  4 01:05:35  192.168.11.101[MSWinEventLog#0110#011Security#011-#011日] 04 01:05:35 2024#0115156#011Microsoft-Windows-Security-Auditing#011-#011N/A#011-#011192.168.11.101#011-#011Windows フィルターリング プラットフォームで、接続が許可されました。  アプリケーション情報: #011プロセス ID:#011#011972 #011アプリケーション名:#011\device\harddiskvolume4\diasys\system\diasysglobalcard.exe  ネットワーク情報: #011方向:#011#011#011着信 #011送信元アドレス:#011#011192.168.11.141 #011ソース ポート:#011#01152483 #011宛先アドレス:#011#011224.168.1.1 #011宛先ポート:#011#01159680 #011プロトコル:#011#01117  フィルター情報: #011フィルターの実行時 ID:#01167062 #011レイヤー名:#011#011受信/承諾 #011レイヤーの実行時 ID:#01144
Feb  4 01:05:35  192.168.11.101[MSWinEventLog#0110#011Security#011-#011日] message repeated 3 times: [04 01:05:35 2024#0115156#011Microsoft-Windows-Security-Auditing#011-#011N/A#011-#011192.168.11.101#011-#011Windows フィルターリング プラットフォームで、接続が許可されました。  アプリケーション情報: #011プロセス ID:#011#011972 #011アプリケーション名:#011\device\harddiskvolume4\diasys\system\diasysglobalcard.exe  ネットワーク情報: #011方向:#011#011#011着信 #011送信元アドレス:#011#011192.168.11.141 #011ソース ポート:#011#01152483 #011宛先アドレス:#011#011224.168.1.1 #011宛先ポート:#011#01159680 #011プロトコル:#011#01117  フィルター情報: #011フィルターの実行時 ID:#01167062 #011レイヤー名:#011#011受信/承諾 #011レイヤーの実行時 ID:#01144]
Feb  4 01:05:35  192.168.11.101[MSWinEventLog#0110#011Security#011-#011日] 04 01:05:35 2024#0115156#011Microsoft-Windows-Security-Auditing#011-#011N/A#011-#011192.168.11.101#011-#011Windows フィルターリング プラットフォームで、接続が許可されました。  アプリケーション情報: #011プロセス ID:#011#011972 #011アプリケーション名:#011\device\harddiskvolume4\diasys\system\diasysglobalcard.exe  ネットワーク情報: #011方向:#011#011#011着信 #011送信元アドレス:#011#011192.168.11.18 #011ソース ポート:#011#01149701 #011宛先アドレス:#011#011224.168.1.1 #011宛先ポート:#011#01159680 #011プロトコル:#011#01117  フィルター情報: #011フィルターの実行時 ID:#01167062 #011レイヤー名:#011#011受信/承諾 #011レイヤーの実行時 ID:#01144
Feb  4 01:05:35  192.168.11.101[MSWinEventLog#0110#011Security#011-#011日] 04 01:05:35 2024#0115156#011Microsoft-Windows-Security-Auditing#011-#011N/A#011-#011192.168.11.101#011-#011Windows フィルターリング プラットフォームで、接続が許可されました。  アプリケーション情報: #011プロセス ID:#011#0112972 #011アプリケーション名:#011\device\harddiskvolume4\diasys\wsmanager.exe  ネットワーク情報: #011方向:#011#011#011着信 #011送信元アドレス:#011#011192.168.11.24 #011ソース ポート:#011#01149709 #011宛先アドレス:#011#011224.168.1.2 #011宛先ポート:#011#01159660 #011プロトコル:#011#01117  フィルター情報: #011フィルターの実行時 ID:#01167062 #011レイヤー名:#011#011受信/承諾 #011レイヤーの実行時 ID:#01144
Feb  4 01:05:35  192.168.11.101[MSWinEventLog#0110#011Security#011-#011日] 04 01:05:35 2024#0115156#011Microsoft-Windows-Security-Auditing#011-#011N/A#011-#011192.168.11.101#011-#011Windows フィルターリング プラットフォームで、接続が許可されました。  アプリケーション情報: #011プロセス ID:#011#0112972 #011アプリケーション名:#011\device\harddiskvolume4\diasys\wsmanager.exe  ネットワーク情報: #011方向:#011#011#011着信 #011送信元アドレス:#011#011192.168.11.18 #011ソース ポート:#011#01149702 #011宛先アドレス:#011#011224.168.1.2 #011宛先ポート:#011#01159660 #011プロトコル:#011#01117  フィルター情報: #011フィルターの実行時 ID:#01167062 #011レイヤー名:#011#011受信/承諾 #011レイヤーの実行時 ID:#01144
Feb  4 01:05:35  192.168.11.101[MSWinEventLog#0110#011Security#011-#011日] 04 01:05:35 2024#0115156#011Microsoft-Windows-Security-Auditing#011-#011N/A#011-#011192.168.11.101#011-#011Windows フィルターリング プラットフォームで、接続が許可されました。  アプリケーション情報: #011プロセス ID:#011#0112972 #011アプリケーション名:#011\device\harddiskvolume4\diasys\wsmanager.exe  ネットワーク情報: #011方向:#011#011#011着信 #011送信元アドレス:#011#011192.168.11.32 #011ソース ポート:#011#01149678 #011宛先アドレス:#011#011224.168.1.2 #011宛先ポート:#011#01159660 #011プロトコル:#011#01117  フィルター情報: #011フィルターの実行時 ID:#01167062 #011レイヤー名:#011#011受信/承諾 #011レイヤーの実行時 ID:#01144
Feb  4 01:05:34  192.168.11.101[MSWinEventLog#0110#011Security#011-#011日] 04 01:05:34 2024#0115156#011Microsoft-Windows-Security-Auditing#011-#011N/A#011-#011192.168.11.101#011-#011Windows フィルターリング プラットフォームで、接続が許可されました。  アプリケーション情報: #011プロセス ID:#011#011972 #011アプリケーション名:#011\device\harddiskvolume4\diasys\system\diasysglobalcard.exe  ネットワーク情報: #011方向:#011#011#011着信 #011送信元アドレス:#011#011192.168.11.20 #011ソース ポート:#011#01149700 #011宛先アドレス:#011#011224.168.1.1 #011宛先ポート:#011#01159680 #011プロトコル:#011#01117  フィルター情報: #011フィルターの実行時 ID:#01167062 #011レイヤー名:#011#011受信/承諾 #011レイヤーの実行時 ID:#01144
Feb  4 01:05:34  192.168.11.101[MSWinEventLog#0110#011Security#011-#011日] 04 01:05:34 2024#0115156#011Microsoft-Windows-Security-Auditing#011-#011N/A#011-#011192.168.11.101#011-#011Windows フィルターリング プラットフォームで、接続が許可されました。  アプリケーション情報: #011プロセス ID:#011#011972 #011アプリケーション名:#011\device\harddiskvolume4\diasys\system\diasysglobalcard.exe  ネットワーク情報: #011方向:#011#011#011着信 #011送信元アドレス:#011#011192.168.11.26 #011ソース ポート:#011#01149690 #011宛先アドレス:#011#011224.168.1.1 #011宛先ポート:#011#01159680 #011プロトコル:#011#01117  フィルター情報: #011フィルターの実行時 ID:#01167062 #011レイヤー名:#011#011受信/承諾 #011レイヤーの実行時 ID:#01144
Feb  4 01:05:34  192.168.11.101[MSWinEventLog#0110#011Security#011-#011日] 04 01:05:34 2024#0115156#011Microsoft-Windows-Security-Auditing#011-#011N/A#011-#011192.168.11.101#011-#011Windows フィルターリング プラットフォームで、接続が許可されました。  アプリケーション情報: #011プロセス ID:#011#011972 #011アプリケーション名:#011\device\harddiskvolume4\diasys\system\diasysglobalcard.exe  ネットワーク情報: #011方向:#011#011#011着信 #011送信元アドレス:#011#011192.168.11.16 #011ソース ポート:#011#01149737 #011宛先アドレス:#011#011224.168.1.1 #011宛先ポート:#011#01159680 #011プロトコル:#011#01117  フィルター情報: #011フィルターの実行時 ID:#01167062 #011レイヤー名:#011#011受信/承諾 #011レイヤーの実行時 ID:#01144
Feb  4 01:05:34  192.168.11.101[MSWinEventLog#0110#011Security#011-#011日] 04 01:05:34 2024#0115156#011Microsoft-Windows-Security-Auditing#011-#011N/A#011-#011192.168.11.101#011-#011Windows フィルターリング プラットフォームで、接続が許可されました。  アプリケーション情報: #011プロセス ID:#011#011972 #011アプリケーション名:#011\device\harddiskvolume4\diasys\system\diasysglobalcard.exe  ネットワーク情報: #011方向:#011#011#011着信 #011送信元アドレス:#011#011192.168.11.141 #011ソース ポート:#011#01152495 #011宛先アドレス:#011#011224.168.1.1 #011宛先ポート:#011#01159680 #011プロトコル:#011#01117  フィルター情報: #011フィルターの実行時 ID:#01167062 #011レイヤー名:#011#011受信/承諾 #011レイヤーの実行時 ID:#01144
Feb  4 01:05:34  192.168.11.101[MSWinEventLog#0110#011Security#011-#011日] message repeated 6 times: [04 01:05:34 2024#0115156#011Microsoft-Windows-Security-Auditing#011-#011N/A#011-#011192.168.11.101#011-#011Windows フィルターリング プラットフォームで、接続が許可されました。  アプリケーション情報: #011プロセス ID:#011#011972 #011アプリケーション名:#011\device\harddiskvolume4\diasys\system\diasysglobalcard.exe  ネットワーク情報: #011方向:#011#011#011着信 #011送信元アドレス:#011#011192.168.11.141 #011ソース ポート:#011#01152495 #011宛先アドレス:#011#011224.168.1.1 #011宛先ポート:#011#01159680 #011プロトコル:#011#01117  フィルター情報: #011フィルターの実行時 ID:#01167062 #011レイヤー名:#011#011受信/承諾 #011レイヤーの実行時 ID:#01144]
Feb  4 01:05:34  192.168.11.101[MSWinEventLog#0110#011Security#011-#011日] 04 01:05:34 2024#0115156#011Microsoft-Windows-Security-Auditing#011-#011N/A#011-#011192.168.11.101#011-#011Windows フィルターリング プラットフォームで、接続が許可されました。  アプリケーション情報: #011プロセス ID:#011#011972 #011アプリケーション名:#011\device\harddiskvolume4\diasys\system\diasysglobalcard.exe  ネットワーク情報: #011方向:#011#011#011着信 #011送信元アドレス:#011#011192.168.11.22 #011ソース ポート:#011#01149696 #011宛先アドレス:#011#011224.168.1.1 #011宛先ポート:#011#01159680 #011プロトコル:#011#01117  フィルター情報: #011フィルターの実行時 ID:#01167062 #011レイヤー名:#011#011受信/承諾 #011レイヤーの実行時 ID:#01144
Feb  4 01:05:34  192.168.11.101[MSWinEventLog#0110#011Security#011-#011日] 04 01:05:34 2024#0115156#011Microsoft-Windows-Security-Auditing#011-#011N/A#011-#011192.168.11.101#011-#011Windows フィルターリング プラットフォームで、接続が許可されました。  アプリケーション情報: #011プロセス ID:#011#0112972 #011アプリケーション名:#011\device\harddiskvolume4\diasys\wsmanager.exe  ネットワーク情報: #011方向:#011#011#011着信 #011送信元アドレス:#011#011192.168.11.16 #011ソース ポート:#011#01149738 #011宛先アドレス:#011#011224.168.1.2 #011宛先ポート:#011#01159660 #011プロトコル:#011#01117  フィルター情報: #011フィルターの実行時 ID:#01167062 #011レイヤー名:#011#011受信/承諾 #011レイヤーの実行時 ID:#01144
Feb  4 01:05:34  192.168.11.101[MSWinEventLog#0110#011Security#011-#011日] 04 01:05:34 2024#0115156#011Microsoft-Windows-Security-Auditing#011-#011N/A#011-#011192.168.11.101#011-#011Windows フィルターリング プラットフォームで、接続が許可されました。  アプリケーション情報: #011プロセス ID:#011#0112972 #011アプリケーション名:#011\device\harddiskvolume4\diasys\wsmanager.exe  ネットワーク情報: #011方向:#011#011#011着信 #011送信元アドレス:#011#011192.168.11.20 #011ソース ポート:#011#01149703 #011宛先アドレス:#011#011224.168.1.2 #011宛先ポート:#011#01159660 #011プロトコル:#011#01117  フィルター情報: #011フィルターの実行時 ID:#01167062 #011レイヤー名:#011#011受信/承諾 #011レイヤーの実行時 ID:#01144
Feb  4 01:05:34  192.168.11.101[MSWinEventLog#0110#011Security#011-#011日] 04 01:05:34 2024#0115156#011Microsoft-Windows-Security-Auditing#011-#011N/A#011-#011192.168.11.101#011-#011Windows フィルターリング プラットフォームで、接続が許可されました。  アプリケーション情報: #011プロセス ID:#011#011972 #011アプリケーション名:#011\device\harddiskvolume4\diasys\system\diasysglobalcard.exe  ネットワーク情報: #011方向:#011#011#011着信 #011送信元アドレス:#011#011192.168.11.101 #011ソース ポート:#011#01152487 #011宛先アドレス:#011#011224.168.1.1 #011宛先ポート:#011#01159680 #011プロトコル:#011#01117  フィルター情報: #011フィルターの実行時 ID:#01165841 #011レイヤー名:#011#011受信/承諾 #011レイヤーの実行時 ID:#01144
Feb  4 01:05:34  192.168.11.101[MSWinEventLog#0110#011Security#011-#011日] 04 01:05:34 2024#0114703#011Microsoft-Windows-Security-Auditing#011-#011N/A#011-#011192.168.11.101#011-#011A token right was adjusted.  Subject: #011Security ID:#011#011S-1-5-21-796759982-425631752-4269433831-1001 #011Account Name:#011#011J1 #011Account Domain:#011#011OPS11 #011Logon ID:#011#0110x28DA7  Target Account: #011Security ID:#011#011S-1-0-0 #011Account Name:#011#011J1 #011Account Domain:#011#011OPS11 #011Logon ID:#011#0110x28DA7  Process Information: #011Process ID:#011#0110x3cc #011Process Name:#011#011C:\diasys\system\DIASYSGlobalCard.exe  Enabled Privileges: #011#011#011-  Disabled Privileges: #011#011#011SeDebugPrivilege
Feb  4 01:05:34  192.168.11.101[MSWinEventLog#0110#011Security#011-#011日] 04 01:05:34 2024#0114658#011Microsoft-Windows-Security-Auditing#011-#011N/A#011-#011192.168.11.101#011-#011オブジェクトに対するハンドルが閉じました。  サブジェクト: #011セキュリティ ID:#011#011S-1-5-21-796759982-425631752-4269433831-1001 #011アカウント名:#011#011J1 #011アカウント ドメイン:#011#011OPS11 #011ログオン ID:#011#0110x28DA7  オブジェクト: #011オブジェクト サーバー:#011#011Security #011ハンドル ID:#011#0110x7fc  プロセス情報: #011プロセス ID:#011#0110x3cc #011プロセス名:#011#011C:\diasys\system\DIASYSGlobalCard.exe
Feb  4 01:05:34  192.168.11.101[MSWinEventLog#0110#011Security#011-#011日] 04 01:05:34 2024#0114663#011Microsoft-Windows-Security-Auditing#011J1#011N/A#011-#011192.168.11.101#011-#011オブジェクトへのアクセスが試行されました。  サブジェクト: #011セキュリティ ID:#011#011S-1-5-21-796759982-425631752-4269433831-1001 #011アカウント名:#011#011J1 #011アカウント ドメイン:#011#011OPS11 #011ログオン ID:#011#0110x28DA7  オブジェクト: #011オブジェクト サーバー:#011#011Security #011オブジェクトの種類:#011#011Process #011オブジェクト名:#011#011\Device\HarddiskVolume4\Windows\System32\lsass.exe #011ハンドル ID:#011#0110x7fc #011リソース属性:#011-  プロセス情報: #011プロセス ID:#011#0110x3cc #011プロセス名:#011#011C:\diasys\system\DIASYSGlobalCard.exe  アクセス要求情報: #011アクセス:#011#011プロセス メモリからの読み取り #011#011#011#011 #011アクセス マスク:#011#0110x10
Feb  4 01:05:34  192.168.11.101[MSWinEventLog#0110#011Security#011-#011日] 04 01:05:34 2024#0114656#011Microsoft-Windows-Security-Auditing#011J1#011N/A#011-#011192.168.11.101#011-#011オブジェクトに対するハンドルが要求されました。  サブジェクト: #011セキュリティ ID:#011#011S-1-5-21-796759982-425631752-4269433831-1001 #011アカウント名:#011#011J1 #011アカウント ドメイン:#011#011OPS11 #011ログオン ID:#011#0110x28DA7  オブジェクト: #011オブジェクト サーバー:#011#011Security #011オブジェクトの種類:#011#011Process #011オブジェクト名:#011#011\Device\HarddiskVolume4\Windows\System32\lsass.exe #011ハンドル ID:#011#0110x7fc #011リソース属性:#011-  プロセス情報: #011プロセス ID:#011#0110x3cc #011プロセス名:#011#011C:\diasys\system\DIASYSGlobalCard.exe  アクセス要求情報: #011トランザクション ID:#011#011{00000000-0000-0000-0000-000000000000} #011アクセス:#011#011プロセス メモリからの読み取り #011#011#011#011プロセス情報の照会 #011#011#011#011未定義のアクセス (影響なし) ビット 12 #011#011#011#011 #011アクセス理由:#011#011- #011アクセス マスク:#011#0110x1410 #011アクセスの確認に使用した特権:#011- #011制限された SID 数:#0110
Feb  4 01:05:34  192.168.11.101[MSWinEventLog#0110#011Security#011-#011日] 04 01:05:34 2024#0114658#011Microsoft-Windows-Security-Auditing#011-#011N/A#011-#011192.168.11.101#011-#011オブジェクトに対するハンドルが閉じました。  サブジェクト: #011セキュリティ ID:#011#011S-1-5-21-796759982-425631752-4269433831-1001 #011アカウント名:#011#011J1 #011アカウント ドメイン:#011#011OPS11 #011ログオン ID:#011#0110x28DA7  オブジェクト: #011オブジェクト サーバー:#011#011Security #011ハンドル ID:#011#0110xf60  プロセス情報: #011プロセス ID:#011#0110x3cc #011プロセス名:#011#011C:\diasys\system\DIASYSGlobalCard.exe
Feb  4 01:05:34  192.168.11.101[MSWinEventLog#0110#011Security#011-#011日] 04 01:05:34 2024#0114690#011Microsoft-Windows-Security-Auditing#011-#011N/A#011-#011192.168.11.101#011-#011オブジェクトに対するハンドルの複製が試行されました。  サブジェクト: #011セキュリティ ID:#011#011S-1-5-21-796759982-425631752-4269433831-1001 #011アカウント名:#011#011J1 #011アカウント ドメイン:#011#011OPS11 #011ログオン ID:#011#0110x28DA7  複製元ハンドル情報: #011複製元ハンドル ID:#0110x7fc #011複製元プロセス ID:#0110x3cc  新しいハンドル情報: #011複製先ハンドル ID:#0110xf60 #011複製先プロセス ID:#0110x4
