Feb  6 00:01:41  LOG360SVR[MSWinEventLog#0110#011System#011-#011火] 06 00:01:41 2024#0119007#011nhi#011-#011N/A#011-#011LOG360SVR#011-#011The driver entered RTD3.  All the connected devices will be removed from driver's internal state, so it is expected that DeviceDisconnected events will happen.
Feb  6 00:01:35  LOG360SVR[MSWinEventLog#0110#011System#011-#011火] 06 00:01:35 2024#0119008#011nhi#011-#011N/A#011-#011LOG360SVR#011-#011Driver exit RTD3.  All the connected devices will now cause DeviceConnected events.
Feb  6 00:01:35  LOG360SVR[MSWinEventLog#0110#011System#011-#011火] 06 00:01:35 2024#0119007#011nhi#011-#011N/A#011-#011LOG360SVR#011-#011The driver entered RTD3.  All the connected devices will be removed from driver's internal state, so it is expected that DeviceDisconnected events will happen.
Feb  6 00:01:30  LOG360SVR[MSWinEventLog#0110#011System#011-#011火] 06 00:01:30 2024#0119008#011nhi#011-#011N/A#011-#011LOG360SVR#011-#011Driver exit RTD3.  All the connected devices will now cause DeviceConnected events.
Feb  6 00:01:30  LOG360SVR[MSWinEventLog#0110#011System#011-#011火] 06 00:01:30 2024#0119007#011nhi#011-#011N/A#011-#011LOG360SVR#011-#011The driver entered RTD3.  All the connected devices will be removed from driver's internal state, so it is expected that DeviceDisconnected events will happen.
Feb  6 00:01:24  LOG360SVR[MSWinEventLog#0110#011System#011-#011火] 06 00:01:24 2024#0119008#011nhi#011-#011N/A#011-#011LOG360SVR#011-#011Driver exit RTD3.  All the connected devices will now cause DeviceConnected events.
Feb  6 00:01:24  LOG360SVR[MSWinEventLog#0110#011System#011-#011火] 06 00:01:24 2024#0119007#011nhi#011-#011N/A#011-#011LOG360SVR#011-#011The driver entered RTD3.  All the connected devices will be removed from driver's internal state, so it is expected that DeviceDisconnected events will happen.
Feb  6 00:01:19  LOG360SVR[MSWinEventLog#0110#011System#011-#011火] 06 00:01:19 2024#0119008#011nhi#011-#011N/A#011-#011LOG360SVR#011-#011Driver exit RTD3.  All the connected devices will now cause DeviceConnected events.
Feb  6 00:01:19  LOG360SVR[MSWinEventLog#0110#011System#011-#011火] 06 00:01:19 2024#0119007#011nhi#011-#011N/A#011-#011LOG360SVR#011-#011The driver entered RTD3.  All the connected devices will be removed from driver's internal state, so it is expected that DeviceDisconnected events will happen.
Feb  6 00:01:14  LOG360SVR[MSWinEventLog#0110#011System#011-#011火] 06 00:01:14 2024#0119008#011nhi#011-#011N/A#011-#011LOG360SVR#011-#011Driver exit RTD3.  All the connected devices will now cause DeviceConnected events.
Feb  6 00:01:13  LOG360SVR[MSWinEventLog#0110#011System#011-#011火] 06 00:01:13 2024#0119007#011nhi#011-#011N/A#011-#011LOG360SVR#011-#011The driver entered RTD3.  All the connected devices will be removed from driver's internal state, so it is expected that DeviceDisconnected events will happen.
Feb  6 00:01:08  LOG360SVR[MSWinEventLog#0110#011System#011-#011火] 06 00:01:08 2024#0119008#011nhi#011-#011N/A#011-#011LOG360SVR#011-#011Driver exit RTD3.  All the connected devices will now cause DeviceConnected events.
Feb  6 00:01:08  LOG360SVR[MSWinEventLog#0110#011System#011-#011火] 06 00:01:08 2024#0119007#011nhi#011-#011N/A#011-#011LOG360SVR#011-#011The driver entered RTD3.  All the connected devices will be removed from driver's internal state, so it is expected that DeviceDisconnected events will happen.
Feb  6 00:01:03  LOG360SVR[MSWinEventLog#0110#011System#011-#011火] 06 00:01:03 2024#0119008#011nhi#011-#011N/A#011-#011LOG360SVR#011-#011Driver exit RTD3.  All the connected devices will now cause DeviceConnected events.
Feb  6 00:01:03  LOG360SVR[MSWinEventLog#0110#011System#011-#011火] 06 00:01:03 2024#0119007#011nhi#011-#011N/A#011-#011LOG360SVR#011-#011The driver entered RTD3.  All the connected devices will be removed from driver's internal state, so it is expected that DeviceDisconnected events will happen.
Feb  6 00:00:57  LOG360SVR[MSWinEventLog#0110#011System#011-#011火] 06 00:00:57 2024#0119008#011nhi#011-#011N/A#011-#011LOG360SVR#011-#011Driver exit RTD3.  All the connected devices will now cause DeviceConnected events.
Feb  6 00:00:57  LOG360SVR[MSWinEventLog#0110#011System#011-#011火] 06 00:00:57 2024#0119007#011nhi#011-#011N/A#011-#011LOG360SVR#011-#011The driver entered RTD3.  All the connected devices will be removed from driver's internal state, so it is expected that DeviceDisconnected events will happen.
Feb  6 00:00:52  LOG360SVR[MSWinEventLog#0110#011System#011-#011火] 06 00:00:52 2024#0119008#011nhi#011-#011N/A#011-#011LOG360SVR#011-#011Driver exit RTD3.  All the connected devices will now cause DeviceConnected events.
Feb  6 00:00:52  LOG360SVR[MSWinEventLog#0110#011System#011-#011火] 06 00:00:52 2024#0119007#011nhi#011-#011N/A#011-#011LOG360SVR#011-#011The driver entered RTD3.  All the connected devices will be removed from driver's internal state, so it is expected that DeviceDisconnected events will happen.
Feb  6 00:00:46  LOG360SVR[MSWinEventLog#0110#011System#011-#011火] 06 00:00:46 2024#0119008#011nhi#011-#011N/A#011-#011LOG360SVR#011-#011Driver exit RTD3.  All the connected devices will now cause DeviceConnected events.
Feb  6 00:00:46  LOG360SVR[MSWinEventLog#0110#011System#011-#011火] 06 00:00:46 2024#0119007#011nhi#011-#011N/A#011-#011LOG360SVR#011-#011The driver entered RTD3.  All the connected devices will be removed from driver's internal state, so it is expected that DeviceDisconnected events will happen.
Feb  6 00:00:41  LOG360SVR[MSWinEventLog#0110#011System#011-#011火] 06 00:00:41 2024#0119008#011nhi#011-#011N/A#011-#011LOG360SVR#011-#011Driver exit RTD3.  All the connected devices will now cause DeviceConnected events.
Feb  6 00:00:41  LOG360SVR[MSWinEventLog#0110#011System#011-#011火] 06 00:00:41 2024#0119007#011nhi#011-#011N/A#011-#011LOG360SVR#011-#011The driver entered RTD3.  All the connected devices will be removed from driver's internal state, so it is expected that DeviceDisconnected events will happen.
Feb  6 00:00:35  LOG360SVR[MSWinEventLog#0110#011System#011-#011火] 06 00:00:35 2024#0119008#011nhi#011-#011N/A#011-#011LOG360SVR#011-#011Driver exit RTD3.  All the connected devices will now cause DeviceConnected events.
Feb  6 00:00:35  LOG360SVR[MSWinEventLog#0110#011System#011-#011火] 06 00:00:35 2024#0119007#011nhi#011-#011N/A#011-#011LOG360SVR#011-#011The driver entered RTD3.  All the connected devices will be removed from driver's internal state, so it is expected that DeviceDisconnected events will happen.
Feb  6 00:00:30  LOG360SVR[MSWinEventLog#0110#011System#011-#011火] 06 00:00:30 2024#0119008#011nhi#011-#011N/A#011-#011LOG360SVR#011-#011Driver exit RTD3.  All the connected devices will now cause DeviceConnected events.
Feb  6 00:00:30  LOG360SVR[MSWinEventLog#0110#011System#011-#011火] 06 00:00:30 2024#0119007#011nhi#011-#011N/A#011-#011LOG360SVR#011-#011The driver entered RTD3.  All the connected devices will be removed from driver's internal state, so it is expected that DeviceDisconnected events will happen.
Feb  6 00:00:25  LOG360SVR[MSWinEventLog#0110#011System#011-#011火] 06 00:00:25 2024#0119008#011nhi#011-#011N/A#011-#011LOG360SVR#011-#011Driver exit RTD3.  All the connected devices will now cause DeviceConnected events.
Feb  6 00:00:24  LOG360SVR[MSWinEventLog#0110#011System#011-#011火] 06 00:00:24 2024#0119007#011nhi#011-#011N/A#011-#011LOG360SVR#011-#011The driver entered RTD3.  All the connected devices will be removed from driver's internal state, so it is expected that DeviceDisconnected events will happen.
Feb  6 00:00:19  LOG360SVR[MSWinEventLog#0110#011System#011-#011火] 06 00:00:19 2024#0119008#011nhi#011-#011N/A#011-#011LOG360SVR#011-#011Driver exit RTD3.  All the connected devices will now cause DeviceConnected events.
Feb  6 00:00:19  LOG360SVR[MSWinEventLog#0110#011System#011-#011火] 06 00:00:19 2024#0119007#011nhi#011-#011N/A#011-#011LOG360SVR#011-#011The driver entered RTD3.  All the connected devices will be removed from driver's internal state, so it is expected that DeviceDisconnected events will happen.
Feb  6 00:00:14  LOG360SVR[MSWinEventLog#0110#011System#011-#011火] 06 00:00:14 2024#0119008#011nhi#011-#011N/A#011-#011LOG360SVR#011-#011Driver exit RTD3.  All the connected devices will now cause DeviceConnected events.
Feb  6 00:00:14  LOG360SVR[MSWinEventLog#0110#011System#011-#011火] 06 00:00:14 2024#0119007#011nhi#011-#011N/A#011-#011LOG360SVR#011-#011The driver entered RTD3.  All the connected devices will be removed from driver's internal state, so it is expected that DeviceDisconnected events will happen.
Feb  6 00:00:08  LOG360SVR[MSWinEventLog#0110#011System#011-#011火] 06 00:00:08 2024#0119008#011nhi#011-#011N/A#011-#011LOG360SVR#011-#011Driver exit RTD3.  All the connected devices will now cause DeviceConnected events.
Feb  6 00:00:08  LOG360SVR[MSWinEventLog#0110#011System#011-#011火] 06 00:00:08 2024#0119007#011nhi#011-#011N/A#011-#011LOG360SVR#011-#011The driver entered RTD3.  All the connected devices will be removed from driver's internal state, so it is expected that DeviceDisconnected events will happen.
Feb  6 00:00:03  LOG360SVR[MSWinEventLog#0110#011System#011-#011火] 06 00:00:03 2024#0119008#011nhi#011-#011N/A#011-#011LOG360SVR#011-#011Driver exit RTD3.  All the connected devices will now cause DeviceConnected events.
Feb  6 00:00:03  LOG360SVR[MSWinEventLog#0110#011System#011-#011火] 06 00:00:03 2024#0119007#011nhi#011-#011N/A#011-#011LOG360SVR#011-#011The driver entered RTD3.  All the connected devices will be removed from driver's internal state, so it is expected that DeviceDisconnected events will happen.
Feb  5 23:59:58  LOG360SVR[MSWinEventLog#0110#011System#011-#011月] 05 23:59:58 2024#0119008#011nhi#011-#011N/A#011-#011LOG360SVR#011-#011Driver exit RTD3.  All the connected devices will now cause DeviceConnected events.
Feb  5 23:59:57  LOG360SVR[MSWinEventLog#0110#011System#011-#011月] 05 23:59:57 2024#0119007#011nhi#011-#011N/A#011-#011LOG360SVR#011-#011The driver entered RTD3.  All the connected devices will be removed from driver's internal state, so it is expected that DeviceDisconnected events will happen.
Feb  5 23:59:52  LOG360SVR[MSWinEventLog#0110#011System#011-#011月] 05 23:59:52 2024#0119008#011nhi#011-#011N/A#011-#011LOG360SVR#011-#011Driver exit RTD3.  All the connected devices will now cause DeviceConnected events.
Feb  5 23:59:52  LOG360SVR[MSWinEventLog#0110#011System#011-#011月] 05 23:59:52 2024#0119007#011nhi#011-#011N/A#011-#011LOG360SVR#011-#011The driver entered RTD3.  All the connected devices will be removed from driver's internal state, so it is expected that DeviceDisconnected events will happen.
Feb  5 23:59:47  LOG360SVR[MSWinEventLog#0110#011System#011-#011月] 05 23:59:47 2024#0119008#011nhi#011-#011N/A#011-#011LOG360SVR#011-#011Driver exit RTD3.  All the connected devices will now cause DeviceConnected events.
Feb  5 23:59:46  LOG360SVR[MSWinEventLog#0110#011System#011-#011月] 05 23:59:46 2024#0119007#011nhi#011-#011N/A#011-#011LOG360SVR#011-#011The driver entered RTD3.  All the connected devices will be removed from driver's internal state, so it is expected that DeviceDisconnected events will happen.
Feb  5 23:59:41  LOG360SVR[MSWinEventLog#0110#011System#011-#011月] 05 23:59:41 2024#0119008#011nhi#011-#011N/A#011-#011LOG360SVR#011-#011Driver exit RTD3.  All the connected devices will now cause DeviceConnected events.
Feb  5 23:59:41  LOG360SVR[MSWinEventLog#0110#011System#011-#011月] 05 23:59:41 2024#0119007#011nhi#011-#011N/A#011-#011LOG360SVR#011-#011The driver entered RTD3.  All the connected devices will be removed from driver's internal state, so it is expected that DeviceDisconnected events will happen.
Feb  5 23:59:36  LOG360SVR[MSWinEventLog#0110#011System#011-#011月] 05 23:59:36 2024#0119008#011nhi#011-#011N/A#011-#011LOG360SVR#011-#011Driver exit RTD3.  All the connected devices will now cause DeviceConnected events.
Feb  5 23:59:36  LOG360SVR[MSWinEventLog#0110#011System#011-#011月] 05 23:59:36 2024#0119007#011nhi#011-#011N/A#011-#011LOG360SVR#011-#011The driver entered RTD3.  All the connected devices will be removed from driver's internal state, so it is expected that DeviceDisconnected events will happen.
Feb  5 23:59:30  LOG360SVR[MSWinEventLog#0110#011System#011-#011月] 05 23:59:30 2024#0119008#011nhi#011-#011N/A#011-#011LOG360SVR#011-#011Driver exit RTD3.  All the connected devices will now cause DeviceConnected events.
Feb  5 23:59:30  LOG360SVR[MSWinEventLog#0110#011System#011-#011月] 05 23:59:30 2024#0119007#011nhi#011-#011N/A#011-#011LOG360SVR#011-#011The driver entered RTD3.  All the connected devices will be removed from driver's internal state, so it is expected that DeviceDisconnected events will happen.
Feb  5 23:59:25  LOG360SVR[MSWinEventLog#0110#011System#011-#011月] 05 23:59:25 2024#0119008#011nhi#011-#011N/A#011-#011LOG360SVR#011-#011Driver exit RTD3.  All the connected devices will now cause DeviceConnected events.
Feb  5 23:59:25  LOG360SVR[MSWinEventLog#0110#011System#011-#011月] 05 23:59:25 2024#0119007#011nhi#011-#011N/A#011-#011LOG360SVR#011-#011The driver entered RTD3.  All the connected devices will be removed from driver's internal state, so it is expected that DeviceDisconnected events will happen.
Feb  5 23:59:19  LOG360SVR[MSWinEventLog#0110#011System#011-#011月] 05 23:59:19 2024#0119008#011nhi#011-#011N/A#011-#011LOG360SVR#011-#011Driver exit RTD3.  All the connected devices will now cause DeviceConnected events.
Feb  5 23:59:19  LOG360SVR[MSWinEventLog#0110#011System#011-#011月] 05 23:59:19 2024#0119007#011nhi#011-#011N/A#011-#011LOG360SVR#011-#011The driver entered RTD3.  All the connected devices will be removed from driver's internal state, so it is expected that DeviceDisconnected events will happen.
Feb  5 23:59:14  LOG360SVR[MSWinEventLog#0110#011System#011-#011月] 05 23:59:14 2024#0119008#011nhi#011-#011N/A#011-#011LOG360SVR#011-#011Driver exit RTD3.  All the connected devices will now cause DeviceConnected events.
Feb  5 23:59:14  LOG360SVR[MSWinEventLog#0110#011System#011-#011月] 05 23:59:14 2024#0119007#011nhi#011-#011N/A#011-#011LOG360SVR#011-#011The driver entered RTD3.  All the connected devices will be removed from driver's internal state, so it is expected that DeviceDisconnected events will happen.
Feb  5 23:59:09  LOG360SVR[MSWinEventLog#0110#011System#011-#011月] 05 23:59:09 2024#0119008#011nhi#011-#011N/A#011-#011LOG360SVR#011-#011Driver exit RTD3.  All the connected devices will now cause DeviceConnected events.
Feb  5 23:59:08  LOG360SVR[MSWinEventLog#0110#011System#011-#011月] 05 23:59:08 2024#0119007#011nhi#011-#011N/A#011-#011LOG360SVR#011-#011The driver entered RTD3.  All the connected devices will be removed from driver's internal state, so it is expected that DeviceDisconnected events will happen.
Feb  5 23:59:03  LOG360SVR[MSWinEventLog#0110#011System#011-#011月] 05 23:59:03 2024#0119008#011nhi#011-#011N/A#011-#011LOG360SVR#011-#011Driver exit RTD3.  All the connected devices will now cause DeviceConnected events.
Feb  5 23:59:03  LOG360SVR[MSWinEventLog#0110#011System#011-#011月] 05 23:59:03 2024#0119007#011nhi#011-#011N/A#011-#011LOG360SVR#011-#011The driver entered RTD3.  All the connected devices will be removed from driver's internal state, so it is expected that DeviceDisconnected events will happen.
Feb  5 23:58:58  LOG360SVR[MSWinEventLog#0110#011System#011-#011月] 05 23:58:58 2024#0119008#011nhi#011-#011N/A#011-#011LOG360SVR#011-#011Driver exit RTD3.  All the connected devices will now cause DeviceConnected events.
Feb  5 23:58:58  LOG360SVR[MSWinEventLog#0110#011System#011-#011月] 05 23:58:58 2024#0119007#011nhi#011-#011N/A#011-#011LOG360SVR#011-#011The driver entered RTD3.  All the connected devices will be removed from driver's internal state, so it is expected that DeviceDisconnected events will happen.
Feb  5 23:58:52  LOG360SVR[MSWinEventLog#0110#011System#011-#011月] 05 23:58:52 2024#0119008#011nhi#011-#011N/A#011-#011LOG360SVR#011-#011Driver exit RTD3.  All the connected devices will now cause DeviceConnected events.
Feb  5 23:58:52  LOG360SVR[MSWinEventLog#0110#011System#011-#011月] 05 23:58:52 2024#0119007#011nhi#011-#011N/A#011-#011LOG360SVR#011-#011The driver entered RTD3.  All the connected devices will be removed from driver's internal state, so it is expected that DeviceDisconnected events will happen.
Feb  5 23:58:47  LOG360SVR[MSWinEventLog#0110#011System#011-#011月] 05 23:58:47 2024#0119008#011nhi#011-#011N/A#011-#011LOG360SVR#011-#011Driver exit RTD3.  All the connected devices will now cause DeviceConnected events.
Feb  5 23:58:47  LOG360SVR[MSWinEventLog#0110#011System#011-#011月] 05 23:58:47 2024#0119007#011nhi#011-#011N/A#011-#011LOG360SVR#011-#011The driver entered RTD3.  All the connected devices will be removed from driver's internal state, so it is expected that DeviceDisconnected events will happen.
Feb  5 23:58:41  LOG360SVR[MSWinEventLog#0110#011System#011-#011月] 05 23:58:41 2024#0119008#011nhi#011-#011N/A#011-#011LOG360SVR#011-#011Driver exit RTD3.  All the connected devices will now cause DeviceConnected events.
Feb  5 23:58:41  LOG360SVR[MSWinEventLog#0110#011System#011-#011月] 05 23:58:41 2024#0119007#011nhi#011-#011N/A#011-#011LOG360SVR#011-#011The driver entered RTD3.  All the connected devices will be removed from driver's internal state, so it is expected that DeviceDisconnected events will happen.
Feb  5 23:58:36  LOG360SVR[MSWinEventLog#0110#011System#011-#011月] 05 23:58:36 2024#0119008#011nhi#011-#011N/A#011-#011LOG360SVR#011-#011Driver exit RTD3.  All the connected devices will now cause DeviceConnected events.
Feb  5 23:58:36  LOG360SVR[MSWinEventLog#0110#011System#011-#011月] 05 23:58:36 2024#0119007#011nhi#011-#011N/A#011-#011LOG360SVR#011-#011The driver entered RTD3.  All the connected devices will be removed from driver's internal state, so it is expected that DeviceDisconnected events will happen.
Feb  5 23:58:31  LOG360SVR[MSWinEventLog#0110#011System#011-#011月] 05 23:58:31 2024#0119008#011nhi#011-#011N/A#011-#011LOG360SVR#011-#011Driver exit RTD3.  All the connected devices will now cause DeviceConnected events.
Feb  5 23:58:30  LOG360SVR[MSWinEventLog#0110#011System#011-#011月] 05 23:58:30 2024#0119007#011nhi#011-#011N/A#011-#011LOG360SVR#011-#011The driver entered RTD3.  All the connected devices will be removed from driver's internal state, so it is expected that DeviceDisconnected events will happen.
Feb  5 23:58:25  LOG360SVR[MSWinEventLog#0110#011System#011-#011月] 05 23:58:25 2024#0119008#011nhi#011-#011N/A#011-#011LOG360SVR#011-#011Driver exit RTD3.  All the connected devices will now cause DeviceConnected events.
Feb  5 23:58:25  LOG360SVR[MSWinEventLog#0110#011System#011-#011月] 05 23:58:25 2024#0119007#011nhi#011-#011N/A#011-#011LOG360SVR#011-#011The driver entered RTD3.  All the connected devices will be removed from driver's internal state, so it is expected that DeviceDisconnected events will happen.
Feb  5 23:58:20  LOG360SVR[MSWinEventLog#0110#011System#011-#011月] 05 23:58:20 2024#0119008#011nhi#011-#011N/A#011-#011LOG360SVR#011-#011Driver exit RTD3.  All the connected devices will now cause DeviceConnected events.
Feb  5 23:58:20  LOG360SVR[MSWinEventLog#0110#011System#011-#011月] 05 23:58:20 2024#0119007#011nhi#011-#011N/A#011-#011LOG360SVR#011-#011The driver entered RTD3.  All the connected devices will be removed from driver's internal state, so it is expected that DeviceDisconnected events will happen.
Feb  5 23:58:14  LOG360SVR[MSWinEventLog#0110#011System#011-#011月] 05 23:58:14 2024#0119008#011nhi#011-#011N/A#011-#011LOG360SVR#011-#011Driver exit RTD3.  All the connected devices will now cause DeviceConnected events.
Feb  5 23:58:14  LOG360SVR[MSWinEventLog#0110#011System#011-#011月] 05 23:58:14 2024#0119007#011nhi#011-#011N/A#011-#011LOG360SVR#011-#011The driver entered RTD3.  All the connected devices will be removed from driver's internal state, so it is expected that DeviceDisconnected events will happen.
Feb  5 23:58:09  LOG360SVR[MSWinEventLog#0110#011System#011-#011月] 05 23:58:09 2024#0119007#011nhi#011-#011N/A#011-#011LOG360SVR#011-#011The driver entered RTD3.  All the connected devices will be removed from driver's internal state, so it is expected that DeviceDisconnected events will happen.
Feb  5 23:58:03  LOG360SVR[MSWinEventLog#0110#011System#011-#011月] 05 23:58:03 2024#0119008#011nhi#011-#011N/A#011-#011LOG360SVR#011-#011Driver exit RTD3.  All the connected devices will now cause DeviceConnected events.
Feb  5 23:58:09  LOG360SVR[MSWinEventLog#0110#011System#011-#011月] 05 23:58:09 2024#0119008#011nhi#011-#011N/A#011-#011LOG360SVR#011-#011Driver exit RTD3.  All the connected devices will now cause DeviceConnected events.
Feb  5 23:58:03  LOG360SVR[MSWinEventLog#0110#011System#011-#011月] 05 23:58:03 2024#0119007#011nhi#011-#011N/A#011-#011LOG360SVR#011-#011The driver entered RTD3.  All the connected devices will be removed from driver's internal state, so it is expected that DeviceDisconnected events will happen.
Feb  5 23:57:58  LOG360SVR[MSWinEventLog#0110#011System#011-#011月] 05 23:57:58 2024#0119008#011nhi#011-#011N/A#011-#011LOG360SVR#011-#011Driver exit RTD3.  All the connected devices will now cause DeviceConnected events.
Feb  5 23:57:58  LOG360SVR[MSWinEventLog#0110#011System#011-#011月] 05 23:57:58 2024#0119007#011nhi#011-#011N/A#011-#011LOG360SVR#011-#011The driver entered RTD3.  All the connected devices will be removed from driver's internal state, so it is expected that DeviceDisconnected events will happen.
Feb  5 23:57:53  LOG360SVR[MSWinEventLog#0110#011System#011-#011月] 05 23:57:53 2024#0119008#011nhi#011-#011N/A#011-#011LOG360SVR#011-#011Driver exit RTD3.  All the connected devices will now cause DeviceConnected events.
Feb  5 23:57:52  LOG360SVR[MSWinEventLog#0110#011System#011-#011月] 05 23:57:52 2024#0119007#011nhi#011-#011N/A#011-#011LOG360SVR#011-#011The driver entered RTD3.  All the connected devices will be removed from driver's internal state, so it is expected that DeviceDisconnected events will happen.
Feb  5 23:57:47  LOG360SVR[MSWinEventLog#0110#011System#011-#011月] 05 23:57:47 2024#0119008#011nhi#011-#011N/A#011-#011LOG360SVR#011-#011Driver exit RTD3.  All the connected devices will now cause DeviceConnected events.
Feb  5 23:57:47  LOG360SVR[MSWinEventLog#0110#011System#011-#011月] 05 23:57:47 2024#0119007#011nhi#011-#011N/A#011-#011LOG360SVR#011-#011The driver entered RTD3.  All the connected devices will be removed from driver's internal state, so it is expected that DeviceDisconnected events will happen.
Feb  5 23:57:42  LOG360SVR[MSWinEventLog#0110#011System#011-#011月] 05 23:57:42 2024#0119008#011nhi#011-#011N/A#011-#011LOG360SVR#011-#011Driver exit RTD3.  All the connected devices will now cause DeviceConnected events.
Feb  5 23:57:31  LOG360SVR[MSWinEventLog#0110#011System#011-#011月] 05 23:57:31 2024#0119007#011nhi#011-#011N/A#011-#011LOG360SVR#011-#011The driver entered RTD3.  All the connected devices will be removed from driver's internal state, so it is expected that DeviceDisconnected events will happen.
Feb  5 23:57:25  LOG360SVR[MSWinEventLog#0110#011System#011-#011月] 05 23:57:25 2024#0119008#011nhi#011-#011N/A#011-#011LOG360SVR#011-#011Driver exit RTD3.  All the connected devices will now cause DeviceConnected events.
Feb  5 23:57:25  LOG360SVR[MSWinEventLog#0110#011System#011-#011月] 05 23:57:25 2024#0119007#011nhi#011-#011N/A#011-#011LOG360SVR#011-#011The driver entered RTD3.  All the connected devices will be removed from driver's internal state, so it is expected that DeviceDisconnected events will happen.
Feb  5 23:57:20  LOG360SVR[MSWinEventLog#0110#011System#011-#011月] 05 23:57:20 2024#0119008#011nhi#011-#011N/A#011-#011LOG360SVR#011-#011Driver exit RTD3.  All the connected devices will now cause DeviceConnected events.
Feb  5 23:57:20  LOG360SVR[MSWinEventLog#0110#011System#011-#011月] 05 23:57:20 2024#0119007#011nhi#011-#011N/A#011-#011LOG360SVR#011-#011The driver entered RTD3.  All the connected devices will be removed from driver's internal state, so it is expected that DeviceDisconnected events will happen.
Feb  5 23:57:21  LOG360SVR[MSWinEventLog#0110#011Windows] 2 05 23:57:21 2024#011403#011PowerShell#011-#011N/A#011-#011LOG360SVR#011-#011エンジンの状態が Available から Stopped に変更されました。  詳細:  #011NewEngineState=Stopped #011PreviousEngineState=Available  #011SequenceNumber=15  #011HostName=ConsoleHost #011HostVersion=5.1.19041.1320 #011HostId=fce12096-4f8c-4090-b768-7038ac8947ff #011HostApplication=C:\windows\system32\WindowsPowerShell\v1.0\powershell.exe -ExecutionPolicy Unrestricted -NonInteractive -NoProfile -WindowStyle Hidden & C:\windows\system32\WindowsPowerShell\v1.0\Modules\SmbShare\DisableUnusedSmb1.ps1 -Scenario Client #011EngineVersion=5.1.19041.1320 #011RunspaceId=023ce74c-6b17-4821-bcc3-4659814f266a #011PipelineId= #011CommandName= #011CommandType= #011ScriptName= #011CommandPath= #011CommandLine=
Feb  6 00:01:23  192.168.11.101[MSWinEventLog#0110#011Application#011-#011火] 06 00:01:23 2024#0110#011Simulator Service#011-#011N/A#011-#011192.168.11.101#011-#011Service started 
Feb  6 00:01:22  192.168.11.101[MSWinEventLog#0110#011Application#011-#011火] 06 00:01:22 2024#0110#011Simulator Service#011-#011N/A#011-#011192.168.11.101#011-#011Service started 
Feb  6 00:07:20  192.168.11.101[MSWinEventLog#0110#011Security#011-#011火] 06 00:07:20 2024#0115156#011Microsoft-Windows-Security-Auditing#011-#011N/A#011-#011192.168.11.101#011-#011Windows フィルターリング プラットフォームで、接続が許可されました。  アプリケーション情報: #011プロセス ID:#011#011972 #011アプリケーション名:#011\device\harddiskvolume4\diasys\system\diasysglobalcard.exe  ネットワーク情報: #011方向:#011#011#011着信 #011送信元アドレス:#011#011192.168.11.22 #011ソース ポート:#011#01149696 #011宛先アドレス:#011#011224.168.1.1 #011宛先ポート:#011#01159680 #011プロトコル:#011#01117  フィルター情報: #011フィルターの実行時 ID:#01167062 #011レイヤー名:#011#011受信/承諾 #011レイヤーの実行時 ID:#01144
Feb  6 00:07:20  192.168.11.101[MSWinEventLog#0110#011Security#011-#011火] 06 00:07:20 2024#0115156#011Microsoft-Windows-Security-Auditing#011-#011N/A#011-#011192.168.11.101#011-#011Windows フィルターリング プラットフォームで、接続が許可されました。  アプリケーション情報: #011プロセス ID:#011#0112972 #011アプリケーション名:#011\device\harddiskvolume4\diasys\wsmanager.exe  ネットワーク情報: #011方向:#011#011#011着信 #011送信元アドレス:#011#011192.168.11.24 #011ソース ポート:#011#01149709 #011宛先アドレス:#011#011224.168.1.2 #011宛先ポート:#011#01159660 #011プロトコル:#011#01117  フィルター情報: #011フィルターの実行時 ID:#01167062 #011レイヤー名:#011#011受信/承諾 #011レイヤーの実行時 ID:#01144
Feb  6 00:07:20  192.168.11.101[MSWinEventLog#0110#011Security#011-#011火] 06 00:07:20 2024#0115156#011Microsoft-Windows-Security-Auditing#011-#011N/A#011-#011192.168.11.101#011-#011Windows フィルターリング プラットフォームで、接続が許可されました。  アプリケーション情報: #011プロセス ID:#011#0112972 #011アプリケーション名:#011\device\harddiskvolume4\diasys\wsmanager.exe  ネットワーク情報: #011方向:#011#011#011着信 #011送信元アドレス:#011#011192.168.11.22 #011ソース ポート:#011#01149697 #011宛先アドレス:#011#011224.168.1.2 #011宛先ポート:#011#01159660 #011プロトコル:#011#01117  フィルター情報: #011フィルターの実行時 ID:#01167062 #011レイヤー名:#011#011受信/承諾 #011レイヤーの実行時 ID:#01144
Feb  6 00:07:20  192.168.11.101[MSWinEventLog#0110#011Security#011-#011火] 06 00:07:20 2024#0115156#011Microsoft-Windows-Security-Auditing#011-#011N/A#011-#011192.168.11.101#011-#011Windows フィルターリング プラットフォームで、接続が許可されました。  アプリケーション情報: #011プロセス ID:#011#0112972 #011アプリケーション名:#011\device\harddiskvolume4\diasys\wsmanager.exe  ネットワーク情報: #011方向:#011#011#011着信 #011送信元アドレス:#011#011192.168.11.26 #011ソース ポート:#011#01149691 #011宛先アドレス:#011#011224.168.1.2 #011宛先ポート:#011#01159660 #011プロトコル:#011#01117  フィルター情報: #011フィルターの実行時 ID:#01167062 #011レイヤー名:#011#011受信/承諾 #011レイヤーの実行時 ID:#01144
Feb  6 00:07:20  192.168.11.101[MSWinEventLog#0110#011Security#011-#011火] 06 00:07:20 2024#0115156#011Microsoft-Windows-Security-Auditing#011-#011N/A#011-#011192.168.11.101#011-#011Windows フィルターリング プラットフォームで、接続が許可されました。  アプリケーション情報: #011プロセス ID:#011#011972 #011アプリケーション名:#011\device\harddiskvolume4\diasys\system\diasysglobalcard.exe  ネットワーク情報: #011方向:#011#011#011着信 #011送信元アドレス:#011#011192.168.11.20 #011ソース ポート:#011#01149700 #011宛先アドレス:#011#011224.168.1.1 #011宛先ポート:#011#01159680 #011プロトコル:#011#01117  フィルター情報: #011フィルターの実行時 ID:#01167062 #011レイヤー名:#011#011受信/承諾 #011レイヤーの実行時 ID:#01144
Feb  6 00:07:20  192.168.11.101[MSWinEventLog#0110#011Security#011-#011火] 06 00:07:20 2024#0115156#011Microsoft-Windows-Security-Auditing#011-#011N/A#011-#011192.168.11.101#011-#011Windows フィルターリング プラットフォームで、接続が許可されました。  アプリケーション情報: #011プロセス ID:#011#0112972 #011アプリケーション名:#011\device\harddiskvolume4\diasys\wsmanager.exe  ネットワーク情報: #011方向:#011#011#011着信 #011送信元アドレス:#011#011192.168.11.16 #011ソース ポート:#011#01149738 #011宛先アドレス:#011#011224.168.1.2 #011宛先ポート:#011#01159660 #011プロトコル:#011#01117  フィルター情報: #011フィルターの実行時 ID:#01167062 #011レイヤー名:#011#011受信/承諾 #011レイヤーの実行時 ID:#01144
Feb  6 00:07:20  192.168.11.101[MSWinEventLog#0110#011Security#011-#011火] 06 00:07:20 2024#0115156#011Microsoft-Windows-Security-Auditing#011-#011N/A#011-#011192.168.11.101#011-#011Windows フィルターリング プラットフォームで、接続が許可されました。  アプリケーション情報: #011プロセス ID:#011#011972 #011アプリケーション名:#011\device\harddiskvolume4\diasys\system\diasysglobalcard.exe  ネットワーク情報: #011方向:#011#011#011着信 #011送信元アドレス:#011#011192.168.11.50 #011ソース ポート:#011#01149668 #011宛先アドレス:#011#011224.168.1.1 #011宛先ポート:#011#01159680 #011プロトコル:#011#01117  フィルター情報: #011フィルターの実行時 ID:#01167062 #011レイヤー名:#011#011受信/承諾 #011レイヤーの実行時 ID:#01144
Feb  6 00:07:20  192.168.11.101[MSWinEventLog#0110#011Security#011-#011火] 06 00:07:20 2024#0115156#011Microsoft-Windows-Security-Auditing#011-#011N/A#011-#011192.168.11.101#011-#011Windows フィルターリング プラットフォームで、接続が許可されました。  アプリケーション情報: #011プロセス ID:#011#011972 #011アプリケーション名:#011\device\harddiskvolume4\diasys\system\diasysglobalcard.exe  ネットワーク情報: #011方向:#011#011#011着信 #011送信元アドレス:#011#011192.168.11.26 #011ソース ポート:#011#01149690 #011宛先アドレス:#011#011224.168.1.1 #011宛先ポート:#011#01159680 #011プロトコル:#011#01117  フィルター情報: #011フィルターの実行時 ID:#01167062 #011レイヤー名:#011#011受信/承諾 #011レイヤーの実行時 ID:#01144
Feb  6 00:07:20  192.168.11.101[MSWinEventLog#0110#011Security#011-#011火] 06 00:07:20 2024#0115156#011Microsoft-Windows-Security-Auditing#011-#011N/A#011-#011192.168.11.101#011-#011Windows フィルターリング プラットフォームで、接続が許可されました。  アプリケーション情報: #011プロセス ID:#011#011972 #011アプリケーション名:#011\device\harddiskvolume4\diasys\system\diasysglobalcard.exe  ネットワーク情報: #011方向:#011#011#011着信 #011送信元アドレス:#011#011192.168.11.18 #011ソース ポート:#011#01149701 #011宛先アドレス:#011#011224.168.1.1 #011宛先ポート:#011#01159680 #011プロトコル:#011#01117  フィルター情報: #011フィルターの実行時 ID:#01167062 #011レイヤー名:#011#011受信/承諾 #011レイヤーの実行時 ID:#01144
Feb  6 00:07:20  192.168.11.101[MSWinEventLog#0110#011Security#011-#011火] 06 00:07:20 2024#0115156#011Microsoft-Windows-Security-Auditing#011-#011N/A#011-#011192.168.11.101#011-#011Windows フィルターリング プラットフォームで、接続が許可されました。  アプリケーション情報: #011プロセス ID:#011#011972 #011アプリケーション名:#011\device\harddiskvolume4\diasys\system\diasysglobalcard.exe  ネットワーク情報: #011方向:#011#011#011着信 #011送信元アドレス:#011#011192.168.11.24 #011ソース ポート:#011#01149708 #011宛先アドレス:#011#011224.168.1.1 #011宛先ポート:#011#01159680 #011プロトコル:#011#01117  フィルター情報: #011フィルターの実行時 ID:#01167062 #011レイヤー名:#011#011受信/承諾 #011レイヤーの実行時 ID:#01144
Feb  6 00:07:20  192.168.11.101[MSWinEventLog#0110#011Security#011-#011火] 06 00:07:20 2024#0115156#011Microsoft-Windows-Security-Auditing#011-#011N/A#011-#011192.168.11.101#011-#011Windows フィルターリング プラットフォームで、接続が許可されました。  アプリケーション情報: #011プロセス ID:#011#011972 #011アプリケーション名:#011\device\harddiskvolume4\diasys\system\diasysglobalcard.exe  ネットワーク情報: #011方向:#011#011#011着信 #011送信元アドレス:#011#011192.168.11.141 #011ソース ポート:#011#01152495 #011宛先アドレス:#011#011224.168.1.1 #011宛先ポート:#011#01159680 #011プロトコル:#011#01117  フィルター情報: #011フィルターの実行時 ID:#01167062 #011レイヤー名:#011#011受信/承諾 #011レイヤーの実行時 ID:#01144
Feb  6 00:07:20  192.168.11.101[MSWinEventLog#0110#011Security#011-#011火] message repeated 2 times: [06 00:07:20 2024#0115156#011Microsoft-Windows-Security-Auditing#011-#011N/A#011-#011192.168.11.101#011-#011Windows フィルターリング プラットフォームで、接続が許可されました。  アプリケーション情報: #011プロセス ID:#011#011972 #011アプリケーション名:#011\device\harddiskvolume4\diasys\system\diasysglobalcard.exe  ネットワーク情報: #011方向:#011#011#011着信 #011送信元アドレス:#011#011192.168.11.141 #011ソース ポート:#011#01152495 #011宛先アドレス:#011#011224.168.1.1 #011宛先ポート:#011#01159680 #011プロトコル:#011#01117  フィルター情報: #011フィルターの実行時 ID:#01167062 #011レイヤー名:#011#011受信/承諾 #011レイヤーの実行時 ID:#01144]
Feb  6 00:07:20  192.168.11.101[MSWinEventLog#0110#011Security#011-#011火] 06 00:07:20 2024#0115156#011Microsoft-Windows-Security-Auditing#011-#011N/A#011-#011192.168.11.101#011-#011Windows フィルターリング プラットフォームで、接続が許可されました。  アプリケーション情報: #011プロセス ID:#011#011972 #011アプリケーション名:#011\device\harddiskvolume4\diasys\system\diasysglobalcard.exe  ネットワーク情報: #011方向:#011#011#011着信 #011送信元アドレス:#011#011192.168.11.32 #011ソース ポート:#011#01149677 #011宛先アドレス:#011#011224.168.1.1 #011宛先ポート:#011#01159680 #011プロトコル:#011#01117  フィルター情報: #011フィルターの実行時 ID:#01167062 #011レイヤー名:#011#011受信/承諾 #011レイヤーの実行時 ID:#01144
Feb  6 00:07:20  192.168.11.101[MSWinEventLog#0110#011Security#011-#011火] 06 00:07:20 2024#0115156#011Microsoft-Windows-Security-Auditing#011-#011N/A#011-#011192.168.11.101#011-#011Windows フィルターリング プラットフォームで、接続が許可されました。  アプリケーション情報: #011プロセス ID:#011#011972 #011アプリケーション名:#011\device\harddiskvolume4\diasys\system\diasysglobalcard.exe  ネットワーク情報: #011方向:#011#011#011着信 #011送信元アドレス:#011#011192.168.11.141 #011ソース ポート:#011#01152495 #011宛先アドレス:#011#011224.168.1.1 #011宛先ポート:#011#01159680 #011プロトコル:#011#01117  フィルター情報: #011フィルターの実行時 ID:#01167062 #011レイヤー名:#011#011受信/承諾 #011レイヤーの実行時 ID:#01144
Feb  6 00:07:20  192.168.11.101[MSWinEventLog#0110#011Security#011-#011火] 06 00:07:20 2024#0115156#011Microsoft-Windows-Security-Auditing#011-#011N/A#011-#011192.168.11.101#011-#011Windows フィルターリング プラットフォームで、接続が許可されました。  アプリケーション情報: #011プロセス ID:#011#011972 #011アプリケーション名:#011\device\harddiskvolume4\diasys\system\diasysglobalcard.exe  ネットワーク情報: #011方向:#011#011#011着信 #011送信元アドレス:#011#011192.168.11.141 #011ソース ポート:#011#01152483 #011宛先アドレス:#011#011224.168.1.1 #011宛先ポート:#011#01159680 #011プロトコル:#011#01117  フィルター情報: #011フィルターの実行時 ID:#01167062 #011レイヤー名:#011#011受信/承諾 #011レイヤーの実行時 ID:#01144
Feb  6 00:07:20  192.168.11.101[MSWinEventLog#0110#011Security#011-#011火] 06 00:07:20 2024#0115156#011Microsoft-Windows-Security-Auditing#011-#011N/A#011-#011192.168.11.101#011-#011Windows フィルターリング プラットフォームで、接続が許可されました。  アプリケーション情報: #011プロセス ID:#011#011972 #011アプリケーション名:#011\device\harddiskvolume4\diasys\system\diasysglobalcard.exe  ネットワーク情報: #011方向:#011#011#011着信 #011送信元アドレス:#011#011192.168.11.141 #011ソース ポート:#011#01152495 #011宛先アドレス:#011#011224.168.1.1 #011宛先ポート:#011#01159680 #011プロトコル:#011#01117  フィルター情報: #011フィルターの実行時 ID:#01167062 #011レイヤー名:#011#011受信/承諾 #011レイヤーの実行時 ID:#01144
Feb  6 00:07:20  192.168.11.101[MSWinEventLog#0110#011Security#011-#011火] 06 00:07:20 2024#0115156#011Microsoft-Windows-Security-Auditing#011-#011N/A#011-#011192.168.11.101#011-#011Windows フィルターリング プラットフォームで、接続が許可されました。  アプリケーション情報: #011プロセス ID:#011#011972 #011アプリケーション名:#011\device\harddiskvolume4\diasys\system\diasysglobalcard.exe  ネットワーク情報: #011方向:#011#011#011着信 #011送信元アドレス:#011#011192.168.11.141 #011ソース ポート:#011#01152483 #011宛先アドレス:#011#011224.168.1.1 #011宛先ポート:#011#01159680 #011プロトコル:#011#01117  フィルター情報: #011フィルターの実行時 ID:#01167062 #011レイヤー名:#011#011受信/承諾 #011レイヤーの実行時 ID:#01144
Feb  6 00:07:20  192.168.11.101[MSWinEventLog#0110#011Security#011-#011火] 06 00:07:20 2024#0115156#011Microsoft-Windows-Security-Auditing#011-#011N/A#011-#011192.168.11.101#011-#011Windows フィルターリング プラットフォームで、接続が許可されました。  アプリケーション情報: #011プロセス ID:#011#011972 #011アプリケーション名:#011\device\harddiskvolume4\diasys\system\diasysglobalcard.exe  ネットワーク情報: #011方向:#011#011#011着信 #011送信元アドレス:#011#011192.168.11.141 #011ソース ポート:#011#01152495 #011宛先アドレス:#011#011224.168.1.1 #011宛先ポート:#011#01159680 #011プロトコル:#011#01117  フィルター情報: #011フィルターの実行時 ID:#01167062 #011レイヤー名:#011#011受信/承諾 #011レイヤーの実行時 ID:#01144
Feb  6 00:07:20  192.168.11.101[MSWinEventLog#0110#011Security#011-#011火] 06 00:07:20 2024#0115156#011Microsoft-Windows-Security-Auditing#011-#011N/A#011-#011192.168.11.101#011-#011Windows フィルターリング プラットフォームで、接続が許可されました。  アプリケーション情報: #011プロセス ID:#011#011972 #011アプリケーション名:#011\device\harddiskvolume4\diasys\system\diasysglobalcard.exe  ネットワーク情報: #011方向:#011#011#011着信 #011送信元アドレス:#011#011192.168.11.141 #011ソース ポート:#011#01152483 #011宛先アドレス:#011#011224.168.1.1 #011宛先ポート:#011#01159680 #011プロトコル:#011#01117  フィルター情報: #011フィルターの実行時 ID:#01167062 #011レイヤー名:#011#011受信/承諾 #011レイヤーの実行時 ID:#01144
Feb  6 00:07:20  192.168.11.101[MSWinEventLog#0110#011Security#011-#011火] 06 00:07:20 2024#0115156#011Microsoft-Windows-Security-Auditing#011-#011N/A#011-#011192.168.11.101#011-#011Windows フィルターリング プラットフォームで、接続が許可されました。  アプリケーション情報: #011プロセス ID:#011#011972 #011アプリケーション名:#011\device\harddiskvolume4\diasys\system\diasysglobalcard.exe  ネットワーク情報: #011方向:#011#011#011着信 #011送信元アドレス:#011#011192.168.11.141 #011ソース ポート:#011#01152483 #011宛先アドレス:#011#011224.168.1.1 #011宛先ポート:#011#01159680 #011プロトコル:#011#01117  フィルター情報: #011フィルターの実行時 ID:#01167062 #011レイヤー名:#011#011受信/承諾 #011レイヤーの実行時 ID:#01144
Feb  6 00:07:20  192.168.11.101[MSWinEventLog#0110#011Security#011-#011火] 06 00:07:20 2024#0115156#011Microsoft-Windows-Security-Auditing#011-#011N/A#011-#011192.168.11.101#011-#011Windows フィルターリング プラットフォームで、接続が許可されました。  アプリケーション情報: #011プロセス ID:#011#011972 #011アプリケーション名:#011\device\harddiskvolume4\diasys\system\diasysglobalcard.exe  ネットワーク情報: #011方向:#011#011#011着信 #011送信元アドレス:#011#011192.168.11.141 #011ソース ポート:#011#01152495 #011宛先アドレス:#011#011224.168.1.1 #011宛先ポート:#011#01159680 #011プロトコル:#011#01117  フィルター情報: #011フィルターの実行時 ID:#01167062 #011レイヤー名:#011#011受信/承諾 #011レイヤーの実行時 ID:#01144
Feb  6 00:07:20  192.168.11.101[MSWinEventLog#0110#011Security#011-#011火] 06 00:07:20 2024#0115156#011Microsoft-Windows-Security-Auditing#011-#011N/A#011-#011192.168.11.101#011-#011Windows フィルターリング プラットフォームで、接続が許可されました。  アプリケーション情報: #011プロセス ID:#011#011972 #011アプリケーション名:#011\device\harddiskvolume4\diasys\system\diasysglobalcard.exe  ネットワーク情報: #011方向:#011#011#011着信 #011送信元アドレス:#011#011192.168.11.16 #011ソース ポート:#011#01149737 #011宛先アドレス:#011#011224.168.1.1 #011宛先ポート:#011#01159680 #011プロトコル:#011#01117  フィルター情報: #011フィルターの実行時 ID:#01167062 #011レイヤー名:#011#011受信/承諾 #011レイヤーの実行時 ID:#01144
Feb  6 00:07:20  192.168.11.101[MSWinEventLog#0110#011Security#011-#011火] 06 00:07:20 2024#0115156#011Microsoft-Windows-Security-Auditing#011-#011N/A#011-#011192.168.11.101#011-#011Windows フィルターリング プラットフォームで、接続が許可されました。  アプリケーション情報: #011プロセス ID:#011#0112972 #011アプリケーション名:#011\device\harddiskvolume4\diasys\wsmanager.exe  ネットワーク情報: #011方向:#011#011#011着信 #011送信元アドレス:#011#011192.168.11.18 #011ソース ポート:#011#01149702 #011宛先アドレス:#011#011224.168.1.2 #011宛先ポート:#011#01159660 #011プロトコル:#011#01117  フィルター情報: #011フィルターの実行時 ID:#01167062 #011レイヤー名:#011#011受信/承諾 #011レイヤーの実行時 ID:#01144
Feb  6 00:07:19  192.168.11.101[MSWinEventLog#0110#011Security#011-#011火] 06 00:07:19 2024#0115156#011Microsoft-Windows-Security-Auditing#011-#011N/A#011-#011192.168.11.101#011-#011Windows フィルターリング プラットフォームで、接続が許可されました。  アプリケーション情報: #011プロセス ID:#011#011972 #011アプリケーション名:#011\device\harddiskvolume4\diasys\system\diasysglobalcard.exe  ネットワーク情報: #011方向:#011#011#011着信 #011送信元アドレス:#011#011192.168.11.101 #011ソース ポート:#011#01152487 #011宛先アドレス:#011#011224.168.1.1 #011宛先ポート:#011#01159680 #011プロトコル:#011#01117  フィルター情報: #011フィルターの実行時 ID:#01165841 #011レイヤー名:#011#011受信/承諾 #011レイヤーの実行時 ID:#01144
Feb  6 00:07:19  192.168.11.101[MSWinEventLog#0110#011Security#011-#011火] 06 00:07:19 2024#0114703#011Microsoft-Windows-Security-Auditing#011-#011N/A#011-#011192.168.11.101#011-#011A token right was adjusted.  Subject: #011Security ID:#011#011S-1-5-21-796759982-425631752-4269433831-1001 #011Account Name:#011#011J1 #011Account Domain:#011#011OPS11 #011Logon ID:#011#0110x28DA7  Target Account: #011Security ID:#011#011S-1-0-0 #011Account Name:#011#011J1 #011Account Domain:#011#011OPS11 #011Logon ID:#011#0110x28DA7  Process Information: #011Process ID:#011#0110x3cc #011Process Name:#011#011C:\diasys\system\DIASYSGlobalCard.exe  Enabled Privileges: #011#011#011-  Disabled Privileges: #011#011#011SeDebugPrivilege
Feb  6 00:07:19  192.168.11.101[MSWinEventLog#0110#011Security#011-#011火] 06 00:07:19 2024#0114658#011Microsoft-Windows-Security-Auditing#011-#011N/A#011-#011192.168.11.101#011-#011オブジェクトに対するハンドルが閉じました。  サブジェクト: #011セキュリティ ID:#011#011S-1-5-21-796759982-425631752-4269433831-1001 #011アカウント名:#011#011J1 #011アカウント ドメイン:#011#011OPS11 #011ログオン ID:#011#0110x28DA7  オブジェクト: #011オブジェクト サーバー:#011#011Security #011ハンドル ID:#011#0110x7c0  プロセス情報: #011プロセス ID:#011#0110x3cc #011プロセス名:#011#011C:\diasys\system\DIASYSGlobalCard.exe
Feb  6 00:07:19  192.168.11.101[MSWinEventLog#0110#011Security#011-#011火] 06 00:07:19 2024#0114663#011Microsoft-Windows-Security-Auditing#011J1#011N/A#011-#011192.168.11.101#011-#011オブジェクトへのアクセスが試行されました。  サブジェクト: #011セキュリティ ID:#011#011S-1-5-21-796759982-425631752-4269433831-1001 #011アカウント名:#011#011J1 #011アカウント ドメイン:#011#011OPS11 #011ログオン ID:#011#0110x28DA7  オブジェクト: #011オブジェクト サーバー:#011#011Security #011オブジェクトの種類:#011#011Process #011オブジェクト名:#011#011\Device\HarddiskVolume4\Windows\System32\lsass.exe #011ハンドル ID:#011#0110x7c0 #011リソース属性:#011-  プロセス情報: #011プロセス ID:#011#0110x3cc #011プロセス名:#011#011C:\diasys\system\DIASYSGlobalCard.exe  アクセス要求情報: #011アクセス:#011#011プロセス メモリからの読み取り #011#011#011#011 #011アクセス マスク:#011#0110x10
Feb  6 00:07:19  192.168.11.101[MSWinEventLog#0110#011Security#011-#011火] 06 00:07:19 2024#0114656#011Microsoft-Windows-Security-Auditing#011J1#011N/A#011-#011192.168.11.101#011-#011オブジェクトに対するハンドルが要求されました。  サブジェクト: #011セキュリティ ID:#011#011S-1-5-21-796759982-425631752-4269433831-1001 #011アカウント名:#011#011J1 #011アカウント ドメイン:#011#011OPS11 #011ログオン ID:#011#0110x28DA7  オブジェクト: #011オブジェクト サーバー:#011#011Security #011オブジェクトの種類:#011#011Process #011オブジェクト名:#011#011\Device\HarddiskVolume4\Windows\System32\lsass.exe #011ハンドル ID:#011#0110x7c0 #011リソース属性:#011-  プロセス情報: #011プロセス ID:#011#0110x3cc #011プロセス名:#011#011C:\diasys\system\DIASYSGlobalCard.exe  アクセス要求情報: #011トランザクション ID:#011#011{00000000-0000-0000-0000-000000000000} #011アクセス:#011#011プロセス メモリからの読み取り #011#011#011#011プロセス情報の照会 #011#011#011#011未定義のアクセス (影響なし) ビット 12 #011#011#011#011 #011アクセス理由:#011#011- #011アクセス マスク:#011#0110x1410 #011アクセスの確認に使用した特権:#011- #011制限された SID 数:#0110
Feb  6 00:07:19  192.168.11.101[MSWinEventLog#0110#011Security#011-#011火] 06 00:07:19 2024#0114658#011Microsoft-Windows-Security-Auditing#011-#011N/A#011-#011192.168.11.101#011-#011オブジェクトに対するハンドルが閉じました。  サブジェクト: #011セキュリティ ID:#011#011S-1-5-21-796759982-425631752-4269433831-1001 #011アカウント名:#011#011J1 #011アカウント ドメイン:#011#011OPS11 #011ログオン ID:#011#0110x28DA7  オブジェクト: #011オブジェクト サーバー:#011#011Security #011ハンドル ID:#011#0110x1284  プロセス情報: #011プロセス ID:#011#0110x3cc #011プロセス名:#011#011C:\diasys\system\DIASYSGlobalCard.exe
Feb  6 00:07:19  192.168.11.101[MSWinEventLog#0110#011Security#011-#011火] 06 00:07:19 2024#0114690#011Microsoft-Windows-Security-Auditing#011-#011N/A#011-#011192.168.11.101#011-#011オブジェクトに対するハンドルの複製が試行されました。  サブジェクト: #011セキュリティ ID:#011#011S-1-5-21-796759982-425631752-4269433831-1001 #011アカウント名:#011#011J1 #011アカウント ドメイン:#011#011OPS11 #011ログオン ID:#011#0110x28DA7  複製元ハンドル情報: #011複製元ハンドル ID:#0110x7c0 #011複製元プロセス ID:#0110x3cc  新しいハンドル情報: #011複製先ハンドル ID:#0110x1284 #011複製先プロセス ID:#0110x4
Feb  6 00:07:19  192.168.11.101[MSWinEventLog#0110#011Security#011-#011火] 06 00:07:19 2024#0114703#011Microsoft-Windows-Security-Auditing#011-#011N/A#011-#011192.168.11.101#011-#011A token right was adjusted.  Subject: #011Security ID:#011#011S-1-5-21-796759982-425631752-4269433831-1001 #011Account Name:#011#011J1 #011Account Domain:#011#011OPS11 #011Logon ID:#011#0110x28DA7  Target Account: #011Security ID:#011#011S-1-0-0 #011Account Name:#011#011J1 #011Account Domain:#011#011OPS11 #011Logon ID:#011#0110x28DA7  Process Information: #011Process ID:#011#0110x3cc #011Process Name:#011#011C:\diasys\system\DIASYSGlobalCard.exe  Enabled Privileges: #011#011#011SeDebugPrivilege  Disabled Privileges: #011#011#011-
Feb  6 00:07:19  192.168.11.101[MSWinEventLog#0110#011Security#011-#011火] 06 00:07:19 2024#0115156#011Microsoft-Windows-Security-Auditing#011-#011N/A#011-#011192.168.11.101#011-#011Windows フィルターリング プラットフォームで、接続が許可されました。  アプリケーション情報: #011プロセス ID:#011#011972 #011アプリケーション名:#011\device\harddiskvolume4\diasys\system\diasysglobalcard.exe  ネットワーク情報: #011方向:#011#011#011着信 #011送信元アドレス:#011#011192.168.11.22 #011ソース ポート:#011#01149696 #011宛先アドレス:#011#011224.168.1.1 #011宛先ポート:#011#01159680 #011プロトコル:#011#01117  フィルター情報: #011フィルターの実行時 ID:#01167062 #011レイヤー名:#011#011受信/承諾 #011レイヤーの実行時 ID:#01144
Feb  6 00:07:19  192.168.11.101[MSWinEventLog#0110#011Security#011-#011火] 06 00:07:19 2024#0115156#011Microsoft-Windows-Security-Auditing#011-#011N/A#011-#011192.168.11.101#011-#011Windows フィルターリング プラットフォームで、接続が許可されました。  アプリケーション情報: #011プロセス ID:#011#0112972 #011アプリケーション名:#011\device\harddiskvolume4\diasys\wsmanager.exe  ネットワーク情報: #011方向:#011#011#011着信 #011送信元アドレス:#011#011192.168.11.50 #011ソース ポート:#011#01149669 #011宛先アドレス:#011#011224.168.1.2 #011宛先ポート:#011#01159660 #011プロトコル:#011#01117  フィルター情報: #011フィルターの実行時 ID:#01167062 #011レイヤー名:#011#011受信/承諾 #011レイヤーの実行時 ID:#01144
Feb  6 00:07:19  192.168.11.101[MSWinEventLog#0110#011Security#011-#011火] 06 00:07:19 2024#0115156#011Microsoft-Windows-Security-Auditing#011-#011N/A#011-#011192.168.11.101#011-#011Windows フィルターリング プラットフォームで、接続が許可されました。  アプリケーション情報: #011プロセス ID:#011#0111560 #011アプリケーション名:#011\device\harddiskvolume4\windows\system32\spoolsv.exe  ネットワーク情報: #011方向:#011#011#011送信 #011送信元アドレス:#011#011192.168.11.101 #011ソース ポート:#011#01156903 #011宛先アドレス:#011#011192.168.1.161 #011宛先ポート:#011#0119100 #011プロトコル:#011#0116  フィルター情報: #011フィルターの実行時 ID:#01167077 #011レイヤー名:#011#011接続 #011レイヤーの実行時 ID:#01148
Feb  6 00:07:19  192.168.11.101[MSWinEventLog#0110#011Security#011-#011火] 06 00:07:19 2024#0115156#011Microsoft-Windows-Security-Auditing#011-#011N/A#011-#011192.168.11.101#011-#011Windows フィルターリング プラットフォームで、接続が許可されました。  アプリケーション情報: #011プロセス ID:#011#0112972 #011アプリケーション名:#011\device\harddiskvolume4\diasys\wsmanager.exe  ネットワーク情報: #011方向:#011#011#011着信 #011送信元アドレス:#011#011192.168.11.20 #011ソース ポート:#011#01149703 #011宛先アドレス:#011#011224.168.1.2 #011宛先ポート:#011#01159660 #011プロトコル:#011#01117  フィルター情報: #011フィルターの実行時 ID:#01167062 #011レイヤー名:#011#011受信/承諾 #011レイヤーの実行時 ID:#01144
Feb  6 00:07:19  192.168.11.101[MSWinEventLog#0110#011Security#011-#011火] 06 00:07:19 2024#0115156#011Microsoft-Windows-Security-Auditing#011-#011N/A#011-#011192.168.11.101#011-#011Windows フィルターリング プラットフォームで、接続が許可されました。  アプリケーション情報: #011プロセス ID:#011#0112972 #011アプリケーション名:#011\device\harddiskvolume4\diasys\wsmanager.exe  ネットワーク情報: #011方向:#011#011#011着信 #011送信元アドレス:#011#011192.168.11.32 #011ソース ポート:#011#01149678 #011宛先アドレス:#011#011224.168.1.2 #011宛先ポート:#011#01159660 #011プロトコル:#011#01117  フィルター情報: #011フィルターの実行時 ID:#01167062 #011レイヤー名:#011#011受信/承諾 #011レイヤーの実行時 ID:#01144
Feb  6 00:07:19  192.168.11.101[MSWinEventLog#0110#011Security#011-#011火] 06 00:07:19 2024#0115156#011Microsoft-Windows-Security-Auditing#011-#011N/A#011-#011192.168.11.101#011-#011Windows フィルターリング プラットフォームで、接続が許可されました。  アプリケーション情報: #011プロセス ID:#011#011972 #011アプリケーション名:#011\device\harddiskvolume4\diasys\system\diasysglobalcard.exe  ネットワーク情報: #011方向:#011#011#011着信 #011送信元アドレス:#011#011192.168.11.20 #011ソース ポート:#011#01149700 #011宛先アドレス:#011#011224.168.1.1 #011宛先ポート:#011#01159680 #011プロトコル:#011#01117  フィルター情報: #011フィルターの実行時 ID:#01167062 #011レイヤー名:#011#011受信/承諾 #011レイヤーの実行時 ID:#01144
Feb  6 00:07:19  192.168.11.101[MSWinEventLog#0110#011Security#011-#011火] 06 00:07:19 2024#0115156#011Microsoft-Windows-Security-Auditing#011-#011N/A#011-#011192.168.11.101#011-#011Windows フィルターリング プラットフォームで、接続が許可されました。  アプリケーション情報: #011プロセス ID:#011#0112972 #011アプリケーション名:#011\device\harddiskvolume4\diasys\wsmanager.exe  ネットワーク情報: #011方向:#011#011#011着信 #011送信元アドレス:#011#011192.168.11.24 #011ソース ポート:#011#01149709 #011宛先アドレス:#011#011224.168.1.2 #011宛先ポート:#011#01159660 #011プロトコル:#011#01117  フィルター情報: #011フィルターの実行時 ID:#01167062 #011レイヤー名:#011#011受信/承諾 #011レイヤーの実行時 ID:#01144
Feb  6 00:07:19  192.168.11.101[MSWinEventLog#0110#011Security#011-#011火] 06 00:07:19 2024#0115156#011Microsoft-Windows-Security-Auditing#011-#011N/A#011-#011192.168.11.101#011-#011Windows フィルターリング プラットフォームで、接続が許可されました。  アプリケーション情報: #011プロセス ID:#011#0112972 #011アプリケーション名:#011\device\harddiskvolume4\diasys\wsmanager.exe  ネットワーク情報: #011方向:#011#011#011着信 #011送信元アドレス:#011#011192.168.11.22 #011ソース ポート:#011#01149697 #011宛先アドレス:#011#011224.168.1.2 #011宛先ポート:#011#01159660 #011プロトコル:#011#01117  フィルター情報: #011フィルターの実行時 ID:#01167062 #011レイヤー名:#011#011受信/承諾 #011レイヤーの実行時 ID:#01144
Feb  6 00:07:19  192.168.11.101[MSWinEventLog#0110#011Security#011-#011火] 06 00:07:19 2024#0115156#011Microsoft-Windows-Security-Auditing#011-#011N/A#011-#011192.168.11.101#011-#011Windows フィルターリング プラットフォームで、接続が許可されました。  アプリケーション情報: #011プロセス ID:#011#011972 #011アプリケーション名:#011\device\harddiskvolume4\diasys\system\diasysglobalcard.exe  ネットワーク情報: #011方向:#011#011#011着信 #011送信元アドレス:#011#011192.168.11.50 #011ソース ポート:#011#01149668 #011宛先アドレス:#011#011224.168.1.1 #011宛先ポート:#011#01159680 #011プロトコル:#011#01117  フィルター情報: #011フィルターの実行時 ID:#01167062 #011レイヤー名:#011#011受信/承諾 #011レイヤーの実行時 ID:#01144
Feb  6 00:07:19  192.168.11.101[MSWinEventLog#0110#011Security#011-#011火] 06 00:07:19 2024#0115156#011Microsoft-Windows-Security-Auditing#011-#011N/A#011-#011192.168.11.101#011-#011Windows フィルターリング プラットフォームで、接続が許可されました。  アプリケーション情報: #011プロセス ID:#011#011972 #011アプリケーション名:#011\device\harddiskvolume4\diasys\system\diasysglobalcard.exe  ネットワーク情報: #011方向:#011#011#011着信 #011送信元アドレス:#011#011192.168.11.26 #011ソース ポート:#011#01149690 #011宛先アドレス:#011#011224.168.1.1 #011宛先ポート:#011#01159680 #011プロトコル:#011#01117  フィルター情報: #011フィルターの実行時 ID:#01167062 #011レイヤー名:#011#011受信/承諾 #011レイヤーの実行時 ID:#01144
