Feb  5 09:03:13  192.168.11.101[MSWinEventLog#0110#011Security#011-#011月] 05 09:03:13 2024#0115156#011Microsoft-Windows-Security-Auditing#011-#011N/A#011-#011192.168.11.101#011-#011Windows フィルターリング プラットフォームで、接続が許可されました。  アプリケーション情報: #011プロセス ID:#011#0112600 #011アプリケーション名:#011\device\harddiskvolume4\program files\uebabeats\winlogbeat\winlogbeat.exe  ネットワーク情報: #011方向:#011#011#011送信 #011送信元アドレス:#011#011192.168.11.101 #011ソース ポート:#011#01152487 #011宛先アドレス:#011#011192.168.55.51 #011宛先ポート:#011#0115044 #011プロトコル:#011#0116  フィルター情報: #011フィルターの実行時 ID:#01167077 #011レイヤー名:#011#011接続 #011レイヤーの実行時 ID:#01148
Feb  5 09:03:13  192.168.11.101[MSWinEventLog#0110#011Security#011-#011月] 05 09:03:13 2024#0115156#011Microsoft-Windows-Security-Auditing#011-#011N/A#011-#011192.168.11.101#011-#011Windows フィルターリング プラットフォームで、接続が許可されました。  アプリケーション情報: #011プロセス ID:#011#0112972 #011アプリケーション名:#011\device\harddiskvolume4\diasys\wsmanager.exe  ネットワーク情報: #011方向:#011#011#011着信 #011送信元アドレス:#011#011192.168.11.16 #011ソース ポート:#011#01149738 #011宛先アドレス:#011#011224.168.1.2 #011宛先ポート:#011#01159660 #011プロトコル:#011#01117  フィルター情報: #011フィルターの実行時 ID:#01167062 #011レイヤー名:#011#011受信/承諾 #011レイヤーの実行時 ID:#01144
Feb  5 09:03:13  192.168.11.101[MSWinEventLog#0110#011Security#011-#011月] 05 09:03:13 2024#0115156#011Microsoft-Windows-Security-Auditing#011-#011N/A#011-#011192.168.11.101#011-#011Windows フィルターリング プラットフォームで、接続が許可されました。  アプリケーション情報: #011プロセス ID:#011#0112972 #011アプリケーション名:#011\device\harddiskvolume4\diasys\wsmanager.exe  ネットワーク情報: #011方向:#011#011#011着信 #011送信元アドレス:#011#011192.168.11.32 #011ソース ポート:#011#01149678 #011宛先アドレス:#011#011224.168.1.2 #011宛先ポート:#011#01159660 #011プロトコル:#011#01117  フィルター情報: #011フィルターの実行時 ID:#01167062 #011レイヤー名:#011#011受信/承諾 #011レイヤーの実行時 ID:#01144
Feb  5 09:03:13  192.168.11.101[MSWinEventLog#0110#011Security#011-#011月] 05 09:03:13 2024#0115156#011Microsoft-Windows-Security-Auditing#011-#011N/A#011-#011192.168.11.101#011-#011Windows フィルターリング プラットフォームで、接続が許可されました。  アプリケーション情報: #011プロセス ID:#011#011972 #011アプリケーション名:#011\device\harddiskvolume4\diasys\system\diasysglobalcard.exe  ネットワーク情報: #011方向:#011#011#011着信 #011送信元アドレス:#011#011192.168.11.26 #011ソース ポート:#011#01149690 #011宛先アドレス:#011#011224.168.1.1 #011宛先ポート:#011#01159680 #011プロトコル:#011#01117  フィルター情報: #011フィルターの実行時 ID:#01167062 #011レイヤー名:#011#011受信/承諾 #011レイヤーの実行時 ID:#01144
Feb  5 09:03:13  192.168.11.101[MSWinEventLog#0110#011Security#011-#011月] 05 09:03:13 2024#0115156#011Microsoft-Windows-Security-Auditing#011-#011N/A#011-#011192.168.11.101#011-#011Windows フィルターリング プラットフォームで、接続が許可されました。  アプリケーション情報: #011プロセス ID:#011#011972 #011アプリケーション名:#011\device\harddiskvolume4\diasys\system\diasysglobalcard.exe  ネットワーク情報: #011方向:#011#011#011着信 #011送信元アドレス:#011#011192.168.11.16 #011ソース ポート:#011#01149737 #011宛先アドレス:#011#011224.168.1.1 #011宛先ポート:#011#01159680 #011プロトコル:#011#01117  フィルター情報: #011フィルターの実行時 ID:#01167062 #011レイヤー名:#011#011受信/承諾 #011レイヤーの実行時 ID:#01144
Feb  5 09:03:13  192.168.11.101[MSWinEventLog#0110#011Security#011-#011月] 05 09:03:13 2024#0115156#011Microsoft-Windows-Security-Auditing#011-#011N/A#011-#011192.168.11.101#011-#011Windows フィルターリング プラットフォームで、接続が許可されました。  アプリケーション情報: #011プロセス ID:#011#0112972 #011アプリケーション名:#011\device\harddiskvolume4\diasys\wsmanager.exe  ネットワーク情報: #011方向:#011#011#011着信 #011送信元アドレス:#011#011192.168.11.50 #011ソース ポート:#011#01149669 #011宛先アドレス:#011#011224.168.1.2 #011宛先ポート:#011#01159660 #011プロトコル:#011#01117  フィルター情報: #011フィルターの実行時 ID:#01167062 #011レイヤー名:#011#011受信/承諾 #011レイヤーの実行時 ID:#01144
Feb  5 09:03:13  192.168.11.101[MSWinEventLog#0110#011Security#011-#011月] 05 09:03:13 2024#0115156#011Microsoft-Windows-Security-Auditing#011-#011N/A#011-#011192.168.11.101#011-#011Windows フィルターリング プラットフォームで、接続が許可されました。  アプリケーション情報: #011プロセス ID:#011#011972 #011アプリケーション名:#011\device\harddiskvolume4\diasys\system\diasysglobalcard.exe  ネットワーク情報: #011方向:#011#011#011着信 #011送信元アドレス:#011#011192.168.11.32 #011ソース ポート:#011#01149677 #011宛先アドレス:#011#011224.168.1.1 #011宛先ポート:#011#01159680 #011プロトコル:#011#01117  フィルター情報: #011フィルターの実行時 ID:#01167062 #011レイヤー名:#011#011受信/承諾 #011レイヤーの実行時 ID:#01144
Feb  5 09:03:13  192.168.11.101[MSWinEventLog#0110#011Security#011-#011月] 05 09:03:13 2024#0115156#011Microsoft-Windows-Security-Auditing#011-#011N/A#011-#011192.168.11.101#011-#011Windows フィルターリング プラットフォームで、接続が許可されました。  アプリケーション情報: #011プロセス ID:#011#0112972 #011アプリケーション名:#011\device\harddiskvolume4\diasys\wsmanager.exe  ネットワーク情報: #011方向:#011#011#011着信 #011送信元アドレス:#011#011192.168.11.18 #011ソース ポート:#011#01149702 #011宛先アドレス:#011#011224.168.1.2 #011宛先ポート:#011#01159660 #011プロトコル:#011#01117  フィルター情報: #011フィルターの実行時 ID:#01167062 #011レイヤー名:#011#011受信/承諾 #011レイヤーの実行時 ID:#01144
Feb  5 09:03:13  192.168.11.101[MSWinEventLog#0110#011Security#011-#011月] 05 09:03:13 2024#0115156#011Microsoft-Windows-Security-Auditing#011-#011N/A#011-#011192.168.11.101#011-#011Windows フィルターリング プラットフォームで、接続が許可されました。  アプリケーション情報: #011プロセス ID:#011#0112972 #011アプリケーション名:#011\device\harddiskvolume4\diasys\wsmanager.exe  ネットワーク情報: #011方向:#011#011#011着信 #011送信元アドレス:#011#011192.168.11.24 #011ソース ポート:#011#01149709 #011宛先アドレス:#011#011224.168.1.2 #011宛先ポート:#011#01159660 #011プロトコル:#011#01117  フィルター情報: #011フィルターの実行時 ID:#01167062 #011レイヤー名:#011#011受信/承諾 #011レイヤーの実行時 ID:#01144
Feb  5 09:03:13  192.168.11.101[MSWinEventLog#0110#011Security#011-#011月] 05 09:03:13 2024#0115156#011Microsoft-Windows-Security-Auditing#011-#011N/A#011-#011192.168.11.101#011-#011Windows フィルターリング プラットフォームで、接続が許可されました。  アプリケーション情報: #011プロセス ID:#011#011972 #011アプリケーション名:#011\device\harddiskvolume4\diasys\system\diasysglobalcard.exe  ネットワーク情報: #011方向:#011#011#011着信 #011送信元アドレス:#011#011192.168.11.141 #011ソース ポート:#011#01152495 #011宛先アドレス:#011#011224.168.1.1 #011宛先ポート:#011#01159680 #011プロトコル:#011#01117  フィルター情報: #011フィルターの実行時 ID:#01167062 #011レイヤー名:#011#011受信/承諾 #011レイヤーの実行時 ID:#01144
Feb  5 09:03:13  192.168.11.101[MSWinEventLog#0110#011Security#011-#011月] message repeated 6 times: [05 09:03:13 2024#0115156#011Microsoft-Windows-Security-Auditing#011-#011N/A#011-#011192.168.11.101#011-#011Windows フィルターリング プラットフォームで、接続が許可されました。  アプリケーション情報: #011プロセス ID:#011#011972 #011アプリケーション名:#011\device\harddiskvolume4\diasys\system\diasysglobalcard.exe  ネットワーク情報: #011方向:#011#011#011着信 #011送信元アドレス:#011#011192.168.11.141 #011ソース ポート:#011#01152495 #011宛先アドレス:#011#011224.168.1.1 #011宛先ポート:#011#01159680 #011プロトコル:#011#01117  フィルター情報: #011フィルターの実行時 ID:#01167062 #011レイヤー名:#011#011受信/承諾 #011レイヤーの実行時 ID:#01144]
Feb  5 09:03:13  192.168.11.101[MSWinEventLog#0110#011Security#011-#011月] 05 09:03:13 2024#0115156#011Microsoft-Windows-Security-Auditing#011-#011N/A#011-#011192.168.11.101#011-#011Windows フィルターリング プラットフォームで、接続が許可されました。  アプリケーション情報: #011プロセス ID:#011#011972 #011アプリケーション名:#011\device\harddiskvolume4\diasys\system\diasysglobalcard.exe  ネットワーク情報: #011方向:#011#011#011着信 #011送信元アドレス:#011#011192.168.11.141 #011ソース ポート:#011#01152483 #011宛先アドレス:#011#011224.168.1.1 #011宛先ポート:#011#01159680 #011プロトコル:#011#01117  フィルター情報: #011フィルターの実行時 ID:#01167062 #011レイヤー名:#011#011受信/承諾 #011レイヤーの実行時 ID:#01144
Feb  5 09:03:13  192.168.11.101[MSWinEventLog#0110#011Security#011-#011月] message repeated 3 times: [05 09:03:13 2024#0115156#011Microsoft-Windows-Security-Auditing#011-#011N/A#011-#011192.168.11.101#011-#011Windows フィルターリング プラットフォームで、接続が許可されました。  アプリケーション情報: #011プロセス ID:#011#011972 #011アプリケーション名:#011\device\harddiskvolume4\diasys\system\diasysglobalcard.exe  ネットワーク情報: #011方向:#011#011#011着信 #011送信元アドレス:#011#011192.168.11.141 #011ソース ポート:#011#01152483 #011宛先アドレス:#011#011224.168.1.1 #011宛先ポート:#011#01159680 #011プロトコル:#011#01117  フィルター情報: #011フィルターの実行時 ID:#01167062 #011レイヤー名:#011#011受信/承諾 #011レイヤーの実行時 ID:#01144]
Feb  5 09:03:13  192.168.11.101[MSWinEventLog#0110#011Security#011-#011月] 05 09:03:13 2024#0115156#011Microsoft-Windows-Security-Auditing#011-#011N/A#011-#011192.168.11.101#011-#011Windows フィルターリング プラットフォームで、接続が許可されました。  アプリケーション情報: #011プロセス ID:#011#011972 #011アプリケーション名:#011\device\harddiskvolume4\diasys\system\diasysglobalcard.exe  ネットワーク情報: #011方向:#011#011#011着信 #011送信元アドレス:#011#011192.168.11.50 #011ソース ポート:#011#01149668 #011宛先アドレス:#011#011224.168.1.1 #011宛先ポート:#011#01159680 #011プロトコル:#011#01117  フィルター情報: #011フィルターの実行時 ID:#01167062 #011レイヤー名:#011#011受信/承諾 #011レイヤーの実行時 ID:#01144
Feb  5 09:03:13  192.168.11.101[MSWinEventLog#0110#011Security#011-#011月] 05 09:03:13 2024#0115156#011Microsoft-Windows-Security-Auditing#011-#011N/A#011-#011192.168.11.101#011-#011Windows フィルターリング プラットフォームで、接続が許可されました。  アプリケーション情報: #011プロセス ID:#011#011972 #011アプリケーション名:#011\device\harddiskvolume4\diasys\system\diasysglobalcard.exe  ネットワーク情報: #011方向:#011#011#011着信 #011送信元アドレス:#011#011192.168.11.20 #011ソース ポート:#011#01149700 #011宛先アドレス:#011#011224.168.1.1 #011宛先ポート:#011#01159680 #011プロトコル:#011#01117  フィルター情報: #011フィルターの実行時 ID:#01167062 #011レイヤー名:#011#011受信/承諾 #011レイヤーの実行時 ID:#01144
Feb  5 09:03:13  192.168.11.101[MSWinEventLog#0110#011Security#011-#011月] 05 09:03:13 2024#0115156#011Microsoft-Windows-Security-Auditing#011-#011N/A#011-#011192.168.11.101#011-#011Windows フィルターリング プラットフォームで、接続が許可されました。  アプリケーション情報: #011プロセス ID:#011#011972 #011アプリケーション名:#011\device\harddiskvolume4\diasys\system\diasysglobalcard.exe  ネットワーク情報: #011方向:#011#011#011着信 #011送信元アドレス:#011#011192.168.11.18 #011ソース ポート:#011#01149701 #011宛先アドレス:#011#011224.168.1.1 #011宛先ポート:#011#01159680 #011プロトコル:#011#01117  フィルター情報: #011フィルターの実行時 ID:#01167062 #011レイヤー名:#011#011受信/承諾 #011レイヤーの実行時 ID:#01144
Feb  5 09:03:13  192.168.11.101[MSWinEventLog#0110#011Security#011-#011月] 05 09:03:13 2024#0115156#011Microsoft-Windows-Security-Auditing#011-#011N/A#011-#011192.168.11.101#011-#011Windows フィルターリング プラットフォームで、接続が許可されました。  アプリケーション情報: #011プロセス ID:#011#0112972 #011アプリケーション名:#011\device\harddiskvolume4\diasys\wsmanager.exe  ネットワーク情報: #011方向:#011#011#011着信 #011送信元アドレス:#011#011192.168.11.26 #011ソース ポート:#011#01149691 #011宛先アドレス:#011#011224.168.1.2 #011宛先ポート:#011#01159660 #011プロトコル:#011#01117  フィルター情報: #011フィルターの実行時 ID:#01167062 #011レイヤー名:#011#011受信/承諾 #011レイヤーの実行時 ID:#01144
Feb  5 09:03:13  192.168.11.101[MSWinEventLog#0110#011Security#011-#011月] 05 09:03:13 2024#0115156#011Microsoft-Windows-Security-Auditing#011-#011N/A#011-#011192.168.11.101#011-#011Windows フィルターリング プラットフォームで、接続が許可されました。  アプリケーション情報: #011プロセス ID:#011#011972 #011アプリケーション名:#011\device\harddiskvolume4\diasys\system\diasysglobalcard.exe  ネットワーク情報: #011方向:#011#011#011着信 #011送信元アドレス:#011#011192.168.11.22 #011ソース ポート:#011#01149696 #011宛先アドレス:#011#011224.168.1.1 #011宛先ポート:#011#01159680 #011プロトコル:#011#01117  フィルター情報: #011フィルターの実行時 ID:#01167062 #011レイヤー名:#011#011受信/承諾 #011レイヤーの実行時 ID:#01144
Feb  5 09:03:13  192.168.11.101[MSWinEventLog#0110#011Security#011-#011月] 05 09:03:13 2024#0115156#011Microsoft-Windows-Security-Auditing#011-#011N/A#011-#011192.168.11.101#011-#011Windows フィルターリング プラットフォームで、接続が許可されました。  アプリケーション情報: #011プロセス ID:#011#011972 #011アプリケーション名:#011\device\harddiskvolume4\diasys\system\diasysglobalcard.exe  ネットワーク情報: #011方向:#011#011#011着信 #011送信元アドレス:#011#011192.168.11.24 #011ソース ポート:#011#01149708 #011宛先アドレス:#011#011224.168.1.1 #011宛先ポート:#011#01159680 #011プロトコル:#011#01117  フィルター情報: #011フィルターの実行時 ID:#01167062 #011レイヤー名:#011#011受信/承諾 #011レイヤーの実行時 ID:#01144
Feb  5 09:03:12  192.168.11.101[MSWinEventLog#0110#011Security#011-#011月] 05 09:03:12 2024#0115156#011Microsoft-Windows-Security-Auditing#011-#011N/A#011-#011192.168.11.101#011-#011Windows フィルターリング プラットフォームで、接続が許可されました。  アプリケーション情報: #011プロセス ID:#011#0112972 #011アプリケーション名:#011\device\harddiskvolume4\diasys\wsmanager.exe  ネットワーク情報: #011方向:#011#011#011着信 #011送信元アドレス:#011#011192.168.11.20 #011ソース ポート:#011#01149703 #011宛先アドレス:#011#011224.168.1.2 #011宛先ポート:#011#01159660 #011プロトコル:#011#01117  フィルター情報: #011フィルターの実行時 ID:#01167062 #011レイヤー名:#011#011受信/承諾 #011レイヤーの実行時 ID:#01144
Feb  5 09:03:12  192.168.11.101[MSWinEventLog#0110#011Security#011-#011月] 05 09:03:12 2024#0115156#011Microsoft-Windows-Security-Auditing#011-#011N/A#011-#011192.168.11.101#011-#011Windows フィルターリング プラットフォームで、接続が許可されました。  アプリケーション情報: #011プロセス ID:#011#011972 #011アプリケーション名:#011\device\harddiskvolume4\diasys\system\diasysglobalcard.exe  ネットワーク情報: #011方向:#011#011#011着信 #011送信元アドレス:#011#011192.168.11.101 #011ソース ポート:#011#01152487 #011宛先アドレス:#011#011224.168.1.1 #011宛先ポート:#011#01159680 #011プロトコル:#011#01117  フィルター情報: #011フィルターの実行時 ID:#01165841 #011レイヤー名:#011#011受信/承諾 #011レイヤーの実行時 ID:#01144
Feb  5 09:03:12  192.168.11.101[MSWinEventLog#0110#011Security#011-#011月] 05 09:03:12 2024#0114703#011Microsoft-Windows-Security-Auditing#011-#011N/A#011-#011192.168.11.101#011-#011A token right was adjusted.  Subject: #011Security ID:#011#011S-1-5-21-796759982-425631752-4269433831-1001 #011Account Name:#011#011J1 #011Account Domain:#011#011OPS11 #011Logon ID:#011#0110x28DA7  Target Account: #011Security ID:#011#011S-1-0-0 #011Account Name:#011#011J1 #011Account Domain:#011#011OPS11 #011Logon ID:#011#0110x28DA7  Process Information: #011Process ID:#011#0110x3cc #011Process Name:#011#011C:\diasys\system\DIASYSGlobalCard.exe  Enabled Privileges: #011#011#011-  Disabled Privileges: #011#011#011SeDebugPrivilege
Feb  5 09:03:12  192.168.11.101[MSWinEventLog#0110#011Security#011-#011月] 05 09:03:12 2024#0114658#011Microsoft-Windows-Security-Auditing#011-#011N/A#011-#011192.168.11.101#011-#011オブジェクトに対するハンドルが閉じました。  サブジェクト: #011セキュリティ ID:#011#011S-1-5-21-796759982-425631752-4269433831-1001 #011アカウント名:#011#011J1 #011アカウント ドメイン:#011#011OPS11 #011ログオン ID:#011#0110x28DA7  オブジェクト: #011オブジェクト サーバー:#011#011Security #011ハンドル ID:#011#0110x7d4  プロセス情報: #011プロセス ID:#011#0110x3cc #011プロセス名:#011#011C:\diasys\system\DIASYSGlobalCard.exe
Feb  5 09:03:12  192.168.11.101[MSWinEventLog#0110#011Security#011-#011月] 05 09:03:12 2024#0114663#011Microsoft-Windows-Security-Auditing#011J1#011N/A#011-#011192.168.11.101#011-#011オブジェクトへのアクセスが試行されました。  サブジェクト: #011セキュリティ ID:#011#011S-1-5-21-796759982-425631752-4269433831-1001 #011アカウント名:#011#011J1 #011アカウント ドメイン:#011#011OPS11 #011ログオン ID:#011#0110x28DA7  オブジェクト: #011オブジェクト サーバー:#011#011Security #011オブジェクトの種類:#011#011Process #011オブジェクト名:#011#011\Device\HarddiskVolume4\Windows\System32\lsass.exe #011ハンドル ID:#011#0110x7d4 #011リソース属性:#011-  プロセス情報: #011プロセス ID:#011#0110x3cc #011プロセス名:#011#011C:\diasys\system\DIASYSGlobalCard.exe  アクセス要求情報: #011アクセス:#011#011プロセス メモリからの読み取り #011#011#011#011 #011アクセス マスク:#011#0110x10
Feb  5 09:03:12  192.168.11.101[MSWinEventLog#0110#011Security#011-#011月] 05 09:03:12 2024#0114656#011Microsoft-Windows-Security-Auditing#011J1#011N/A#011-#011192.168.11.101#011-#011オブジェクトに対するハンドルが要求されました。  サブジェクト: #011セキュリティ ID:#011#011S-1-5-21-796759982-425631752-4269433831-1001 #011アカウント名:#011#011J1 #011アカウント ドメイン:#011#011OPS11 #011ログオン ID:#011#0110x28DA7  オブジェクト: #011オブジェクト サーバー:#011#011Security #011オブジェクトの種類:#011#011Process #011オブジェクト名:#011#011\Device\HarddiskVolume4\Windows\System32\lsass.exe #011ハンドル ID:#011#0110x7d4 #011リソース属性:#011-  プロセス情報: #011プロセス ID:#011#0110x3cc #011プロセス名:#011#011C:\diasys\system\DIASYSGlobalCard.exe  アクセス要求情報: #011トランザクション ID:#011#011{00000000-0000-0000-0000-000000000000} #011アクセス:#011#011プロセス メモリからの読み取り #011#011#011#011プロセス情報の照会 #011#011#011#011未定義のアクセス (影響なし) ビット 12 #011#011#011#011 #011アクセス理由:#011#011- #011アクセス マスク:#011#0110x1410 #011アクセスの確認に使用した特権:#011- #011制限された SID 数:#0110
Feb  5 09:03:12  192.168.11.101[MSWinEventLog#0110#011Security#011-#011月] 05 09:03:12 2024#0114658#011Microsoft-Windows-Security-Auditing#011-#011N/A#011-#011192.168.11.101#011-#011オブジェクトに対するハンドルが閉じました。  サブジェクト: #011セキュリティ ID:#011#011S-1-5-21-796759982-425631752-4269433831-1001 #011アカウント名:#011#011J1 #011アカウント ドメイン:#011#011OPS11 #011ログオン ID:#011#0110x28DA7  オブジェクト: #011オブジェクト サーバー:#011#011Security #011ハンドル ID:#011#0110x1328  プロセス情報: #011プロセス ID:#011#0110x3cc #011プロセス名:#011#011C:\diasys\system\DIASYSGlobalCard.exe
Feb  5 09:03:12  192.168.11.101[MSWinEventLog#0110#011Security#011-#011月] 05 09:03:12 2024#0114690#011Microsoft-Windows-Security-Auditing#011-#011N/A#011-#011192.168.11.101#011-#011オブジェクトに対するハンドルの複製が試行されました。  サブジェクト: #011セキュリティ ID:#011#011S-1-5-21-796759982-425631752-4269433831-1001 #011アカウント名:#011#011J1 #011アカウント ドメイン:#011#011OPS11 #011ログオン ID:#011#0110x28DA7  複製元ハンドル情報: #011複製元ハンドル ID:#0110x7d4 #011複製元プロセス ID:#0110x3cc  新しいハンドル情報: #011複製先ハンドル ID:#0110x1328 #011複製先プロセス ID:#0110x4
Feb  5 09:03:12  192.168.11.101[MSWinEventLog#0110#011Security#011-#011月] 05 09:03:12 2024#0114703#011Microsoft-Windows-Security-Auditing#011-#011N/A#011-#011192.168.11.101#011-#011A token right was adjusted.  Subject: #011Security ID:#011#011S-1-5-21-796759982-425631752-4269433831-1001 #011Account Name:#011#011J1 #011Account Domain:#011#011OPS11 #011Logon ID:#011#0110x28DA7  Target Account: #011Security ID:#011#011S-1-0-0 #011Account Name:#011#011J1 #011Account Domain:#011#011OPS11 #011Logon ID:#011#0110x28DA7  Process Information: #011Process ID:#011#0110x3cc #011Process Name:#011#011C:\diasys\system\DIASYSGlobalCard.exe  Enabled Privileges: #011#011#011SeDebugPrivilege  Disabled Privileges: #011#011#011-
Feb  5 09:03:12  192.168.11.101[MSWinEventLog#0110#011Security#011-#011月] 05 09:03:12 2024#0115156#011Microsoft-Windows-Security-Auditing#011-#011N/A#011-#011192.168.11.101#011-#011Windows フィルターリング プラットフォームで、接続が許可されました。  アプリケーション情報: #011プロセス ID:#011#0112972 #011アプリケーション名:#011\device\harddiskvolume4\diasys\wsmanager.exe  ネットワーク情報: #011方向:#011#011#011着信 #011送信元アドレス:#011#011192.168.11.22 #011ソース ポート:#011#01149697 #011宛先アドレス:#011#011224.168.1.2 #011宛先ポート:#011#01159660 #011プロトコル:#011#01117  フィルター情報: #011フィルターの実行時 ID:#01167062 #011レイヤー名:#011#011受信/承諾 #011レイヤーの実行時 ID:#01144
Feb  5 23:57:18  LOG360SVR[MSWinEventLog#0110#011Security#011-#011月] 05 23:57:18 2024#0114672#011Microsoft-Windows-Security-Auditing#011SYSTEM#011N/A#011-#011LOG360SVR#011-#011新しいログオンに特権が割り当てられました。  サブジェクト: #011セキュリティ ID:#011#011S-1-5-18 #011アカウント名:#011#011SYSTEM #011アカウント ドメイン:#011#011NT AUTHORITY #011ログオン ID:#011#0110x3E7  特権:#011#011SeAssignPrimaryTokenPrivilege #011#011#011SeTcbPrivilege #011#011#011SeSecurityPrivilege #011#011#011SeTakeOwnershipPrivilege #011#011#011SeLoadDriverPrivilege #011#011#011SeBackupPrivilege #011#011#011SeRestorePrivilege #011#011#011SeDebugPrivilege #011#011#011SeAuditPrivilege #011#011#011SeSystemEnvironmentPrivilege #011#011#011SeImpersonatePrivilege #011#011#011SeDelegateSessionUserImpersonatePrivilege
Feb  6 00:07:12  LOG360SVR[MSWinEventLog#0110#011System#011-#011火] 06 00:07:12 2024#0119008#011nhi#011-#011N/A#011-#011LOG360SVR#011-#011Driver exit RTD3.  All the connected devices will now cause DeviceConnected events.
Feb  6 00:07:12  LOG360SVR[MSWinEventLog#0110#011System#011-#011火] 06 00:07:12 2024#0119007#011nhi#011-#011N/A#011-#011LOG360SVR#011-#011The driver entered RTD3.  All the connected devices will be removed from driver's internal state, so it is expected that DeviceDisconnected events will happen.
Feb  6 00:07:07  LOG360SVR[MSWinEventLog#0110#011System#011-#011火] 06 00:07:07 2024#0119008#011nhi#011-#011N/A#011-#011LOG360SVR#011-#011Driver exit RTD3.  All the connected devices will now cause DeviceConnected events.
Feb  6 00:07:07  LOG360SVR[MSWinEventLog#0110#011System#011-#011火] 06 00:07:07 2024#0119007#011nhi#011-#011N/A#011-#011LOG360SVR#011-#011The driver entered RTD3.  All the connected devices will be removed from driver's internal state, so it is expected that DeviceDisconnected events will happen.
Feb  6 00:07:01  LOG360SVR[MSWinEventLog#0110#011System#011-#011火] 06 00:07:01 2024#0119008#011nhi#011-#011N/A#011-#011LOG360SVR#011-#011Driver exit RTD3.  All the connected devices will now cause DeviceConnected events.
Feb  6 00:07:01  LOG360SVR[MSWinEventLog#0110#011System#011-#011火] 06 00:07:01 2024#0119007#011nhi#011-#011N/A#011-#011LOG360SVR#011-#011The driver entered RTD3.  All the connected devices will be removed from driver's internal state, so it is expected that DeviceDisconnected events will happen.
Feb  6 00:06:56  LOG360SVR[MSWinEventLog#0110#011System#011-#011火] 06 00:06:56 2024#0119008#011nhi#011-#011N/A#011-#011LOG360SVR#011-#011Driver exit RTD3.  All the connected devices will now cause DeviceConnected events.
Feb  6 00:06:56  LOG360SVR[MSWinEventLog#0110#011System#011-#011火] 06 00:06:56 2024#0119007#011nhi#011-#011N/A#011-#011LOG360SVR#011-#011The driver entered RTD3.  All the connected devices will be removed from driver's internal state, so it is expected that DeviceDisconnected events will happen.
Feb  6 00:06:50  LOG360SVR[MSWinEventLog#0110#011System#011-#011火] 06 00:06:50 2024#0119008#011nhi#011-#011N/A#011-#011LOG360SVR#011-#011Driver exit RTD3.  All the connected devices will now cause DeviceConnected events.
Feb  6 00:06:50  LOG360SVR[MSWinEventLog#0110#011System#011-#011火] 06 00:06:50 2024#0119007#011nhi#011-#011N/A#011-#011LOG360SVR#011-#011The driver entered RTD3.  All the connected devices will be removed from driver's internal state, so it is expected that DeviceDisconnected events will happen.
Feb  6 00:06:45  LOG360SVR[MSWinEventLog#0110#011System#011-#011火] 06 00:06:45 2024#0119008#011nhi#011-#011N/A#011-#011LOG360SVR#011-#011Driver exit RTD3.  All the connected devices will now cause DeviceConnected events.
Feb  6 00:06:45  LOG360SVR[MSWinEventLog#0110#011System#011-#011火] 06 00:06:45 2024#0119007#011nhi#011-#011N/A#011-#011LOG360SVR#011-#011The driver entered RTD3.  All the connected devices will be removed from driver's internal state, so it is expected that DeviceDisconnected events will happen.
Feb  6 00:06:40  LOG360SVR[MSWinEventLog#0110#011System#011-#011火] 06 00:06:40 2024#0119008#011nhi#011-#011N/A#011-#011LOG360SVR#011-#011Driver exit RTD3.  All the connected devices will now cause DeviceConnected events.
Feb  6 00:06:39  LOG360SVR[MSWinEventLog#0110#011System#011-#011火] 06 00:06:39 2024#0119007#011nhi#011-#011N/A#011-#011LOG360SVR#011-#011The driver entered RTD3.  All the connected devices will be removed from driver's internal state, so it is expected that DeviceDisconnected events will happen.
Feb  6 00:06:34  LOG360SVR[MSWinEventLog#0110#011System#011-#011火] 06 00:06:34 2024#0119008#011nhi#011-#011N/A#011-#011LOG360SVR#011-#011Driver exit RTD3.  All the connected devices will now cause DeviceConnected events.
Feb  6 00:06:34  LOG360SVR[MSWinEventLog#0110#011System#011-#011火] 06 00:06:34 2024#0119007#011nhi#011-#011N/A#011-#011LOG360SVR#011-#011The driver entered RTD3.  All the connected devices will be removed from driver's internal state, so it is expected that DeviceDisconnected events will happen.
Feb  6 00:06:29  LOG360SVR[MSWinEventLog#0110#011System#011-#011火] 06 00:06:29 2024#0119008#011nhi#011-#011N/A#011-#011LOG360SVR#011-#011Driver exit RTD3.  All the connected devices will now cause DeviceConnected events.
Feb  6 00:06:29  LOG360SVR[MSWinEventLog#0110#011System#011-#011火] 06 00:06:29 2024#0119007#011nhi#011-#011N/A#011-#011LOG360SVR#011-#011The driver entered RTD3.  All the connected devices will be removed from driver's internal state, so it is expected that DeviceDisconnected events will happen.
Feb  6 00:06:23  LOG360SVR[MSWinEventLog#0110#011System#011-#011火] 06 00:06:23 2024#0119008#011nhi#011-#011N/A#011-#011LOG360SVR#011-#011Driver exit RTD3.  All the connected devices will now cause DeviceConnected events.
Feb  6 00:06:23  LOG360SVR[MSWinEventLog#0110#011System#011-#011火] 06 00:06:23 2024#0119007#011nhi#011-#011N/A#011-#011LOG360SVR#011-#011The driver entered RTD3.  All the connected devices will be removed from driver's internal state, so it is expected that DeviceDisconnected events will happen.
Feb  6 00:06:18  LOG360SVR[MSWinEventLog#0110#011System#011-#011火] 06 00:06:18 2024#0119008#011nhi#011-#011N/A#011-#011LOG360SVR#011-#011Driver exit RTD3.  All the connected devices will now cause DeviceConnected events.
Feb  6 00:06:18  LOG360SVR[MSWinEventLog#0110#011System#011-#011火] 06 00:06:18 2024#0119007#011nhi#011-#011N/A#011-#011LOG360SVR#011-#011The driver entered RTD3.  All the connected devices will be removed from driver's internal state, so it is expected that DeviceDisconnected events will happen.
Feb  6 00:06:12  LOG360SVR[MSWinEventLog#0110#011System#011-#011火] 06 00:06:12 2024#0119008#011nhi#011-#011N/A#011-#011LOG360SVR#011-#011Driver exit RTD3.  All the connected devices will now cause DeviceConnected events.
Feb  6 00:06:12  LOG360SVR[MSWinEventLog#0110#011System#011-#011火] 06 00:06:12 2024#0119007#011nhi#011-#011N/A#011-#011LOG360SVR#011-#011The driver entered RTD3.  All the connected devices will be removed from driver's internal state, so it is expected that DeviceDisconnected events will happen.
Feb  6 00:06:07  LOG360SVR[MSWinEventLog#0110#011System#011-#011火] 06 00:06:07 2024#0119008#011nhi#011-#011N/A#011-#011LOG360SVR#011-#011Driver exit RTD3.  All the connected devices will now cause DeviceConnected events.
Feb  6 00:06:07  LOG360SVR[MSWinEventLog#0110#011System#011-#011火] 06 00:06:07 2024#0119007#011nhi#011-#011N/A#011-#011LOG360SVR#011-#011The driver entered RTD3.  All the connected devices will be removed from driver's internal state, so it is expected that DeviceDisconnected events will happen.
Feb  6 00:06:02  LOG360SVR[MSWinEventLog#0110#011System#011-#011火] 06 00:06:02 2024#0119008#011nhi#011-#011N/A#011-#011LOG360SVR#011-#011Driver exit RTD3.  All the connected devices will now cause DeviceConnected events.
Feb  6 00:06:01  LOG360SVR[MSWinEventLog#0110#011System#011-#011火] 06 00:06:01 2024#0119007#011nhi#011-#011N/A#011-#011LOG360SVR#011-#011The driver entered RTD3.  All the connected devices will be removed from driver's internal state, so it is expected that DeviceDisconnected events will happen.
Feb  6 00:05:56  LOG360SVR[MSWinEventLog#0110#011System#011-#011火] 06 00:05:56 2024#0119008#011nhi#011-#011N/A#011-#011LOG360SVR#011-#011Driver exit RTD3.  All the connected devices will now cause DeviceConnected events.
Feb  6 00:05:56  LOG360SVR[MSWinEventLog#0110#011System#011-#011火] 06 00:05:56 2024#0119007#011nhi#011-#011N/A#011-#011LOG360SVR#011-#011The driver entered RTD3.  All the connected devices will be removed from driver's internal state, so it is expected that DeviceDisconnected events will happen.
Feb  6 00:05:51  LOG360SVR[MSWinEventLog#0110#011System#011-#011火] 06 00:05:51 2024#0119008#011nhi#011-#011N/A#011-#011LOG360SVR#011-#011Driver exit RTD3.  All the connected devices will now cause DeviceConnected events.
Feb  6 00:05:51  LOG360SVR[MSWinEventLog#0110#011System#011-#011火] 06 00:05:51 2024#0119007#011nhi#011-#011N/A#011-#011LOG360SVR#011-#011The driver entered RTD3.  All the connected devices will be removed from driver's internal state, so it is expected that DeviceDisconnected events will happen.
Feb  6 00:05:45  LOG360SVR[MSWinEventLog#0110#011System#011-#011火] 06 00:05:45 2024#0119008#011nhi#011-#011N/A#011-#011LOG360SVR#011-#011Driver exit RTD3.  All the connected devices will now cause DeviceConnected events.
Feb  6 00:05:45  LOG360SVR[MSWinEventLog#0110#011System#011-#011火] 06 00:05:45 2024#0119007#011nhi#011-#011N/A#011-#011LOG360SVR#011-#011The driver entered RTD3.  All the connected devices will be removed from driver's internal state, so it is expected that DeviceDisconnected events will happen.
Feb  6 00:05:40  LOG360SVR[MSWinEventLog#0110#011System#011-#011火] 06 00:05:40 2024#0119008#011nhi#011-#011N/A#011-#011LOG360SVR#011-#011Driver exit RTD3.  All the connected devices will now cause DeviceConnected events.
Feb  6 00:05:40  LOG360SVR[MSWinEventLog#0110#011System#011-#011火] 06 00:05:40 2024#0119007#011nhi#011-#011N/A#011-#011LOG360SVR#011-#011The driver entered RTD3.  All the connected devices will be removed from driver's internal state, so it is expected that DeviceDisconnected events will happen.
Feb  6 00:05:34  LOG360SVR[MSWinEventLog#0110#011System#011-#011火] 06 00:05:34 2024#0119008#011nhi#011-#011N/A#011-#011LOG360SVR#011-#011Driver exit RTD3.  All the connected devices will now cause DeviceConnected events.
Feb  6 00:05:34  LOG360SVR[MSWinEventLog#0110#011System#011-#011火] 06 00:05:34 2024#0119007#011nhi#011-#011N/A#011-#011LOG360SVR#011-#011The driver entered RTD3.  All the connected devices will be removed from driver's internal state, so it is expected that DeviceDisconnected events will happen.
Feb  6 00:05:29  LOG360SVR[MSWinEventLog#0110#011System#011-#011火] 06 00:05:29 2024#0119008#011nhi#011-#011N/A#011-#011LOG360SVR#011-#011Driver exit RTD3.  All the connected devices will now cause DeviceConnected events.
Feb  6 00:05:29  LOG360SVR[MSWinEventLog#0110#011System#011-#011火] 06 00:05:29 2024#0119007#011nhi#011-#011N/A#011-#011LOG360SVR#011-#011The driver entered RTD3.  All the connected devices will be removed from driver's internal state, so it is expected that DeviceDisconnected events will happen.
Feb  6 00:05:23  LOG360SVR[MSWinEventLog#0110#011System#011-#011火] 06 00:05:23 2024#0119008#011nhi#011-#011N/A#011-#011LOG360SVR#011-#011Driver exit RTD3.  All the connected devices will now cause DeviceConnected events.
Feb  6 00:05:23  LOG360SVR[MSWinEventLog#0110#011System#011-#011火] 06 00:05:23 2024#0119007#011nhi#011-#011N/A#011-#011LOG360SVR#011-#011The driver entered RTD3.  All the connected devices will be removed from driver's internal state, so it is expected that DeviceDisconnected events will happen.
Feb  6 00:05:18  LOG360SVR[MSWinEventLog#0110#011System#011-#011火] 06 00:05:18 2024#0119008#011nhi#011-#011N/A#011-#011LOG360SVR#011-#011Driver exit RTD3.  All the connected devices will now cause DeviceConnected events.
Feb  6 00:05:18  LOG360SVR[MSWinEventLog#0110#011System#011-#011火] 06 00:05:18 2024#0119007#011nhi#011-#011N/A#011-#011LOG360SVR#011-#011The driver entered RTD3.  All the connected devices will be removed from driver's internal state, so it is expected that DeviceDisconnected events will happen.
Feb  6 00:05:13  LOG360SVR[MSWinEventLog#0110#011System#011-#011火] 06 00:05:13 2024#0119008#011nhi#011-#011N/A#011-#011LOG360SVR#011-#011Driver exit RTD3.  All the connected devices will now cause DeviceConnected events.
Feb  6 00:05:12  LOG360SVR[MSWinEventLog#0110#011System#011-#011火] 06 00:05:12 2024#0119007#011nhi#011-#011N/A#011-#011LOG360SVR#011-#011The driver entered RTD3.  All the connected devices will be removed from driver's internal state, so it is expected that DeviceDisconnected events will happen.
Feb  6 00:05:07  LOG360SVR[MSWinEventLog#0110#011System#011-#011火] 06 00:05:07 2024#0119008#011nhi#011-#011N/A#011-#011LOG360SVR#011-#011Driver exit RTD3.  All the connected devices will now cause DeviceConnected events.
Feb  6 00:05:07  LOG360SVR[MSWinEventLog#0110#011System#011-#011火] 06 00:05:07 2024#0119007#011nhi#011-#011N/A#011-#011LOG360SVR#011-#011The driver entered RTD3.  All the connected devices will be removed from driver's internal state, so it is expected that DeviceDisconnected events will happen.
Feb  6 00:05:02  LOG360SVR[MSWinEventLog#0110#011System#011-#011火] 06 00:05:02 2024#0119008#011nhi#011-#011N/A#011-#011LOG360SVR#011-#011Driver exit RTD3.  All the connected devices will now cause DeviceConnected events.
Feb  6 00:05:02  LOG360SVR[MSWinEventLog#0110#011System#011-#011火] 06 00:05:02 2024#0119007#011nhi#011-#011N/A#011-#011LOG360SVR#011-#011The driver entered RTD3.  All the connected devices will be removed from driver's internal state, so it is expected that DeviceDisconnected events will happen.
Feb  6 00:04:56  LOG360SVR[MSWinEventLog#0110#011System#011-#011火] 06 00:04:56 2024#0119008#011nhi#011-#011N/A#011-#011LOG360SVR#011-#011Driver exit RTD3.  All the connected devices will now cause DeviceConnected events.
Feb  6 00:04:56  LOG360SVR[MSWinEventLog#0110#011System#011-#011火] 06 00:04:56 2024#0119007#011nhi#011-#011N/A#011-#011LOG360SVR#011-#011The driver entered RTD3.  All the connected devices will be removed from driver's internal state, so it is expected that DeviceDisconnected events will happen.
Feb  6 00:04:51  LOG360SVR[MSWinEventLog#0110#011System#011-#011火] 06 00:04:51 2024#0119008#011nhi#011-#011N/A#011-#011LOG360SVR#011-#011Driver exit RTD3.  All the connected devices will now cause DeviceConnected events.
Feb  6 00:04:51  LOG360SVR[MSWinEventLog#0110#011System#011-#011火] 06 00:04:51 2024#0119007#011nhi#011-#011N/A#011-#011LOG360SVR#011-#011The driver entered RTD3.  All the connected devices will be removed from driver's internal state, so it is expected that DeviceDisconnected events will happen.
Feb  6 00:04:45  LOG360SVR[MSWinEventLog#0110#011System#011-#011火] 06 00:04:45 2024#0119008#011nhi#011-#011N/A#011-#011LOG360SVR#011-#011Driver exit RTD3.  All the connected devices will now cause DeviceConnected events.
Feb  6 00:04:45  LOG360SVR[MSWinEventLog#0110#011System#011-#011火] 06 00:04:45 2024#0119007#011nhi#011-#011N/A#011-#011LOG360SVR#011-#011The driver entered RTD3.  All the connected devices will be removed from driver's internal state, so it is expected that DeviceDisconnected events will happen.
Feb  6 00:04:40  LOG360SVR[MSWinEventLog#0110#011System#011-#011火] 06 00:04:40 2024#0119008#011nhi#011-#011N/A#011-#011LOG360SVR#011-#011Driver exit RTD3.  All the connected devices will now cause DeviceConnected events.
Feb  6 00:04:40  LOG360SVR[MSWinEventLog#0110#011System#011-#011火] 06 00:04:40 2024#0119007#011nhi#011-#011N/A#011-#011LOG360SVR#011-#011The driver entered RTD3.  All the connected devices will be removed from driver's internal state, so it is expected that DeviceDisconnected events will happen.
Feb  6 00:04:34  LOG360SVR[MSWinEventLog#0110#011System#011-#011火] 06 00:04:34 2024#0119007#011nhi#011-#011N/A#011-#011LOG360SVR#011-#011The driver entered RTD3.  All the connected devices will be removed from driver's internal state, so it is expected that DeviceDisconnected events will happen.
Feb  6 00:04:35  LOG360SVR[MSWinEventLog#0110#011System#011-#011火] 06 00:04:35 2024#0119008#011nhi#011-#011N/A#011-#011LOG360SVR#011-#011Driver exit RTD3.  All the connected devices will now cause DeviceConnected events.
Feb  6 00:04:29  LOG360SVR[MSWinEventLog#0110#011System#011-#011火] 06 00:04:29 2024#0119008#011nhi#011-#011N/A#011-#011LOG360SVR#011-#011Driver exit RTD3.  All the connected devices will now cause DeviceConnected events.
Feb  6 00:04:29  LOG360SVR[MSWinEventLog#0110#011System#011-#011火] 06 00:04:29 2024#0119007#011nhi#011-#011N/A#011-#011LOG360SVR#011-#011The driver entered RTD3.  All the connected devices will be removed from driver's internal state, so it is expected that DeviceDisconnected events will happen.
Feb  6 00:04:24  LOG360SVR[MSWinEventLog#0110#011System#011-#011火] 06 00:04:24 2024#0119008#011nhi#011-#011N/A#011-#011LOG360SVR#011-#011Driver exit RTD3.  All the connected devices will now cause DeviceConnected events.
Feb  6 00:04:24  LOG360SVR[MSWinEventLog#0110#011System#011-#011火] 06 00:04:24 2024#0119007#011nhi#011-#011N/A#011-#011LOG360SVR#011-#011The driver entered RTD3.  All the connected devices will be removed from driver's internal state, so it is expected that DeviceDisconnected events will happen.
Feb  6 00:04:18  LOG360SVR[MSWinEventLog#0110#011System#011-#011火] 06 00:04:18 2024#0119008#011nhi#011-#011N/A#011-#011LOG360SVR#011-#011Driver exit RTD3.  All the connected devices will now cause DeviceConnected events.
Feb  6 00:04:18  LOG360SVR[MSWinEventLog#0110#011System#011-#011火] 06 00:04:18 2024#0119007#011nhi#011-#011N/A#011-#011LOG360SVR#011-#011The driver entered RTD3.  All the connected devices will be removed from driver's internal state, so it is expected that DeviceDisconnected events will happen.
Feb  6 00:04:13  LOG360SVR[MSWinEventLog#0110#011System#011-#011火] 06 00:04:13 2024#0119008#011nhi#011-#011N/A#011-#011LOG360SVR#011-#011Driver exit RTD3.  All the connected devices will now cause DeviceConnected events.
Feb  6 00:04:13  LOG360SVR[MSWinEventLog#0110#011System#011-#011火] 06 00:04:13 2024#0119007#011nhi#011-#011N/A#011-#011LOG360SVR#011-#011The driver entered RTD3.  All the connected devices will be removed from driver's internal state, so it is expected that DeviceDisconnected events will happen.
Feb  6 00:04:07  LOG360SVR[MSWinEventLog#0110#011System#011-#011火] 06 00:04:07 2024#0119008#011nhi#011-#011N/A#011-#011LOG360SVR#011-#011Driver exit RTD3.  All the connected devices will now cause DeviceConnected events.
Feb  6 00:04:07  LOG360SVR[MSWinEventLog#0110#011System#011-#011火] 06 00:04:07 2024#0119007#011nhi#011-#011N/A#011-#011LOG360SVR#011-#011The driver entered RTD3.  All the connected devices will be removed from driver's internal state, so it is expected that DeviceDisconnected events will happen.
Feb  6 00:04:02  LOG360SVR[MSWinEventLog#0110#011System#011-#011火] 06 00:04:02 2024#0119008#011nhi#011-#011N/A#011-#011LOG360SVR#011-#011Driver exit RTD3.  All the connected devices will now cause DeviceConnected events.
Feb  6 00:03:57  LOG360SVR[MSWinEventLog#0110#011System#011-#011火] 06 00:03:57 2024#0119008#011nhi#011-#011N/A#011-#011LOG360SVR#011-#011Driver exit RTD3.  All the connected devices will now cause DeviceConnected events.
Feb  6 00:04:02  LOG360SVR[MSWinEventLog#0110#011System#011-#011火] 06 00:04:02 2024#0119007#011nhi#011-#011N/A#011-#011LOG360SVR#011-#011The driver entered RTD3.  All the connected devices will be removed from driver's internal state, so it is expected that DeviceDisconnected events will happen.
Feb  6 00:03:56  LOG360SVR[MSWinEventLog#0110#011System#011-#011火] 06 00:03:56 2024#0119007#011nhi#011-#011N/A#011-#011LOG360SVR#011-#011The driver entered RTD3.  All the connected devices will be removed from driver's internal state, so it is expected that DeviceDisconnected events will happen.
Feb  6 00:03:51  LOG360SVR[MSWinEventLog#0110#011System#011-#011火] 06 00:03:51 2024#0119008#011nhi#011-#011N/A#011-#011LOG360SVR#011-#011Driver exit RTD3.  All the connected devices will now cause DeviceConnected events.
Feb  6 00:03:51  LOG360SVR[MSWinEventLog#0110#011System#011-#011火] 06 00:03:51 2024#0119007#011nhi#011-#011N/A#011-#011LOG360SVR#011-#011The driver entered RTD3.  All the connected devices will be removed from driver's internal state, so it is expected that DeviceDisconnected events will happen.
Feb  6 00:03:46  LOG360SVR[MSWinEventLog#0110#011System#011-#011火] 06 00:03:46 2024#0119008#011nhi#011-#011N/A#011-#011LOG360SVR#011-#011Driver exit RTD3.  All the connected devices will now cause DeviceConnected events.
Feb  6 00:03:46  LOG360SVR[MSWinEventLog#0110#011System#011-#011火] 06 00:03:46 2024#0119007#011nhi#011-#011N/A#011-#011LOG360SVR#011-#011The driver entered RTD3.  All the connected devices will be removed from driver's internal state, so it is expected that DeviceDisconnected events will happen.
Feb  6 00:03:40  LOG360SVR[MSWinEventLog#0110#011System#011-#011火] 06 00:03:40 2024#0119008#011nhi#011-#011N/A#011-#011LOG360SVR#011-#011Driver exit RTD3.  All the connected devices will now cause DeviceConnected events.
Feb  6 00:03:40  LOG360SVR[MSWinEventLog#0110#011System#011-#011火] 06 00:03:40 2024#0119007#011nhi#011-#011N/A#011-#011LOG360SVR#011-#011The driver entered RTD3.  All the connected devices will be removed from driver's internal state, so it is expected that DeviceDisconnected events will happen.
Feb  6 00:03:35  LOG360SVR[MSWinEventLog#0110#011System#011-#011火] 06 00:03:35 2024#0119008#011nhi#011-#011N/A#011-#011LOG360SVR#011-#011Driver exit RTD3.  All the connected devices will now cause DeviceConnected events.
Feb  6 00:03:35  LOG360SVR[MSWinEventLog#0110#011System#011-#011火] 06 00:03:35 2024#0119007#011nhi#011-#011N/A#011-#011LOG360SVR#011-#011The driver entered RTD3.  All the connected devices will be removed from driver's internal state, so it is expected that DeviceDisconnected events will happen.
Feb  6 00:03:29  LOG360SVR[MSWinEventLog#0110#011System#011-#011火] 06 00:03:29 2024#0119008#011nhi#011-#011N/A#011-#011LOG360SVR#011-#011Driver exit RTD3.  All the connected devices will now cause DeviceConnected events.
Feb  6 00:03:29  LOG360SVR[MSWinEventLog#0110#011System#011-#011火] 06 00:03:29 2024#0119007#011nhi#011-#011N/A#011-#011LOG360SVR#011-#011The driver entered RTD3.  All the connected devices will be removed from driver's internal state, so it is expected that DeviceDisconnected events will happen.
Feb  6 00:03:24  LOG360SVR[MSWinEventLog#0110#011System#011-#011火] 06 00:03:24 2024#0119008#011nhi#011-#011N/A#011-#011LOG360SVR#011-#011Driver exit RTD3.  All the connected devices will now cause DeviceConnected events.
Feb  6 00:03:24  LOG360SVR[MSWinEventLog#0110#011System#011-#011火] 06 00:03:24 2024#0119007#011nhi#011-#011N/A#011-#011LOG360SVR#011-#011The driver entered RTD3.  All the connected devices will be removed from driver's internal state, so it is expected that DeviceDisconnected events will happen.
Feb  6 00:03:19  LOG360SVR[MSWinEventLog#0110#011System#011-#011火] 06 00:03:19 2024#0119008#011nhi#011-#011N/A#011-#011LOG360SVR#011-#011Driver exit RTD3.  All the connected devices will now cause DeviceConnected events.
Feb  6 00:03:18  LOG360SVR[MSWinEventLog#0110#011System#011-#011火] 06 00:03:18 2024#0119007#011nhi#011-#011N/A#011-#011LOG360SVR#011-#011The driver entered RTD3.  All the connected devices will be removed from driver's internal state, so it is expected that DeviceDisconnected events will happen.
Feb  6 00:03:13  LOG360SVR[MSWinEventLog#0110#011System#011-#011火] 06 00:03:13 2024#0119008#011nhi#011-#011N/A#011-#011LOG360SVR#011-#011Driver exit RTD3.  All the connected devices will now cause DeviceConnected events.
Feb  6 00:03:13  LOG360SVR[MSWinEventLog#0110#011System#011-#011火] 06 00:03:13 2024#0119007#011nhi#011-#011N/A#011-#011LOG360SVR#011-#011The driver entered RTD3.  All the connected devices will be removed from driver's internal state, so it is expected that DeviceDisconnected events will happen.
Feb  6 00:03:07  LOG360SVR[MSWinEventLog#0110#011System#011-#011火] 06 00:03:07 2024#0119007#011nhi#011-#011N/A#011-#011LOG360SVR#011-#011The driver entered RTD3.  All the connected devices will be removed from driver's internal state, so it is expected that DeviceDisconnected events will happen.
Feb  6 00:03:02  LOG360SVR[MSWinEventLog#0110#011System#011-#011火] 06 00:03:02 2024#0119008#011nhi#011-#011N/A#011-#011LOG360SVR#011-#011Driver exit RTD3.  All the connected devices will now cause DeviceConnected events.
Feb  6 00:03:02  LOG360SVR[MSWinEventLog#0110#011System#011-#011火] 06 00:03:02 2024#0119007#011nhi#011-#011N/A#011-#011LOG360SVR#011-#011The driver entered RTD3.  All the connected devices will be removed from driver's internal state, so it is expected that DeviceDisconnected events will happen.
Feb  6 00:02:57  LOG360SVR[MSWinEventLog#0110#011System#011-#011火] 06 00:02:57 2024#0119008#011nhi#011-#011N/A#011-#011LOG360SVR#011-#011Driver exit RTD3.  All the connected devices will now cause DeviceConnected events.
Feb  6 00:02:57  LOG360SVR[MSWinEventLog#0110#011System#011-#011火] 06 00:02:57 2024#0119007#011nhi#011-#011N/A#011-#011LOG360SVR#011-#011The driver entered RTD3.  All the connected devices will be removed from driver's internal state, so it is expected that DeviceDisconnected events will happen.
Feb  6 00:02:51  LOG360SVR[MSWinEventLog#0110#011System#011-#011火] 06 00:02:51 2024#0119008#011nhi#011-#011N/A#011-#011LOG360SVR#011-#011Driver exit RTD3.  All the connected devices will now cause DeviceConnected events.
Feb  6 00:02:51  LOG360SVR[MSWinEventLog#0110#011System#011-#011火] 06 00:02:51 2024#0119007#011nhi#011-#011N/A#011-#011LOG360SVR#011-#011The driver entered RTD3.  All the connected devices will be removed from driver's internal state, so it is expected that DeviceDisconnected events will happen.
Feb  6 00:02:46  LOG360SVR[MSWinEventLog#0110#011System#011-#011火] 06 00:02:46 2024#0119008#011nhi#011-#011N/A#011-#011LOG360SVR#011-#011Driver exit RTD3.  All the connected devices will now cause DeviceConnected events.
Feb  6 00:02:46  LOG360SVR[MSWinEventLog#0110#011System#011-#011火] 06 00:02:46 2024#0119007#011nhi#011-#011N/A#011-#011LOG360SVR#011-#011The driver entered RTD3.  All the connected devices will be removed from driver's internal state, so it is expected that DeviceDisconnected events will happen.
Feb  6 00:02:40  LOG360SVR[MSWinEventLog#0110#011System#011-#011火] 06 00:02:40 2024#0119007#011nhi#011-#011N/A#011-#011LOG360SVR#011-#011The driver entered RTD3.  All the connected devices will be removed from driver's internal state, so it is expected that DeviceDisconnected events will happen.
Feb  6 00:02:40  LOG360SVR[MSWinEventLog#0110#011System#011-#011火] 06 00:02:40 2024#0119008#011nhi#011-#011N/A#011-#011LOG360SVR#011-#011Driver exit RTD3.  All the connected devices will now cause DeviceConnected events.
Feb  6 00:02:35  LOG360SVR[MSWinEventLog#0110#011System#011-#011火] 06 00:02:35 2024#0119008#011nhi#011-#011N/A#011-#011LOG360SVR#011-#011Driver exit RTD3.  All the connected devices will now cause DeviceConnected events.
Feb  6 00:02:35  LOG360SVR[MSWinEventLog#0110#011System#011-#011火] 06 00:02:35 2024#0119007#011nhi#011-#011N/A#011-#011LOG360SVR#011-#011The driver entered RTD3.  All the connected devices will be removed from driver's internal state, so it is expected that DeviceDisconnected events will happen.
Feb  6 00:02:30  LOG360SVR[MSWinEventLog#0110#011System#011-#011火] 06 00:02:30 2024#0119008#011nhi#011-#011N/A#011-#011LOG360SVR#011-#011Driver exit RTD3.  All the connected devices will now cause DeviceConnected events.
Feb  6 00:02:29  LOG360SVR[MSWinEventLog#0110#011System#011-#011火] 06 00:02:29 2024#0119007#011nhi#011-#011N/A#011-#011LOG360SVR#011-#011The driver entered RTD3.  All the connected devices will be removed from driver's internal state, so it is expected that DeviceDisconnected events will happen.
Feb  6 00:02:24  LOG360SVR[MSWinEventLog#0110#011System#011-#011火] 06 00:02:24 2024#0119008#011nhi#011-#011N/A#011-#011LOG360SVR#011-#011Driver exit RTD3.  All the connected devices will now cause DeviceConnected events.
Feb  6 00:02:24  LOG360SVR[MSWinEventLog#0110#011System#011-#011火] 06 00:02:24 2024#0119007#011nhi#011-#011N/A#011-#011LOG360SVR#011-#011The driver entered RTD3.  All the connected devices will be removed from driver's internal state, so it is expected that DeviceDisconnected events will happen.
Feb  6 00:02:19  LOG360SVR[MSWinEventLog#0110#011System#011-#011火] 06 00:02:19 2024#0119008#011nhi#011-#011N/A#011-#011LOG360SVR#011-#011Driver exit RTD3.  All the connected devices will now cause DeviceConnected events.
Feb  6 00:02:19  LOG360SVR[MSWinEventLog#0110#011System#011-#011火] 06 00:02:19 2024#0119007#011nhi#011-#011N/A#011-#011LOG360SVR#011-#011The driver entered RTD3.  All the connected devices will be removed from driver's internal state, so it is expected that DeviceDisconnected events will happen.
Feb  6 00:02:13  LOG360SVR[MSWinEventLog#0110#011System#011-#011火] 06 00:02:13 2024#0119008#011nhi#011-#011N/A#011-#011LOG360SVR#011-#011Driver exit RTD3.  All the connected devices will now cause DeviceConnected events.
Feb  6 00:02:13  LOG360SVR[MSWinEventLog#0110#011System#011-#011火] 06 00:02:13 2024#0119007#011nhi#011-#011N/A#011-#011LOG360SVR#011-#011The driver entered RTD3.  All the connected devices will be removed from driver's internal state, so it is expected that DeviceDisconnected events will happen.
Feb  6 00:02:08  LOG360SVR[MSWinEventLog#0110#011System#011-#011火] 06 00:02:08 2024#0119008#011nhi#011-#011N/A#011-#011LOG360SVR#011-#011Driver exit RTD3.  All the connected devices will now cause DeviceConnected events.
Feb  6 00:02:08  LOG360SVR[MSWinEventLog#0110#011System#011-#011火] 06 00:02:08 2024#0119007#011nhi#011-#011N/A#011-#011LOG360SVR#011-#011The driver entered RTD3.  All the connected devices will be removed from driver's internal state, so it is expected that DeviceDisconnected events will happen.
Feb  6 00:02:02  LOG360SVR[MSWinEventLog#0110#011System#011-#011火] 06 00:02:02 2024#0119008#011nhi#011-#011N/A#011-#011LOG360SVR#011-#011Driver exit RTD3.  All the connected devices will now cause DeviceConnected events.
Feb  6 00:02:02  LOG360SVR[MSWinEventLog#0110#011System#011-#011火] 06 00:02:02 2024#0119007#011nhi#011-#011N/A#011-#011LOG360SVR#011-#011The driver entered RTD3.  All the connected devices will be removed from driver's internal state, so it is expected that DeviceDisconnected events will happen.
Feb  6 00:01:57  LOG360SVR[MSWinEventLog#0110#011System#011-#011火] 06 00:01:57 2024#0119008#011nhi#011-#011N/A#011-#011LOG360SVR#011-#011Driver exit RTD3.  All the connected devices will now cause DeviceConnected events.
Feb  6 00:01:57  LOG360SVR[MSWinEventLog#0110#011System#011-#011火] 06 00:01:57 2024#0119007#011nhi#011-#011N/A#011-#011LOG360SVR#011-#011The driver entered RTD3.  All the connected devices will be removed from driver's internal state, so it is expected that DeviceDisconnected events will happen.
Feb  6 00:01:52  LOG360SVR[MSWinEventLog#0110#011System#011-#011火] 06 00:01:52 2024#0119008#011nhi#011-#011N/A#011-#011LOG360SVR#011-#011Driver exit RTD3.  All the connected devices will now cause DeviceConnected events.
Feb  6 00:01:51  LOG360SVR[MSWinEventLog#0110#011System#011-#011火] 06 00:01:51 2024#0119007#011nhi#011-#011N/A#011-#011LOG360SVR#011-#011The driver entered RTD3.  All the connected devices will be removed from driver's internal state, so it is expected that DeviceDisconnected events will happen.
Feb  6 00:01:46  LOG360SVR[MSWinEventLog#0110#011System#011-#011火] 06 00:01:46 2024#0119008#011nhi#011-#011N/A#011-#011LOG360SVR#011-#011Driver exit RTD3.  All the connected devices will now cause DeviceConnected events.
Feb  6 00:01:46  LOG360SVR[MSWinEventLog#0110#011System#011-#011火] 06 00:01:46 2024#0119007#011nhi#011-#011N/A#011-#011LOG360SVR#011-#011The driver entered RTD3.  All the connected devices will be removed from driver's internal state, so it is expected that DeviceDisconnected events will happen.
Feb  6 00:01:41  LOG360SVR[MSWinEventLog#0110#011System#011-#011火] 06 00:01:41 2024#0119008#011nhi#011-#011N/A#011-#011LOG360SVR#011-#011Driver exit RTD3.  All the connected devices will now cause DeviceConnected events.
